[2022-05-12 10:02:18] local.INFO: Logging in vendor, starting at: 10:02:18:738315  
[2022-05-12 10:02:49] local.INFO: Initiating registeration process, starting at: 10:02:49:425450  
[2022-05-12 10:02:49] local.ERROR: Auth Exception: The name field is required., The phone field is required., The email field is required., The password field is required.  
[2022-05-12 10:07:59] local.INFO: Logging in vendor, starting at: 10:07:59:146280  
[2022-05-12 10:13:43] local.INFO: Initiating registeration process, starting at: 10:13:43:732049  
[2022-05-12 10:13:43] local.INFO: Vendor creation started!  
[2022-05-12 10:13:43] local.INFO: Vendor registered successfully with email id: ven2@mail.com and phone number: 2323232323  
[2022-05-12 10:14:05] local.INFO: Logging in vendor, starting at: 10:14:05:991945  
[2022-05-12 10:14:14] local.INFO: Logging in vendor, starting at: 10:14:14:864866  
[2022-05-12 10:14:37] local.INFO: Logging in vendor, starting at: 10:14:37:566702  
[2022-05-12 10:15:07] local.INFO: Logging in vendor, starting at: 10:15:07:108218  
[2022-05-12 10:15:57] local.INFO: Logging in vendor, starting at: 10:15:57:874013  
[2022-05-12 10:17:49] local.INFO: Logging in vendor, starting at: 10:17:49:863975  
[2022-05-12 10:19:46] local.INFO: Logging in, starting at: 10:19:46:918791  
[2022-05-12 10:19:47] local.INFO: Login Successful!  
[2022-05-12 13:03:35] local.ERROR: Enquiry fetching failed: SQLSTATE[42S22]: Column not found: 1054 Unknown column 'vendor_id' in 'where clause' (SQL: select * from `customer_enquiries` where `vendor_id` = 4 and `customer_enquiries`.`deleted_at` is null)  
[2022-05-12 13:07:20] local.ERROR: Enquiry fetching failed: SQLSTATE[42S22]: Column not found: 1054 Unknown column 'orders.customer_enquiry_id' in 'field list' (SQL: select `vendors`.*, `orders`.`customer_enquiry_id` as `laravel_through_key` from `vendors` inner join `orders` on `orders`.`id` = `vendors`.`order_id` where `orders`.`customer_enquiry_id` in (1) and `vendors`.`deleted_at` is null and `orders`.`deleted_at` is null)  
[2022-05-12 13:08:35] local.ERROR: Enquiry fetching failed: SQLSTATE[42S22]: Column not found: 1054 Unknown column 'vendors.customer_enquiry_id' in 'field list' (SQL: select `orders`.*, `vendors`.`customer_enquiry_id` as `laravel_through_key` from `orders` inner join `vendors` on `vendors`.`id` = `orders`.`vendor_id` where `vendors`.`customer_enquiry_id` in (1) and `orders`.`deleted_at` is null and `vendors`.`deleted_at` is null)  
[2022-05-12 13:58:50] local.ERROR: Quotation fetching failed: SQLSTATE[42S22]: Column not found: 1054 Unknown column 'product_name' in 'where clause' (SQL: select * from `vendor_quotations` where `status` = 1 and `vendor_id` = 4 and `customer_enquiry_id` = 1 and (`product_name` like %milk% or `category_name` like %milk%))  
[2022-05-12 13:58:59] local.ERROR: Quotation fetching failed: SQLSTATE[42S22]: Column not found: 1054 Unknown column 'product_name' in 'where clause' (SQL: select * from `vendor_quotations` where `status` = 1 and `vendor_id` = 4 and `customer_enquiry_id` = 1 and (`product_name` like %milk%))  
[2022-05-12 15:54:04] local.INFO: Initiating registeration process, starting at: 15:54:04:741316  
[2022-05-12 15:54:04] local.INFO: Vendor creation started!  
[2022-05-12 16:45:59] local.INFO: Logging in, starting at: 16:45:59:913074  
[2022-05-12 16:46:00] local.INFO: Login Successful!  
[2022-05-12 16:46:16] local.ERROR: ErrorException: Trying to get property 'currency_symbol' of non-object in E:\xampp\htdocs\packult-web\app\Http\Controllers\Backend\OrderController.php:78
Stack trace:
#0 E:\xampp\htdocs\packult-web\app\Http\Controllers\Backend\OrderController.php(78): Illuminate\Foundation\Bootstrap\HandleExceptions->handleError(8, 'Trying to get p...', 'E:\\xampp\\htdocs...', 78, Array)
#1 E:\xampp\htdocs\packult-web\vendor\yajra\laravel-datatables-oracle\src\Utilities\Helper.php(65): App\Http\Controllers\Backend\OrderController->App\Http\Controllers\Backend\{closure}(Object(App\Models\Order))
#2 E:\xampp\htdocs\packult-web\vendor\yajra\laravel-datatables-oracle\src\Processors\DataProcessor.php(156): Yajra\DataTables\Utilities\Helper::compileContent(Object(Closure), Array, Object(App\Models\Order))
#3 E:\xampp\htdocs\packult-web\vendor\yajra\laravel-datatables-oracle\src\Processors\DataProcessor.php(107): Yajra\DataTables\Processors\DataProcessor->editColumns(Array, Object(App\Models\Order))
#4 E:\xampp\htdocs\packult-web\vendor\yajra\laravel-datatables-oracle\src\DataTableAbstract.php(806): Yajra\DataTables\Processors\DataProcessor->process(true)
#5 E:\xampp\htdocs\packult-web\vendor\yajra\laravel-datatables-oracle\src\QueryDataTable.php(102): Yajra\DataTables\DataTableAbstract->processResults(Object(Illuminate\Database\Eloquent\Collection), true)
#6 E:\xampp\htdocs\packult-web\app\Http\Controllers\Backend\OrderController.php(120): Yajra\DataTables\QueryDataTable->make(true)
#7 E:\xampp\htdocs\packult-web\vendor\laravel\framework\src\Illuminate\Routing\Controller.php(54): App\Http\Controllers\Backend\OrderController->fetch(Object(Illuminate\Http\Request))
#8 E:\xampp\htdocs\packult-web\vendor\laravel\framework\src\Illuminate\Routing\ControllerDispatcher.php(45): Illuminate\Routing\Controller->callAction('fetch', Array)
#9 E:\xampp\htdocs\packult-web\vendor\laravel\framework\src\Illuminate\Routing\Route.php(262): Illuminate\Routing\ControllerDispatcher->dispatch(Object(Illuminate\Routing\Route), Object(App\Http\Controllers\Backend\OrderController), 'fetch')
#10 E:\xampp\htdocs\packult-web\vendor\laravel\framework\src\Illuminate\Routing\Route.php(205): Illuminate\Routing\Route->runController()
#11 E:\xampp\htdocs\packult-web\vendor\laravel\framework\src\Illuminate\Routing\Router.php(721): Illuminate\Routing\Route->run()
#12 E:\xampp\htdocs\packult-web\vendor\laravel\framework\src\Illuminate\Pipeline\Pipeline.php(128): Illuminate\Routing\Router->Illuminate\Routing\{closure}(Object(Illuminate\Http\Request))
#13 E:\xampp\htdocs\packult-web\app\Http\Middleware\CustomAuth.php(35): Illuminate\Pipeline\Pipeline->Illuminate\Pipeline\{closure}(Object(Illuminate\Http\Request))
#14 E:\xampp\htdocs\packult-web\vendor\laravel\framework\src\Illuminate\Pipeline\Pipeline.php(167): App\Http\Middleware\CustomAuth->handle(Object(Illuminate\Http\Request), Object(Closure))
#15 E:\xampp\htdocs\packult-web\vendor\laravel\framework\src\Illuminate\Routing\Middleware\SubstituteBindings.php(50): Illuminate\Pipeline\Pipeline->Illuminate\Pipeline\{closure}(Object(Illuminate\Http\Request))
#16 E:\xampp\htdocs\packult-web\vendor\laravel\framework\src\Illuminate\Pipeline\Pipeline.php(167): Illuminate\Routing\Middleware\SubstituteBindings->handle(Object(Illuminate\Http\Request), Object(Closure))
#17 E:\xampp\htdocs\packult-web\vendor\laravel\framework\src\Illuminate\Foundation\Http\Middleware\VerifyCsrfToken.php(78): Illuminate\Pipeline\Pipeline->Illuminate\Pipeline\{closure}(Object(Illuminate\Http\Request))
#18 E:\xampp\htdocs\packult-web\vendor\laravel\framework\src\Illuminate\Pipeline\Pipeline.php(167): Illuminate\Foundation\Http\Middleware\VerifyCsrfToken->handle(Object(Illuminate\Http\Request), Object(Closure))
#19 E:\xampp\htdocs\packult-web\vendor\laravel\framework\src\Illuminate\View\Middleware\ShareErrorsFromSession.php(49): Illuminate\Pipeline\Pipeline->Illuminate\Pipeline\{closure}(Object(Illuminate\Http\Request))
#20 E:\xampp\htdocs\packult-web\vendor\laravel\framework\src\Illuminate\Pipeline\Pipeline.php(167): Illuminate\View\Middleware\ShareErrorsFromSession->handle(Object(Illuminate\Http\Request), Object(Closure))
#21 E:\xampp\htdocs\packult-web\vendor\laravel\framework\src\Illuminate\Session\Middleware\StartSession.php(121): Illuminate\Pipeline\Pipeline->Illuminate\Pipeline\{closure}(Object(Illuminate\Http\Request))
#22 E:\xampp\htdocs\packult-web\vendor\laravel\framework\src\Illuminate\Session\Middleware\StartSession.php(64): Illuminate\Session\Middleware\StartSession->handleStatefulRequest(Object(Illuminate\Http\Request), Object(Illuminate\Session\Store), Object(Closure))
#23 E:\xampp\htdocs\packult-web\vendor\laravel\framework\src\Illuminate\Pipeline\Pipeline.php(167): Illuminate\Session\Middleware\StartSession->handle(Object(Illuminate\Http\Request), Object(Closure))
#24 E:\xampp\htdocs\packult-web\vendor\laravel\framework\src\Illuminate\Cookie\Middleware\AddQueuedCookiesToResponse.php(37): Illuminate\Pipeline\Pipeline->Illuminate\Pipeline\{closure}(Object(Illuminate\Http\Request))
#25 E:\xampp\htdocs\packult-web\vendor\laravel\framework\src\Illuminate\Pipeline\Pipeline.php(167): Illuminate\Cookie\Middleware\AddQueuedCookiesToResponse->handle(Object(Illuminate\Http\Request), Object(Closure))
#26 E:\xampp\htdocs\packult-web\vendor\laravel\framework\src\Illuminate\Cookie\Middleware\EncryptCookies.php(67): Illuminate\Pipeline\Pipeline->Illuminate\Pipeline\{closure}(Object(Illuminate\Http\Request))
#27 E:\xampp\htdocs\packult-web\vendor\laravel\framework\src\Illuminate\Pipeline\Pipeline.php(167): Illuminate\Cookie\Middleware\EncryptCookies->handle(Object(Illuminate\Http\Request), Object(Closure))
#28 E:\xampp\htdocs\packult-web\vendor\laravel\framework\src\Illuminate\Pipeline\Pipeline.php(103): Illuminate\Pipeline\Pipeline->Illuminate\Pipeline\{closure}(Object(Illuminate\Http\Request))
#29 E:\xampp\htdocs\packult-web\vendor\laravel\framework\src\Illuminate\Routing\Router.php(723): Illuminate\Pipeline\Pipeline->then(Object(Closure))
#30 E:\xampp\htdocs\packult-web\vendor\laravel\framework\src\Illuminate\Routing\Router.php(698): Illuminate\Routing\Router->runRouteWithinStack(Object(Illuminate\Routing\Route), Object(Illuminate\Http\Request))
#31 E:\xampp\htdocs\packult-web\vendor\laravel\framework\src\Illuminate\Routing\Router.php(662): Illuminate\Routing\Router->runRoute(Object(Illuminate\Http\Request), Object(Illuminate\Routing\Route))
#32 E:\xampp\htdocs\packult-web\vendor\laravel\framework\src\Illuminate\Routing\Router.php(651): Illuminate\Routing\Router->dispatchToRoute(Object(Illuminate\Http\Request))
#33 E:\xampp\htdocs\packult-web\vendor\laravel\framework\src\Illuminate\Foundation\Http\Kernel.php(167): Illuminate\Routing\Router->dispatch(Object(Illuminate\Http\Request))
#34 E:\xampp\htdocs\packult-web\vendor\laravel\framework\src\Illuminate\Pipeline\Pipeline.php(128): Illuminate\Foundation\Http\Kernel->Illuminate\Foundation\Http\{closure}(Object(Illuminate\Http\Request))
#35 E:\xampp\htdocs\packult-web\vendor\laravel\framework\src\Illuminate\Foundation\Http\Middleware\TransformsRequest.php(21): Illuminate\Pipeline\Pipeline->Illuminate\Pipeline\{closure}(Object(Illuminate\Http\Request))
#36 E:\xampp\htdocs\packult-web\vendor\laravel\framework\src\Illuminate\Foundation\Http\Middleware\ConvertEmptyStringsToNull.php(31): Illuminate\Foundation\Http\Middleware\TransformsRequest->handle(Object(Illuminate\Http\Request), Object(Closure))
#37 E:\xampp\htdocs\packult-web\vendor\laravel\framework\src\Illuminate\Pipeline\Pipeline.php(167): Illuminate\Foundation\Http\Middleware\ConvertEmptyStringsToNull->handle(Object(Illuminate\Http\Request), Object(Closure))
#38 E:\xampp\htdocs\packult-web\vendor\laravel\framework\src\Illuminate\Foundation\Http\Middleware\TransformsRequest.php(21): Illuminate\Pipeline\Pipeline->Illuminate\Pipeline\{closure}(Object(Illuminate\Http\Request))
#39 E:\xampp\htdocs\packult-web\vendor\laravel\framework\src\Illuminate\Foundation\Http\Middleware\TrimStrings.php(40): Illuminate\Foundation\Http\Middleware\TransformsRequest->handle(Object(Illuminate\Http\Request), Object(Closure))
#40 E:\xampp\htdocs\packult-web\vendor\laravel\framework\src\Illuminate\Pipeline\Pipeline.php(167): Illuminate\Foundation\Http\Middleware\TrimStrings->handle(Object(Illuminate\Http\Request), Object(Closure))
#41 E:\xampp\htdocs\packult-web\vendor\laravel\framework\src\Illuminate\Foundation\Http\Middleware\ValidatePostSize.php(27): Illuminate\Pipeline\Pipeline->Illuminate\Pipeline\{closure}(Object(Illuminate\Http\Request))
#42 E:\xampp\htdocs\packult-web\vendor\laravel\framework\src\Illuminate\Pipeline\Pipeline.php(167): Illuminate\Foundation\Http\Middleware\ValidatePostSize->handle(Object(Illuminate\Http\Request), Object(Closure))
#43 E:\xampp\htdocs\packult-web\vendor\laravel\framework\src\Illuminate\Foundation\Http\Middleware\PreventRequestsDuringMaintenance.php(86): Illuminate\Pipeline\Pipeline->Illuminate\Pipeline\{closure}(Object(Illuminate\Http\Request))
#44 E:\xampp\htdocs\packult-web\vendor\laravel\framework\src\Illuminate\Pipeline\Pipeline.php(167): Illuminate\Foundation\Http\Middleware\PreventRequestsDuringMaintenance->handle(Object(Illuminate\Http\Request), Object(Closure))
#45 E:\xampp\htdocs\packult-web\vendor\fruitcake\laravel-cors\src\HandleCors.php(38): Illuminate\Pipeline\Pipeline->Illuminate\Pipeline\{closure}(Object(Illuminate\Http\Request))
#46 E:\xampp\htdocs\packult-web\vendor\laravel\framework\src\Illuminate\Pipeline\Pipeline.php(167): Fruitcake\Cors\HandleCors->handle(Object(Illuminate\Http\Request), Object(Closure))
#47 E:\xampp\htdocs\packult-web\vendor\fideloper\proxy\src\TrustProxies.php(57): Illuminate\Pipeline\Pipeline->Illuminate\Pipeline\{closure}(Object(Illuminate\Http\Request))
#48 E:\xampp\htdocs\packult-web\vendor\laravel\framework\src\Illuminate\Pipeline\Pipeline.php(167): Fideloper\Proxy\TrustProxies->handle(Object(Illuminate\Http\Request), Object(Closure))
#49 E:\xampp\htdocs\packult-web\vendor\laravel\framework\src\Illuminate\Pipeline\Pipeline.php(103): Illuminate\Pipeline\Pipeline->Illuminate\Pipeline\{closure}(Object(Illuminate\Http\Request))
#50 E:\xampp\htdocs\packult-web\vendor\laravel\framework\src\Illuminate\Foundation\Http\Kernel.php(142): Illuminate\Pipeline\Pipeline->then(Object(Closure))
#51 E:\xampp\htdocs\packult-web\vendor\laravel\framework\src\Illuminate\Foundation\Http\Kernel.php(111): Illuminate\Foundation\Http\Kernel->sendRequestThroughRouter(Object(Illuminate\Http\Request))
#52 E:\xampp\htdocs\packult-web\public\index.php(52): Illuminate\Foundation\Http\Kernel->handle(Object(Illuminate\Http\Request))
#53 E:\xampp\htdocs\packult-web\index.php(21): require_once('E:\\xampp\\htdocs...')
#54 {main}  
[2022-05-12 16:51:10] local.ERROR: ErrorException: Trying to get property 'currency_symbol' of non-object in E:\xampp\htdocs\packult-web\app\Http\Controllers\Backend\OrderController.php:78
Stack trace:
#0 E:\xampp\htdocs\packult-web\app\Http\Controllers\Backend\OrderController.php(78): Illuminate\Foundation\Bootstrap\HandleExceptions->handleError(8, 'Trying to get p...', 'E:\\xampp\\htdocs...', 78, Array)
#1 E:\xampp\htdocs\packult-web\vendor\yajra\laravel-datatables-oracle\src\Utilities\Helper.php(65): App\Http\Controllers\Backend\OrderController->App\Http\Controllers\Backend\{closure}(Object(App\Models\Order))
#2 E:\xampp\htdocs\packult-web\vendor\yajra\laravel-datatables-oracle\src\Processors\DataProcessor.php(156): Yajra\DataTables\Utilities\Helper::compileContent(Object(Closure), Array, Object(App\Models\Order))
#3 E:\xampp\htdocs\packult-web\vendor\yajra\laravel-datatables-oracle\src\Processors\DataProcessor.php(107): Yajra\DataTables\Processors\DataProcessor->editColumns(Array, Object(App\Models\Order))
#4 E:\xampp\htdocs\packult-web\vendor\yajra\laravel-datatables-oracle\src\DataTableAbstract.php(806): Yajra\DataTables\Processors\DataProcessor->process(true)
#5 E:\xampp\htdocs\packult-web\vendor\yajra\laravel-datatables-oracle\src\QueryDataTable.php(102): Yajra\DataTables\DataTableAbstract->processResults(Object(Illuminate\Database\Eloquent\Collection), true)
#6 E:\xampp\htdocs\packult-web\app\Http\Controllers\Backend\OrderController.php(120): Yajra\DataTables\QueryDataTable->make(true)
#7 E:\xampp\htdocs\packult-web\vendor\laravel\framework\src\Illuminate\Routing\Controller.php(54): App\Http\Controllers\Backend\OrderController->fetch(Object(Illuminate\Http\Request))
#8 E:\xampp\htdocs\packult-web\vendor\laravel\framework\src\Illuminate\Routing\ControllerDispatcher.php(45): Illuminate\Routing\Controller->callAction('fetch', Array)
#9 E:\xampp\htdocs\packult-web\vendor\laravel\framework\src\Illuminate\Routing\Route.php(262): Illuminate\Routing\ControllerDispatcher->dispatch(Object(Illuminate\Routing\Route), Object(App\Http\Controllers\Backend\OrderController), 'fetch')
#10 E:\xampp\htdocs\packult-web\vendor\laravel\framework\src\Illuminate\Routing\Route.php(205): Illuminate\Routing\Route->runController()
#11 E:\xampp\htdocs\packult-web\vendor\laravel\framework\src\Illuminate\Routing\Router.php(721): Illuminate\Routing\Route->run()
#12 E:\xampp\htdocs\packult-web\vendor\laravel\framework\src\Illuminate\Pipeline\Pipeline.php(128): Illuminate\Routing\Router->Illuminate\Routing\{closure}(Object(Illuminate\Http\Request))
#13 E:\xampp\htdocs\packult-web\app\Http\Middleware\CustomAuth.php(35): Illuminate\Pipeline\Pipeline->Illuminate\Pipeline\{closure}(Object(Illuminate\Http\Request))
#14 E:\xampp\htdocs\packult-web\vendor\laravel\framework\src\Illuminate\Pipeline\Pipeline.php(167): App\Http\Middleware\CustomAuth->handle(Object(Illuminate\Http\Request), Object(Closure))
#15 E:\xampp\htdocs\packult-web\vendor\laravel\framework\src\Illuminate\Routing\Middleware\SubstituteBindings.php(50): Illuminate\Pipeline\Pipeline->Illuminate\Pipeline\{closure}(Object(Illuminate\Http\Request))
#16 E:\xampp\htdocs\packult-web\vendor\laravel\framework\src\Illuminate\Pipeline\Pipeline.php(167): Illuminate\Routing\Middleware\SubstituteBindings->handle(Object(Illuminate\Http\Request), Object(Closure))
#17 E:\xampp\htdocs\packult-web\vendor\laravel\framework\src\Illuminate\Foundation\Http\Middleware\VerifyCsrfToken.php(78): Illuminate\Pipeline\Pipeline->Illuminate\Pipeline\{closure}(Object(Illuminate\Http\Request))
#18 E:\xampp\htdocs\packult-web\vendor\laravel\framework\src\Illuminate\Pipeline\Pipeline.php(167): Illuminate\Foundation\Http\Middleware\VerifyCsrfToken->handle(Object(Illuminate\Http\Request), Object(Closure))
#19 E:\xampp\htdocs\packult-web\vendor\laravel\framework\src\Illuminate\View\Middleware\ShareErrorsFromSession.php(49): Illuminate\Pipeline\Pipeline->Illuminate\Pipeline\{closure}(Object(Illuminate\Http\Request))
#20 E:\xampp\htdocs\packult-web\vendor\laravel\framework\src\Illuminate\Pipeline\Pipeline.php(167): Illuminate\View\Middleware\ShareErrorsFromSession->handle(Object(Illuminate\Http\Request), Object(Closure))
#21 E:\xampp\htdocs\packult-web\vendor\laravel\framework\src\Illuminate\Session\Middleware\StartSession.php(121): Illuminate\Pipeline\Pipeline->Illuminate\Pipeline\{closure}(Object(Illuminate\Http\Request))
#22 E:\xampp\htdocs\packult-web\vendor\laravel\framework\src\Illuminate\Session\Middleware\StartSession.php(64): Illuminate\Session\Middleware\StartSession->handleStatefulRequest(Object(Illuminate\Http\Request), Object(Illuminate\Session\Store), Object(Closure))
#23 E:\xampp\htdocs\packult-web\vendor\laravel\framework\src\Illuminate\Pipeline\Pipeline.php(167): Illuminate\Session\Middleware\StartSession->handle(Object(Illuminate\Http\Request), Object(Closure))
#24 E:\xampp\htdocs\packult-web\vendor\laravel\framework\src\Illuminate\Cookie\Middleware\AddQueuedCookiesToResponse.php(37): Illuminate\Pipeline\Pipeline->Illuminate\Pipeline\{closure}(Object(Illuminate\Http\Request))
#25 E:\xampp\htdocs\packult-web\vendor\laravel\framework\src\Illuminate\Pipeline\Pipeline.php(167): Illuminate\Cookie\Middleware\AddQueuedCookiesToResponse->handle(Object(Illuminate\Http\Request), Object(Closure))
#26 E:\xampp\htdocs\packult-web\vendor\laravel\framework\src\Illuminate\Cookie\Middleware\EncryptCookies.php(67): Illuminate\Pipeline\Pipeline->Illuminate\Pipeline\{closure}(Object(Illuminate\Http\Request))
#27 E:\xampp\htdocs\packult-web\vendor\laravel\framework\src\Illuminate\Pipeline\Pipeline.php(167): Illuminate\Cookie\Middleware\EncryptCookies->handle(Object(Illuminate\Http\Request), Object(Closure))
#28 E:\xampp\htdocs\packult-web\vendor\laravel\framework\src\Illuminate\Pipeline\Pipeline.php(103): Illuminate\Pipeline\Pipeline->Illuminate\Pipeline\{closure}(Object(Illuminate\Http\Request))
#29 E:\xampp\htdocs\packult-web\vendor\laravel\framework\src\Illuminate\Routing\Router.php(723): Illuminate\Pipeline\Pipeline->then(Object(Closure))
#30 E:\xampp\htdocs\packult-web\vendor\laravel\framework\src\Illuminate\Routing\Router.php(698): Illuminate\Routing\Router->runRouteWithinStack(Object(Illuminate\Routing\Route), Object(Illuminate\Http\Request))
#31 E:\xampp\htdocs\packult-web\vendor\laravel\framework\src\Illuminate\Routing\Router.php(662): Illuminate\Routing\Router->runRoute(Object(Illuminate\Http\Request), Object(Illuminate\Routing\Route))
#32 E:\xampp\htdocs\packult-web\vendor\laravel\framework\src\Illuminate\Routing\Router.php(651): Illuminate\Routing\Router->dispatchToRoute(Object(Illuminate\Http\Request))
#33 E:\xampp\htdocs\packult-web\vendor\laravel\framework\src\Illuminate\Foundation\Http\Kernel.php(167): Illuminate\Routing\Router->dispatch(Object(Illuminate\Http\Request))
#34 E:\xampp\htdocs\packult-web\vendor\laravel\framework\src\Illuminate\Pipeline\Pipeline.php(128): Illuminate\Foundation\Http\Kernel->Illuminate\Foundation\Http\{closure}(Object(Illuminate\Http\Request))
#35 E:\xampp\htdocs\packult-web\vendor\laravel\framework\src\Illuminate\Foundation\Http\Middleware\TransformsRequest.php(21): Illuminate\Pipeline\Pipeline->Illuminate\Pipeline\{closure}(Object(Illuminate\Http\Request))
#36 E:\xampp\htdocs\packult-web\vendor\laravel\framework\src\Illuminate\Foundation\Http\Middleware\ConvertEmptyStringsToNull.php(31): Illuminate\Foundation\Http\Middleware\TransformsRequest->handle(Object(Illuminate\Http\Request), Object(Closure))
#37 E:\xampp\htdocs\packult-web\vendor\laravel\framework\src\Illuminate\Pipeline\Pipeline.php(167): Illuminate\Foundation\Http\Middleware\ConvertEmptyStringsToNull->handle(Object(Illuminate\Http\Request), Object(Closure))
#38 E:\xampp\htdocs\packult-web\vendor\laravel\framework\src\Illuminate\Foundation\Http\Middleware\TransformsRequest.php(21): Illuminate\Pipeline\Pipeline->Illuminate\Pipeline\{closure}(Object(Illuminate\Http\Request))
#39 E:\xampp\htdocs\packult-web\vendor\laravel\framework\src\Illuminate\Foundation\Http\Middleware\TrimStrings.php(40): Illuminate\Foundation\Http\Middleware\TransformsRequest->handle(Object(Illuminate\Http\Request), Object(Closure))
#40 E:\xampp\htdocs\packult-web\vendor\laravel\framework\src\Illuminate\Pipeline\Pipeline.php(167): Illuminate\Foundation\Http\Middleware\TrimStrings->handle(Object(Illuminate\Http\Request), Object(Closure))
#41 E:\xampp\htdocs\packult-web\vendor\laravel\framework\src\Illuminate\Foundation\Http\Middleware\ValidatePostSize.php(27): Illuminate\Pipeline\Pipeline->Illuminate\Pipeline\{closure}(Object(Illuminate\Http\Request))
#42 E:\xampp\htdocs\packult-web\vendor\laravel\framework\src\Illuminate\Pipeline\Pipeline.php(167): Illuminate\Foundation\Http\Middleware\ValidatePostSize->handle(Object(Illuminate\Http\Request), Object(Closure))
#43 E:\xampp\htdocs\packult-web\vendor\laravel\framework\src\Illuminate\Foundation\Http\Middleware\PreventRequestsDuringMaintenance.php(86): Illuminate\Pipeline\Pipeline->Illuminate\Pipeline\{closure}(Object(Illuminate\Http\Request))
#44 E:\xampp\htdocs\packult-web\vendor\laravel\framework\src\Illuminate\Pipeline\Pipeline.php(167): Illuminate\Foundation\Http\Middleware\PreventRequestsDuringMaintenance->handle(Object(Illuminate\Http\Request), Object(Closure))
#45 E:\xampp\htdocs\packult-web\vendor\fruitcake\laravel-cors\src\HandleCors.php(38): Illuminate\Pipeline\Pipeline->Illuminate\Pipeline\{closure}(Object(Illuminate\Http\Request))
#46 E:\xampp\htdocs\packult-web\vendor\laravel\framework\src\Illuminate\Pipeline\Pipeline.php(167): Fruitcake\Cors\HandleCors->handle(Object(Illuminate\Http\Request), Object(Closure))
#47 E:\xampp\htdocs\packult-web\vendor\fideloper\proxy\src\TrustProxies.php(57): Illuminate\Pipeline\Pipeline->Illuminate\Pipeline\{closure}(Object(Illuminate\Http\Request))
#48 E:\xampp\htdocs\packult-web\vendor\laravel\framework\src\Illuminate\Pipeline\Pipeline.php(167): Fideloper\Proxy\TrustProxies->handle(Object(Illuminate\Http\Request), Object(Closure))
#49 E:\xampp\htdocs\packult-web\vendor\laravel\framework\src\Illuminate\Pipeline\Pipeline.php(103): Illuminate\Pipeline\Pipeline->Illuminate\Pipeline\{closure}(Object(Illuminate\Http\Request))
#50 E:\xampp\htdocs\packult-web\vendor\laravel\framework\src\Illuminate\Foundation\Http\Kernel.php(142): Illuminate\Pipeline\Pipeline->then(Object(Closure))
#51 E:\xampp\htdocs\packult-web\vendor\laravel\framework\src\Illuminate\Foundation\Http\Kernel.php(111): Illuminate\Foundation\Http\Kernel->sendRequestThroughRouter(Object(Illuminate\Http\Request))
#52 E:\xampp\htdocs\packult-web\public\index.php(52): Illuminate\Foundation\Http\Kernel->handle(Object(Illuminate\Http\Request))
#53 E:\xampp\htdocs\packult-web\index.php(21): require_once('E:\\xampp\\htdocs...')
#54 {main}  
[2022-05-12 17:03:32] local.INFO: Initiating registeration process, starting at: 17:03:32:981851  
[2022-05-12 17:03:32] local.INFO: Vendor creation started!  
[2022-05-12 17:03:33] local.INFO: Vendor registered successfully with email id: ven5@mail.com and phone number: 5555555555  
[2022-05-12 17:04:45] local.INFO: Logging in vendor, starting at: 17:04:45:930121  
[2022-05-12 17:05:28] local.INFO: Logging in vendor, starting at: 17:05:28:779880  
[2022-05-12 17:05:44] local.INFO: Logging in vendor, starting at: 17:05:44:193612  
[2022-05-12 17:05:55] local.INFO: Logging in vendor, starting at: 17:05:55:864867  
[2022-05-12 17:12:16] local.ERROR: ErrorException: Trying to get property 'packaging_material_name' of non-object in E:\xampp\htdocs\packult-web\app\Http\Controllers\Backend\OrderController.php:90
Stack trace:
#0 E:\xampp\htdocs\packult-web\app\Http\Controllers\Backend\OrderController.php(90): Illuminate\Foundation\Bootstrap\HandleExceptions->handleError(8, 'Trying to get p...', 'E:\\xampp\\htdocs...', 90, Array)
#1 E:\xampp\htdocs\packult-web\vendor\yajra\laravel-datatables-oracle\src\Utilities\Helper.php(65): App\Http\Controllers\Backend\OrderController->App\Http\Controllers\Backend\{closure}(Object(App\Models\Order))
#2 E:\xampp\htdocs\packult-web\vendor\yajra\laravel-datatables-oracle\src\Processors\DataProcessor.php(156): Yajra\DataTables\Utilities\Helper::compileContent(Object(Closure), Array, Object(App\Models\Order))
#3 E:\xampp\htdocs\packult-web\vendor\yajra\laravel-datatables-oracle\src\Processors\DataProcessor.php(107): Yajra\DataTables\Processors\DataProcessor->editColumns(Array, Object(App\Models\Order))
#4 E:\xampp\htdocs\packult-web\vendor\yajra\laravel-datatables-oracle\src\DataTableAbstract.php(806): Yajra\DataTables\Processors\DataProcessor->process(true)
#5 E:\xampp\htdocs\packult-web\vendor\yajra\laravel-datatables-oracle\src\QueryDataTable.php(102): Yajra\DataTables\DataTableAbstract->processResults(Object(Illuminate\Database\Eloquent\Collection), true)
#6 E:\xampp\htdocs\packult-web\app\Http\Controllers\Backend\OrderController.php(120): Yajra\DataTables\QueryDataTable->make(true)
#7 E:\xampp\htdocs\packult-web\vendor\laravel\framework\src\Illuminate\Routing\Controller.php(54): App\Http\Controllers\Backend\OrderController->fetch(Object(Illuminate\Http\Request))
#8 E:\xampp\htdocs\packult-web\vendor\laravel\framework\src\Illuminate\Routing\ControllerDispatcher.php(45): Illuminate\Routing\Controller->callAction('fetch', Array)
#9 E:\xampp\htdocs\packult-web\vendor\laravel\framework\src\Illuminate\Routing\Route.php(262): Illuminate\Routing\ControllerDispatcher->dispatch(Object(Illuminate\Routing\Route), Object(App\Http\Controllers\Backend\OrderController), 'fetch')
#10 E:\xampp\htdocs\packult-web\vendor\laravel\framework\src\Illuminate\Routing\Route.php(205): Illuminate\Routing\Route->runController()
#11 E:\xampp\htdocs\packult-web\vendor\laravel\framework\src\Illuminate\Routing\Router.php(721): Illuminate\Routing\Route->run()
#12 E:\xampp\htdocs\packult-web\vendor\laravel\framework\src\Illuminate\Pipeline\Pipeline.php(128): Illuminate\Routing\Router->Illuminate\Routing\{closure}(Object(Illuminate\Http\Request))
#13 E:\xampp\htdocs\packult-web\app\Http\Middleware\CustomAuth.php(35): Illuminate\Pipeline\Pipeline->Illuminate\Pipeline\{closure}(Object(Illuminate\Http\Request))
#14 E:\xampp\htdocs\packult-web\vendor\laravel\framework\src\Illuminate\Pipeline\Pipeline.php(167): App\Http\Middleware\CustomAuth->handle(Object(Illuminate\Http\Request), Object(Closure))
#15 E:\xampp\htdocs\packult-web\vendor\laravel\framework\src\Illuminate\Routing\Middleware\SubstituteBindings.php(50): Illuminate\Pipeline\Pipeline->Illuminate\Pipeline\{closure}(Object(Illuminate\Http\Request))
#16 E:\xampp\htdocs\packult-web\vendor\laravel\framework\src\Illuminate\Pipeline\Pipeline.php(167): Illuminate\Routing\Middleware\SubstituteBindings->handle(Object(Illuminate\Http\Request), Object(Closure))
#17 E:\xampp\htdocs\packult-web\vendor\laravel\framework\src\Illuminate\Foundation\Http\Middleware\VerifyCsrfToken.php(78): Illuminate\Pipeline\Pipeline->Illuminate\Pipeline\{closure}(Object(Illuminate\Http\Request))
#18 E:\xampp\htdocs\packult-web\vendor\laravel\framework\src\Illuminate\Pipeline\Pipeline.php(167): Illuminate\Foundation\Http\Middleware\VerifyCsrfToken->handle(Object(Illuminate\Http\Request), Object(Closure))
#19 E:\xampp\htdocs\packult-web\vendor\laravel\framework\src\Illuminate\View\Middleware\ShareErrorsFromSession.php(49): Illuminate\Pipeline\Pipeline->Illuminate\Pipeline\{closure}(Object(Illuminate\Http\Request))
#20 E:\xampp\htdocs\packult-web\vendor\laravel\framework\src\Illuminate\Pipeline\Pipeline.php(167): Illuminate\View\Middleware\ShareErrorsFromSession->handle(Object(Illuminate\Http\Request), Object(Closure))
#21 E:\xampp\htdocs\packult-web\vendor\laravel\framework\src\Illuminate\Session\Middleware\StartSession.php(121): Illuminate\Pipeline\Pipeline->Illuminate\Pipeline\{closure}(Object(Illuminate\Http\Request))
#22 E:\xampp\htdocs\packult-web\vendor\laravel\framework\src\Illuminate\Session\Middleware\StartSession.php(64): Illuminate\Session\Middleware\StartSession->handleStatefulRequest(Object(Illuminate\Http\Request), Object(Illuminate\Session\Store), Object(Closure))
#23 E:\xampp\htdocs\packult-web\vendor\laravel\framework\src\Illuminate\Pipeline\Pipeline.php(167): Illuminate\Session\Middleware\StartSession->handle(Object(Illuminate\Http\Request), Object(Closure))
#24 E:\xampp\htdocs\packult-web\vendor\laravel\framework\src\Illuminate\Cookie\Middleware\AddQueuedCookiesToResponse.php(37): Illuminate\Pipeline\Pipeline->Illuminate\Pipeline\{closure}(Object(Illuminate\Http\Request))
#25 E:\xampp\htdocs\packult-web\vendor\laravel\framework\src\Illuminate\Pipeline\Pipeline.php(167): Illuminate\Cookie\Middleware\AddQueuedCookiesToResponse->handle(Object(Illuminate\Http\Request), Object(Closure))
#26 E:\xampp\htdocs\packult-web\vendor\laravel\framework\src\Illuminate\Cookie\Middleware\EncryptCookies.php(67): Illuminate\Pipeline\Pipeline->Illuminate\Pipeline\{closure}(Object(Illuminate\Http\Request))
#27 E:\xampp\htdocs\packult-web\vendor\laravel\framework\src\Illuminate\Pipeline\Pipeline.php(167): Illuminate\Cookie\Middleware\EncryptCookies->handle(Object(Illuminate\Http\Request), Object(Closure))
#28 E:\xampp\htdocs\packult-web\vendor\laravel\framework\src\Illuminate\Pipeline\Pipeline.php(103): Illuminate\Pipeline\Pipeline->Illuminate\Pipeline\{closure}(Object(Illuminate\Http\Request))
#29 E:\xampp\htdocs\packult-web\vendor\laravel\framework\src\Illuminate\Routing\Router.php(723): Illuminate\Pipeline\Pipeline->then(Object(Closure))
#30 E:\xampp\htdocs\packult-web\vendor\laravel\framework\src\Illuminate\Routing\Router.php(698): Illuminate\Routing\Router->runRouteWithinStack(Object(Illuminate\Routing\Route), Object(Illuminate\Http\Request))
#31 E:\xampp\htdocs\packult-web\vendor\laravel\framework\src\Illuminate\Routing\Router.php(662): Illuminate\Routing\Router->runRoute(Object(Illuminate\Http\Request), Object(Illuminate\Routing\Route))
#32 E:\xampp\htdocs\packult-web\vendor\laravel\framework\src\Illuminate\Routing\Router.php(651): Illuminate\Routing\Router->dispatchToRoute(Object(Illuminate\Http\Request))
#33 E:\xampp\htdocs\packult-web\vendor\laravel\framework\src\Illuminate\Foundation\Http\Kernel.php(167): Illuminate\Routing\Router->dispatch(Object(Illuminate\Http\Request))
#34 E:\xampp\htdocs\packult-web\vendor\laravel\framework\src\Illuminate\Pipeline\Pipeline.php(128): Illuminate\Foundation\Http\Kernel->Illuminate\Foundation\Http\{closure}(Object(Illuminate\Http\Request))
#35 E:\xampp\htdocs\packult-web\vendor\laravel\framework\src\Illuminate\Foundation\Http\Middleware\TransformsRequest.php(21): Illuminate\Pipeline\Pipeline->Illuminate\Pipeline\{closure}(Object(Illuminate\Http\Request))
#36 E:\xampp\htdocs\packult-web\vendor\laravel\framework\src\Illuminate\Foundation\Http\Middleware\ConvertEmptyStringsToNull.php(31): Illuminate\Foundation\Http\Middleware\TransformsRequest->handle(Object(Illuminate\Http\Request), Object(Closure))
#37 E:\xampp\htdocs\packult-web\vendor\laravel\framework\src\Illuminate\Pipeline\Pipeline.php(167): Illuminate\Foundation\Http\Middleware\ConvertEmptyStringsToNull->handle(Object(Illuminate\Http\Request), Object(Closure))
#38 E:\xampp\htdocs\packult-web\vendor\laravel\framework\src\Illuminate\Foundation\Http\Middleware\TransformsRequest.php(21): Illuminate\Pipeline\Pipeline->Illuminate\Pipeline\{closure}(Object(Illuminate\Http\Request))
#39 E:\xampp\htdocs\packult-web\vendor\laravel\framework\src\Illuminate\Foundation\Http\Middleware\TrimStrings.php(40): Illuminate\Foundation\Http\Middleware\TransformsRequest->handle(Object(Illuminate\Http\Request), Object(Closure))
#40 E:\xampp\htdocs\packult-web\vendor\laravel\framework\src\Illuminate\Pipeline\Pipeline.php(167): Illuminate\Foundation\Http\Middleware\TrimStrings->handle(Object(Illuminate\Http\Request), Object(Closure))
#41 E:\xampp\htdocs\packult-web\vendor\laravel\framework\src\Illuminate\Foundation\Http\Middleware\ValidatePostSize.php(27): Illuminate\Pipeline\Pipeline->Illuminate\Pipeline\{closure}(Object(Illuminate\Http\Request))
#42 E:\xampp\htdocs\packult-web\vendor\laravel\framework\src\Illuminate\Pipeline\Pipeline.php(167): Illuminate\Foundation\Http\Middleware\ValidatePostSize->handle(Object(Illuminate\Http\Request), Object(Closure))
#43 E:\xampp\htdocs\packult-web\vendor\laravel\framework\src\Illuminate\Foundation\Http\Middleware\PreventRequestsDuringMaintenance.php(86): Illuminate\Pipeline\Pipeline->Illuminate\Pipeline\{closure}(Object(Illuminate\Http\Request))
#44 E:\xampp\htdocs\packult-web\vendor\laravel\framework\src\Illuminate\Pipeline\Pipeline.php(167): Illuminate\Foundation\Http\Middleware\PreventRequestsDuringMaintenance->handle(Object(Illuminate\Http\Request), Object(Closure))
#45 E:\xampp\htdocs\packult-web\vendor\fruitcake\laravel-cors\src\HandleCors.php(38): Illuminate\Pipeline\Pipeline->Illuminate\Pipeline\{closure}(Object(Illuminate\Http\Request))
#46 E:\xampp\htdocs\packult-web\vendor\laravel\framework\src\Illuminate\Pipeline\Pipeline.php(167): Fruitcake\Cors\HandleCors->handle(Object(Illuminate\Http\Request), Object(Closure))
#47 E:\xampp\htdocs\packult-web\vendor\fideloper\proxy\src\TrustProxies.php(57): Illuminate\Pipeline\Pipeline->Illuminate\Pipeline\{closure}(Object(Illuminate\Http\Request))
#48 E:\xampp\htdocs\packult-web\vendor\laravel\framework\src\Illuminate\Pipeline\Pipeline.php(167): Fideloper\Proxy\TrustProxies->handle(Object(Illuminate\Http\Request), Object(Closure))
#49 E:\xampp\htdocs\packult-web\vendor\laravel\framework\src\Illuminate\Pipeline\Pipeline.php(103): Illuminate\Pipeline\Pipeline->Illuminate\Pipeline\{closure}(Object(Illuminate\Http\Request))
#50 E:\xampp\htdocs\packult-web\vendor\laravel\framework\src\Illuminate\Foundation\Http\Kernel.php(142): Illuminate\Pipeline\Pipeline->then(Object(Closure))
#51 E:\xampp\htdocs\packult-web\vendor\laravel\framework\src\Illuminate\Foundation\Http\Kernel.php(111): Illuminate\Foundation\Http\Kernel->sendRequestThroughRouter(Object(Illuminate\Http\Request))
#52 E:\xampp\htdocs\packult-web\public\index.php(52): Illuminate\Foundation\Http\Kernel->handle(Object(Illuminate\Http\Request))
#53 E:\xampp\htdocs\packult-web\index.php(21): require_once('E:\\xampp\\htdocs...')
#54 {main}  
[2022-05-12 17:12:28] local.ERROR: ErrorException: Trying to get property 'packaging_material_name' of non-object in E:\xampp\htdocs\packult-web\app\Http\Controllers\Backend\OrderController.php:90
Stack trace:
#0 E:\xampp\htdocs\packult-web\app\Http\Controllers\Backend\OrderController.php(90): Illuminate\Foundation\Bootstrap\HandleExceptions->handleError(8, 'Trying to get p...', 'E:\\xampp\\htdocs...', 90, Array)
#1 E:\xampp\htdocs\packult-web\vendor\yajra\laravel-datatables-oracle\src\Utilities\Helper.php(65): App\Http\Controllers\Backend\OrderController->App\Http\Controllers\Backend\{closure}(Object(App\Models\Order))
#2 E:\xampp\htdocs\packult-web\vendor\yajra\laravel-datatables-oracle\src\Processors\DataProcessor.php(156): Yajra\DataTables\Utilities\Helper::compileContent(Object(Closure), Array, Object(App\Models\Order))
#3 E:\xampp\htdocs\packult-web\vendor\yajra\laravel-datatables-oracle\src\Processors\DataProcessor.php(107): Yajra\DataTables\Processors\DataProcessor->editColumns(Array, Object(App\Models\Order))
#4 E:\xampp\htdocs\packult-web\vendor\yajra\laravel-datatables-oracle\src\DataTableAbstract.php(806): Yajra\DataTables\Processors\DataProcessor->process(true)
#5 E:\xampp\htdocs\packult-web\vendor\yajra\laravel-datatables-oracle\src\QueryDataTable.php(102): Yajra\DataTables\DataTableAbstract->processResults(Object(Illuminate\Database\Eloquent\Collection), true)
#6 E:\xampp\htdocs\packult-web\app\Http\Controllers\Backend\OrderController.php(120): Yajra\DataTables\QueryDataTable->make(true)
#7 E:\xampp\htdocs\packult-web\vendor\laravel\framework\src\Illuminate\Routing\Controller.php(54): App\Http\Controllers\Backend\OrderController->fetch(Object(Illuminate\Http\Request))
#8 E:\xampp\htdocs\packult-web\vendor\laravel\framework\src\Illuminate\Routing\ControllerDispatcher.php(45): Illuminate\Routing\Controller->callAction('fetch', Array)
#9 E:\xampp\htdocs\packult-web\vendor\laravel\framework\src\Illuminate\Routing\Route.php(262): Illuminate\Routing\ControllerDispatcher->dispatch(Object(Illuminate\Routing\Route), Object(App\Http\Controllers\Backend\OrderController), 'fetch')
#10 E:\xampp\htdocs\packult-web\vendor\laravel\framework\src\Illuminate\Routing\Route.php(205): Illuminate\Routing\Route->runController()
#11 E:\xampp\htdocs\packult-web\vendor\laravel\framework\src\Illuminate\Routing\Router.php(721): Illuminate\Routing\Route->run()
#12 E:\xampp\htdocs\packult-web\vendor\laravel\framework\src\Illuminate\Pipeline\Pipeline.php(128): Illuminate\Routing\Router->Illuminate\Routing\{closure}(Object(Illuminate\Http\Request))
#13 E:\xampp\htdocs\packult-web\app\Http\Middleware\CustomAuth.php(35): Illuminate\Pipeline\Pipeline->Illuminate\Pipeline\{closure}(Object(Illuminate\Http\Request))
#14 E:\xampp\htdocs\packult-web\vendor\laravel\framework\src\Illuminate\Pipeline\Pipeline.php(167): App\Http\Middleware\CustomAuth->handle(Object(Illuminate\Http\Request), Object(Closure))
#15 E:\xampp\htdocs\packult-web\vendor\laravel\framework\src\Illuminate\Routing\Middleware\SubstituteBindings.php(50): Illuminate\Pipeline\Pipeline->Illuminate\Pipeline\{closure}(Object(Illuminate\Http\Request))
#16 E:\xampp\htdocs\packult-web\vendor\laravel\framework\src\Illuminate\Pipeline\Pipeline.php(167): Illuminate\Routing\Middleware\SubstituteBindings->handle(Object(Illuminate\Http\Request), Object(Closure))
#17 E:\xampp\htdocs\packult-web\vendor\laravel\framework\src\Illuminate\Foundation\Http\Middleware\VerifyCsrfToken.php(78): Illuminate\Pipeline\Pipeline->Illuminate\Pipeline\{closure}(Object(Illuminate\Http\Request))
#18 E:\xampp\htdocs\packult-web\vendor\laravel\framework\src\Illuminate\Pipeline\Pipeline.php(167): Illuminate\Foundation\Http\Middleware\VerifyCsrfToken->handle(Object(Illuminate\Http\Request), Object(Closure))
#19 E:\xampp\htdocs\packult-web\vendor\laravel\framework\src\Illuminate\View\Middleware\ShareErrorsFromSession.php(49): Illuminate\Pipeline\Pipeline->Illuminate\Pipeline\{closure}(Object(Illuminate\Http\Request))
#20 E:\xampp\htdocs\packult-web\vendor\laravel\framework\src\Illuminate\Pipeline\Pipeline.php(167): Illuminate\View\Middleware\ShareErrorsFromSession->handle(Object(Illuminate\Http\Request), Object(Closure))
#21 E:\xampp\htdocs\packult-web\vendor\laravel\framework\src\Illuminate\Session\Middleware\StartSession.php(121): Illuminate\Pipeline\Pipeline->Illuminate\Pipeline\{closure}(Object(Illuminate\Http\Request))
#22 E:\xampp\htdocs\packult-web\vendor\laravel\framework\src\Illuminate\Session\Middleware\StartSession.php(64): Illuminate\Session\Middleware\StartSession->handleStatefulRequest(Object(Illuminate\Http\Request), Object(Illuminate\Session\Store), Object(Closure))
#23 E:\xampp\htdocs\packult-web\vendor\laravel\framework\src\Illuminate\Pipeline\Pipeline.php(167): Illuminate\Session\Middleware\StartSession->handle(Object(Illuminate\Http\Request), Object(Closure))
#24 E:\xampp\htdocs\packult-web\vendor\laravel\framework\src\Illuminate\Cookie\Middleware\AddQueuedCookiesToResponse.php(37): Illuminate\Pipeline\Pipeline->Illuminate\Pipeline\{closure}(Object(Illuminate\Http\Request))
#25 E:\xampp\htdocs\packult-web\vendor\laravel\framework\src\Illuminate\Pipeline\Pipeline.php(167): Illuminate\Cookie\Middleware\AddQueuedCookiesToResponse->handle(Object(Illuminate\Http\Request), Object(Closure))
#26 E:\xampp\htdocs\packult-web\vendor\laravel\framework\src\Illuminate\Cookie\Middleware\EncryptCookies.php(67): Illuminate\Pipeline\Pipeline->Illuminate\Pipeline\{closure}(Object(Illuminate\Http\Request))
#27 E:\xampp\htdocs\packult-web\vendor\laravel\framework\src\Illuminate\Pipeline\Pipeline.php(167): Illuminate\Cookie\Middleware\EncryptCookies->handle(Object(Illuminate\Http\Request), Object(Closure))
#28 E:\xampp\htdocs\packult-web\vendor\laravel\framework\src\Illuminate\Pipeline\Pipeline.php(103): Illuminate\Pipeline\Pipeline->Illuminate\Pipeline\{closure}(Object(Illuminate\Http\Request))
#29 E:\xampp\htdocs\packult-web\vendor\laravel\framework\src\Illuminate\Routing\Router.php(723): Illuminate\Pipeline\Pipeline->then(Object(Closure))
#30 E:\xampp\htdocs\packult-web\vendor\laravel\framework\src\Illuminate\Routing\Router.php(698): Illuminate\Routing\Router->runRouteWithinStack(Object(Illuminate\Routing\Route), Object(Illuminate\Http\Request))
#31 E:\xampp\htdocs\packult-web\vendor\laravel\framework\src\Illuminate\Routing\Router.php(662): Illuminate\Routing\Router->runRoute(Object(Illuminate\Http\Request), Object(Illuminate\Routing\Route))
#32 E:\xampp\htdocs\packult-web\vendor\laravel\framework\src\Illuminate\Routing\Router.php(651): Illuminate\Routing\Router->dispatchToRoute(Object(Illuminate\Http\Request))
#33 E:\xampp\htdocs\packult-web\vendor\laravel\framework\src\Illuminate\Foundation\Http\Kernel.php(167): Illuminate\Routing\Router->dispatch(Object(Illuminate\Http\Request))
#34 E:\xampp\htdocs\packult-web\vendor\laravel\framework\src\Illuminate\Pipeline\Pipeline.php(128): Illuminate\Foundation\Http\Kernel->Illuminate\Foundation\Http\{closure}(Object(Illuminate\Http\Request))
#35 E:\xampp\htdocs\packult-web\vendor\laravel\framework\src\Illuminate\Foundation\Http\Middleware\TransformsRequest.php(21): Illuminate\Pipeline\Pipeline->Illuminate\Pipeline\{closure}(Object(Illuminate\Http\Request))
#36 E:\xampp\htdocs\packult-web\vendor\laravel\framework\src\Illuminate\Foundation\Http\Middleware\ConvertEmptyStringsToNull.php(31): Illuminate\Foundation\Http\Middleware\TransformsRequest->handle(Object(Illuminate\Http\Request), Object(Closure))
#37 E:\xampp\htdocs\packult-web\vendor\laravel\framework\src\Illuminate\Pipeline\Pipeline.php(167): Illuminate\Foundation\Http\Middleware\ConvertEmptyStringsToNull->handle(Object(Illuminate\Http\Request), Object(Closure))
#38 E:\xampp\htdocs\packult-web\vendor\laravel\framework\src\Illuminate\Foundation\Http\Middleware\TransformsRequest.php(21): Illuminate\Pipeline\Pipeline->Illuminate\Pipeline\{closure}(Object(Illuminate\Http\Request))
#39 E:\xampp\htdocs\packult-web\vendor\laravel\framework\src\Illuminate\Foundation\Http\Middleware\TrimStrings.php(40): Illuminate\Foundation\Http\Middleware\TransformsRequest->handle(Object(Illuminate\Http\Request), Object(Closure))
#40 E:\xampp\htdocs\packult-web\vendor\laravel\framework\src\Illuminate\Pipeline\Pipeline.php(167): Illuminate\Foundation\Http\Middleware\TrimStrings->handle(Object(Illuminate\Http\Request), Object(Closure))
#41 E:\xampp\htdocs\packult-web\vendor\laravel\framework\src\Illuminate\Foundation\Http\Middleware\ValidatePostSize.php(27): Illuminate\Pipeline\Pipeline->Illuminate\Pipeline\{closure}(Object(Illuminate\Http\Request))
#42 E:\xampp\htdocs\packult-web\vendor\laravel\framework\src\Illuminate\Pipeline\Pipeline.php(167): Illuminate\Foundation\Http\Middleware\ValidatePostSize->handle(Object(Illuminate\Http\Request), Object(Closure))
#43 E:\xampp\htdocs\packult-web\vendor\laravel\framework\src\Illuminate\Foundation\Http\Middleware\PreventRequestsDuringMaintenance.php(86): Illuminate\Pipeline\Pipeline->Illuminate\Pipeline\{closure}(Object(Illuminate\Http\Request))
#44 E:\xampp\htdocs\packult-web\vendor\laravel\framework\src\Illuminate\Pipeline\Pipeline.php(167): Illuminate\Foundation\Http\Middleware\PreventRequestsDuringMaintenance->handle(Object(Illuminate\Http\Request), Object(Closure))
#45 E:\xampp\htdocs\packult-web\vendor\fruitcake\laravel-cors\src\HandleCors.php(38): Illuminate\Pipeline\Pipeline->Illuminate\Pipeline\{closure}(Object(Illuminate\Http\Request))
#46 E:\xampp\htdocs\packult-web\vendor\laravel\framework\src\Illuminate\Pipeline\Pipeline.php(167): Fruitcake\Cors\HandleCors->handle(Object(Illuminate\Http\Request), Object(Closure))
#47 E:\xampp\htdocs\packult-web\vendor\fideloper\proxy\src\TrustProxies.php(57): Illuminate\Pipeline\Pipeline->Illuminate\Pipeline\{closure}(Object(Illuminate\Http\Request))
#48 E:\xampp\htdocs\packult-web\vendor\laravel\framework\src\Illuminate\Pipeline\Pipeline.php(167): Fideloper\Proxy\TrustProxies->handle(Object(Illuminate\Http\Request), Object(Closure))
#49 E:\xampp\htdocs\packult-web\vendor\laravel\framework\src\Illuminate\Pipeline\Pipeline.php(103): Illuminate\Pipeline\Pipeline->Illuminate\Pipeline\{closure}(Object(Illuminate\Http\Request))
#50 E:\xampp\htdocs\packult-web\vendor\laravel\framework\src\Illuminate\Foundation\Http\Kernel.php(142): Illuminate\Pipeline\Pipeline->then(Object(Closure))
#51 E:\xampp\htdocs\packult-web\vendor\laravel\framework\src\Illuminate\Foundation\Http\Kernel.php(111): Illuminate\Foundation\Http\Kernel->sendRequestThroughRouter(Object(Illuminate\Http\Request))
#52 E:\xampp\htdocs\packult-web\public\index.php(52): Illuminate\Foundation\Http\Kernel->handle(Object(Illuminate\Http\Request))
#53 E:\xampp\htdocs\packult-web\index.php(21): require_once('E:\\xampp\\htdocs...')
#54 {main}  
[2022-05-12 17:21:04] local.ERROR: Vendor Payment Status Validation Exception: The payment status field is required., The payment mode field is required., The amount field is required.  
[2022-05-12 17:51:50] local.INFO: Logging in vendor, starting at: 17:51:50:373960  
[2022-05-12 17:52:35] local.INFO: Forgot Password process, starting at: 17:52:35:571991  
[2022-05-12 17:52:54] local.INFO: OTP sending process starts, starting at: 17:52:54:666656  
[2022-05-12 17:52:54] local.INFO: OTP updated.  
[2022-05-12 17:52:54] local.INFO: OTP sent successfully to mobile number: 7854786547  
[2022-05-12 17:53:00] local.INFO: OTP verification process starts, starting at: 17:53:00:614174  
[2022-05-12 17:53:06] local.INFO: Forgot Password process, starting at: 17:53:06:316259  
[2022-05-12 17:53:20] local.INFO: Logging in vendor, starting at: 17:53:20:974225  
[2022-05-12 17:53:35] local.INFO: Logging in vendor, starting at: 17:53:35:216770  
[2022-05-12 18:19:27] local.ERROR: Vendor Payment Status Validation Exception: The amount field is required.  
[2022-05-12 18:39:31] local.ERROR: Payment fetching failed: Method App\Http\Controllers\vendorapi\PaymentApiController::fullSearchQuery does not exist.  
[2022-05-12 18:40:56] local.ERROR: Payment fetching failed: Method App\Http\Controllers\vendorapi\PaymentApiController::fullSearchQuery does not exist.  
[2022-05-12 19:31:30] local.INFO: Initiating registeration process, starting at: 19:31:30:646796  
[2022-05-12 19:31:30] local.INFO: Vendor creation started!  
[2022-05-12 19:34:22] local.INFO: Forgot Password process, starting at: 19:34:22:327183  
[2022-05-12 20:08:27] local.INFO: Initiating registeration process, starting at: 20:08:27:074360  
[2022-05-12 20:08:27] local.INFO: Vendor creation started!  
[2022-05-12 20:09:18] local.INFO: Initiating registeration process, starting at: 20:09:18:220263  
[2022-05-12 20:09:18] local.INFO: Vendor creation started!  
[2022-05-12 20:13:44] local.INFO: Forgot Password process, starting at: 20:13:44:589005  
[2022-05-12 20:13:55] local.INFO: Logging in vendor, starting at: 20:13:55:410427  
[2022-05-12 20:14:06] local.INFO: OTP sending process starts, starting at: 20:14:06:398772  
[2022-05-12 20:14:06] local.INFO: OTP updated.  
[2022-05-12 20:14:06] local.INFO: OTP sent successfully to mobile number: 7854786547  
[2022-05-12 20:14:15] local.INFO: OTP verification process starts, starting at: 20:14:15:917737  
