[2022-05-17 10:31:59] local.INFO: Logging in vendor, starting at: 10:31:59:075830  
[2022-05-17 11:34:46] local.ERROR: Order fetching failed: Could not parse '25645': DateTime::__construct(): Failed to parse time string (25645) at position 4 (5): Unexpected character  
[2022-05-17 11:59:41] local.ERROR: Order fetching failed: SQLSTATE[42000]: Syntax error or access violation: 1064 You have an error in your SQL syntax; check the manual that corresponds to your MariaDB server version for the right syntax to use near '> ? and `id` = ? and `orders`.`deleted_at` is null' at line 1 (SQL: select * from `orders` where `vendor_id` = 11 and date(`created_at`) => 2022-03-05 00:00:00 and `id` = 2 and `orders`.`deleted_at` is null)  
[2022-05-17 12:08:40] local.ERROR: Order fetching failed: Could not parse '2022-25-03': DateTime::__construct(): Failed to parse time string (2022-25-03) at position 6 (5): Unexpected character  
[2022-05-17 12:12:58] local.ERROR: Order fetching failed: Could not parse '22/04/2022': DateTime::__construct(): Failed to parse time string (22/04/2022) at position 0 (2): Unexpected character  
[2022-05-17 12:13:26] local.ERROR: Order fetching failed: Could not parse '22/04/2022': DateTime::__construct(): Failed to parse time string (22/04/2022) at position 0 (2): Unexpected character  
[2022-05-17 13:13:28] local.INFO: OTP verification process starts, starting at: 13:13:28:251544  
[2022-05-17 13:13:28] local.ERROR: Auth Exception: phone does not exist.  
[2022-05-17 13:14:02] local.INFO: OTP verification process starts, starting at: 13:14:02:673567  
[2022-05-17 13:14:02] local.ERROR: Auth Exception: phone does not exist.  
[2022-05-17 14:22:57] local.INFO: Initiating registeration process, starting at: 14:22:57:080186  
[2022-05-17 14:22:57] local.ERROR: Auth Exception: The phone field is required., The email field is required., The password must be at least 8 characters.  
[2022-05-17 14:24:07] local.INFO: Initiating registeration process, starting at: 14:24:07:513069  
[2022-05-17 14:24:07] local.INFO: Vendor creation started!  
[2022-05-17 14:24:07] local.INFO: Existing vendor updated with email id: ven8@mail.com and phone number: 1212121212  
[2022-05-17 14:25:41] local.INFO: Initiating registeration process, starting at: 14:25:41:363037  
[2022-05-17 14:25:41] local.INFO: Vendor creation started!  
[2022-05-17 14:25:41] local.INFO: Existing vendor updated with email id: ven8@mail.com and phone number: 1212121212  
[2022-05-17 14:25:55] local.INFO: Initiating registeration process, starting at: 14:25:55:263469  
[2022-05-17 14:25:55] local.INFO: Vendor creation started!  
[2022-05-17 14:25:55] local.INFO: Existing vendor updated with email id: ven8@mail.com and phone number: 1212121212  
[2022-05-17 14:30:29] local.INFO: Initiating registeration process, starting at: 14:30:29:278922  
[2022-05-17 14:30:29] local.INFO: Vendor creation started!  
[2022-05-17 14:30:29] local.INFO: Existing vendor updated with email id: ven8@mail.com and phone number: 1212121212  
[2022-05-17 14:31:24] local.INFO: Initiating registeration process, starting at: 14:31:24:495335  
[2022-05-17 14:31:24] local.INFO: Vendor creation started!  
[2022-05-17 14:31:24] local.INFO: Existing vendor updated with email id: ven8@mail.com and phone number: 1212121212  
[2022-05-17 14:53:26] local.INFO: Initiating registeration process, starting at: 14:53:26:965878  
[2022-05-17 14:53:26] local.INFO: Vendor creation started!  
[2022-05-17 14:53:27] local.INFO: Existing vendor updated with email id: ven8@mail.com and phone number: 1212121212  
[2022-05-17 15:01:59] local.INFO: Initiating registeration process, starting at: 15:01:58:999067  
[2022-05-17 15:01:59] local.INFO: Vendor creation started!  
[2022-05-17 15:01:59] local.INFO: Existing vendor updated with email id: ven8@mail.com and phone number: 1212121212  
[2022-05-17 15:02:19] local.INFO: Initiating registeration process, starting at: 15:02:19:355603  
[2022-05-17 15:02:19] local.INFO: Vendor creation started!  
[2022-05-17 15:02:19] local.INFO: Existing vendor updated with email id: ven8@mail.com and phone number: 1212121212  
[2022-05-17 15:02:24] local.INFO: Initiating registeration process, starting at: 15:02:24:016551  
[2022-05-17 15:02:24] local.INFO: Vendor creation started!  
[2022-05-17 15:02:24] local.INFO: Existing vendor updated with email id: ven8@mail.com and phone number: 1212121212  
[2022-05-17 15:05:03] local.INFO: Initiating registeration process, starting at: 15:05:03:552327  
[2022-05-17 15:05:03] local.INFO: Vendor creation started!  
[2022-05-17 15:05:03] local.INFO: Existing vendor updated with email id: ven8@mail.com and phone number: 1212121212  
[2022-05-17 15:05:45] local.INFO: Initiating registeration process, starting at: 15:05:45:544000  
[2022-05-17 15:05:45] local.INFO: Vendor creation started!  
[2022-05-17 15:05:45] local.INFO: Existing vendor updated with email id: ven8@mail.com and phone number: 1212121212  
[2022-05-17 15:06:31] local.INFO: Logging in vendor, starting at: 15:06:31:681415  
[2022-05-17 15:06:59] local.INFO: Logging in vendor, starting at: 15:06:59:202968  
[2022-05-17 15:07:20] local.INFO: OTP verification process starts, starting at: 15:07:20:790680  
[2022-05-17 15:07:20] local.ERROR: Auth Exception: phone does not exist.  
[2022-05-17 17:49:10] local.ERROR: Order fetching failed: Undefined index: product_image  
[2022-05-17 17:50:10] local.ERROR: Order fetching failed: Undefined index: product_image  
[2022-05-17 18:20:20] local.ERROR: Quotation fetching failed: SQLSTATE[23000]: Integrity constraint violation: 1052 Column 'vendor_id' in where clause is ambiguous (SQL: select * from `vendor_quotations` left join `orders` on `vendor_quotations`.`order_id` = `orders`.`id` left join `customer_enquiries` on `vendor_quotations`.`customer_enquiry_id` = `customer_enquiries`.`id` where (`vendor_id` = 11 and `enquiry_status` != mapped))  
[2022-05-17 18:22:05] local.ERROR: Quotation fetching failed: SQLSTATE[23000]: Integrity constraint violation: 1052 Column 'vendor_id' in where clause is ambiguous (SQL: select * from `vendor_quotations` left join `orders` on `vendor_quotations`.`order_id` = `orders`.`id` left join `customer_enquiries` on `vendor_quotations`.`customer_enquiry_id` = `customer_enquiries`.`id` where (`vendor_id` = 11 and `enquiry_status` != mapped))  
[2022-05-17 18:22:49] local.ERROR: Quotation fetching failed: SQLSTATE[42S22]: Column not found: 1054 Unknown column 'vendor_quotations.order_id' in 'on clause' (SQL: select * from `vendor_quotations` left join `orders` on `vendor_quotations`.`order_id` = `orders`.`id` left join `customer_enquiries` on `vendor_quotations`.`customer_enquiry_id` = `customer_enquiries`.`id` where (`vendor_quotations`.`vendor_id` = 11 and `enquiry_status` != mapped))  
[2022-05-17 18:30:53] local.ERROR: Enquiry fetching failed: SQLSTATE[23000]: Integrity constraint violation: 1052 Column 'product_id' in where clause is ambiguous (SQL: select `vendor_quotations`.`id`, `vendor_quotations`.`vendor_price`, `vendor_quotations`.`enquiry_status`, `customer_enquiries`.`description`, `customer_enquiries`.`enquiry_type`, `customer_enquiries`.`product_weight`, `customer_enquiries`.`product_quantity`, `products`.`product_name`, `products`.`product_description` from `vendor_quotations` left join `products` on `vendor_quotations`.`product_id` = `products`.`id` left join `customer_enquiries` on `vendor_quotations`.`customer_enquiry_id` = `customer_enquiries`.`id` where (`vendor_quotations`.`vendor_id` = 11 and `enquiry_status` = mapped) and `product_id` = 2)  
[2022-05-17 18:34:39] local.ERROR: Enquiry fetching failed: SQLSTATE[23000]: Integrity constraint violation: 1052 Column 'id' in where clause is ambiguous (SQL: select `vendor_quotations`.`id`, `vendor_quotations`.`vendor_price`, `vendor_quotations`.`enquiry_status`, `customer_enquiries`.`description`, `customer_enquiries`.`enquiry_type`, `customer_enquiries`.`product_weight`, `customer_enquiries`.`product_quantity`, `products`.`product_name`, `products`.`product_description` from `vendor_quotations` left join `products` on `vendor_quotations`.`product_id` = `products`.`id` left join `customer_enquiries` on `vendor_quotations`.`customer_enquiry_id` = `customer_enquiries`.`id` where (`vendor_quotations`.`vendor_id` = 11 and `enquiry_status` = mapped) and `vendor_quotations`.`product_id` = 2 and `id` = 5)  
[2022-05-17 18:36:46] local.ERROR: Enquiry fetching failed: SQLSTATE[23000]: Integrity constraint violation: 1052 Column 'created_at' in where clause is ambiguous (SQL: select `vendor_quotations`.`id`, `vendor_quotations`.`vendor_price`, `vendor_quotations`.`enquiry_status`, `customer_enquiries`.`description`, `customer_enquiries`.`enquiry_type`, `customer_enquiries`.`product_weight`, `customer_enquiries`.`product_quantity`, `products`.`product_name`, `products`.`product_description` from `vendor_quotations` left join `products` on `vendor_quotations`.`product_id` = `products`.`id` left join `customer_enquiries` on `vendor_quotations`.`customer_enquiry_id` = `customer_enquiries`.`id` where (`vendor_quotations`.`vendor_id` = 11 and `enquiry_status` = mapped) and date(`created_at`) >= 2022-04-05 00:00:00)  
