[2022-05-16 10:08:30] local.INFO: Logging in, starting at: 10:08:30:336840  
[2022-05-16 10:08:32] local.INFO: Login Successful!  
[2022-05-16 10:16:08] local.INFO: Forgot Password process, starting at: 10:16:08:392297  
[2022-05-16 10:16:29] local.INFO: Forgot Password process, starting at: 10:16:29:714803  
[2022-05-16 10:20:35] local.INFO: Forgot Password process, starting at: 10:20:35:624494  
[2022-05-16 10:20:50] local.INFO: Forgot Password process, starting at: 10:20:50:150625  
[2022-05-16 10:24:21] local.INFO: OTP sending process starts, starting at: 10:24:21:778639  
[2022-05-16 10:24:21] local.INFO: OTP saved.  
[2022-05-16 10:24:21] local.INFO: OTP sent successfully to mobile number: 1245785412  
[2022-05-16 10:24:26] local.INFO: OTP verification process starts, starting at: 10:24:26:516677  
[2022-05-16 10:24:29] local.INFO: Forgot Password process, starting at: 10:24:29:915081  
[2022-05-16 10:27:42] local.INFO: Initiating registeration process, starting at: 10:27:42:825213  
[2022-05-16 10:27:42] local.INFO: Vendor creation started!  
[2022-05-16 10:27:42] local.INFO: Vendor registered successfully with email id: ven7@mail.com and phone number: 9999999999  
[2022-05-16 10:27:51] local.INFO: Initiating registeration process, starting at: 10:27:51:448030  
[2022-05-16 10:27:51] local.INFO: Vendor creation started!  
[2022-05-16 10:27:51] local.INFO: Existing vendor updated with email id: ven7@mail.com and phone number: 9999999999  
[2022-05-16 10:27:57] local.INFO: Initiating registeration process, starting at: 10:27:57:963150  
[2022-05-16 10:27:57] local.INFO: Vendor creation started!  
[2022-05-16 10:27:57] local.INFO: Existing vendor updated with email id: ven7@mail.com and phone number: 9999999999  
[2022-05-16 10:28:01] local.INFO: Initiating registeration process, starting at: 10:28:01:349979  
[2022-05-16 10:28:01] local.INFO: Vendor creation started!  
[2022-05-16 10:28:01] local.INFO: Existing vendor updated with email id: ven7@mail.com and phone number: 9999999999  
[2022-05-16 10:33:46] local.INFO: OTP sending process starts, starting at: 10:33:46:920283  
[2022-05-16 10:33:46] local.INFO: OTP saved.  
[2022-05-16 10:33:47] local.INFO: OTP sent successfully to mobile number: 9999999999  
[2022-05-16 10:34:00] local.INFO: OTP verification process starts, starting at: 10:34:00:208764  
[2022-05-16 10:34:06] local.INFO: OTP verification process starts, starting at: 10:34:06:352820  
[2022-05-16 10:34:25] local.INFO: Logging in vendor, starting at: 10:34:25:058358  
[2022-05-16 10:34:52] local.INFO: Forgot Password process, starting at: 10:34:52:939197  
[2022-05-16 10:35:02] local.INFO: Logging in vendor, starting at: 10:35:02:530415  
[2022-05-16 10:35:16] local.INFO: Logging in vendor, starting at: 10:35:16:369224  
[2022-05-16 10:37:49] local.INFO: Logging in vendor, starting at: 10:37:49:909560  
[2022-05-16 10:38:06] local.INFO: Logging in vendor, starting at: 10:38:06:125641  
[2022-05-16 11:52:47] local.ERROR: Payment fetching failed: SQLSTATE[42S22]: Column not found: 1054 Unknown column 'grand_total' in 'field list' (SQL: select sum(`grand_total`) as aggregate from `vendor_payments` where `vendor_id` = 1 and `vendor_payments`.`deleted_at` is null)  
[2022-05-16 12:02:35] local.ERROR: Allowed memory size of 536870912 bytes exhausted (tried to allocate 262148096 bytes) {"exception":"[object] (Symfony\\Component\\ErrorHandler\\Error\\FatalError(code: 0): Allowed memory size of 536870912 bytes exhausted (tried to allocate 262148096 bytes) at E:\\xampp\\htdocs\\packult-web\\app\\Http\\Controllers\\vendorapi\\PaymentApiController.php:43)
[stacktrace]
#0 {main}
"} 
[2022-05-16 12:05:23] local.ERROR: Allowed memory size of 536870912 bytes exhausted (tried to allocate 264245248 bytes) {"exception":"[object] (Symfony\\Component\\ErrorHandler\\Error\\FatalError(code: 0): Allowed memory size of 536870912 bytes exhausted (tried to allocate 264245248 bytes) at E:\\xampp\\htdocs\\packult-web\\app\\Http\\Controllers\\vendorapi\\PaymentApiController.php:44)
[stacktrace]
#0 {main}
"} 
[2022-05-16 12:11:48] local.ERROR: Allowed memory size of 536870912 bytes exhausted (tried to allocate 266342400 bytes) {"exception":"[object] (Symfony\\Component\\ErrorHandler\\Error\\FatalError(code: 0): Allowed memory size of 536870912 bytes exhausted (tried to allocate 266342400 bytes) at E:\\xampp\\htdocs\\packult-web\\app\\Http\\Controllers\\vendorapi\\PaymentApiController.php:44)
[stacktrace]
#0 {main}
"} 
[2022-05-16 12:12:37] local.ERROR: Allowed memory size of 536870912 bytes exhausted (tried to allocate 266342400 bytes) {"exception":"[object] (Symfony\\Component\\ErrorHandler\\Error\\FatalError(code: 0): Allowed memory size of 536870912 bytes exhausted (tried to allocate 266342400 bytes) at E:\\xampp\\htdocs\\packult-web\\app\\Http\\Controllers\\vendorapi\\PaymentApiController.php:44)
[stacktrace]
#0 {main}
"} 
[2022-05-16 12:30:11] local.ERROR: Too few arguments to function App\Http\Controllers\vendorapi\PaymentApiController::App\Http\Controllers\vendorapi\{closure}(), 1 passed in E:\xampp\htdocs\packult-web\vendor\laravel\framework\src\Illuminate\Database\Eloquent\Builder.php on line 277 and exactly 2 expected {"exception":"[object] (ArgumentCountError(code: 0): Too few arguments to function App\\Http\\Controllers\\vendorapi\\PaymentApiController::App\\Http\\Controllers\\vendorapi\\{closure}(), 1 passed in E:\\xampp\\htdocs\\packult-web\\vendor\\laravel\\framework\\src\\Illuminate\\Database\\Eloquent\\Builder.php on line 277 and exactly 2 expected at E:\\xampp\\htdocs\\packult-web\\app\\Http\\Controllers\\vendorapi\\PaymentApiController.php:43)
[stacktrace]
#0 E:\\xampp\\htdocs\\packult-web\\vendor\\laravel\\framework\\src\\Illuminate\\Database\\Eloquent\\Builder.php(277): App\\Http\\Controllers\\vendorapi\\PaymentApiController->App\\Http\\Controllers\\vendorapi\\{closure}(Object(Illuminate\\Database\\Eloquent\\Builder))
#1 E:\\xampp\\htdocs\\packult-web\\app\\Http\\Controllers\\vendorapi\\PaymentApiController.php(47): Illuminate\\Database\\Eloquent\\Builder->where(Object(Closure))
#2 E:\\xampp\\htdocs\\packult-web\\vendor\\laravel\\framework\\src\\Illuminate\\Routing\\Controller.php(54): App\\Http\\Controllers\\vendorapi\\PaymentApiController->index(Object(Illuminate\\Http\\Request))
#3 E:\\xampp\\htdocs\\packult-web\\vendor\\laravel\\framework\\src\\Illuminate\\Routing\\ControllerDispatcher.php(45): Illuminate\\Routing\\Controller->callAction('index', Array)
#4 E:\\xampp\\htdocs\\packult-web\\vendor\\laravel\\framework\\src\\Illuminate\\Routing\\Route.php(262): Illuminate\\Routing\\ControllerDispatcher->dispatch(Object(Illuminate\\Routing\\Route), Object(App\\Http\\Controllers\\vendorapi\\PaymentApiController), 'index')
#5 E:\\xampp\\htdocs\\packult-web\\vendor\\laravel\\framework\\src\\Illuminate\\Routing\\Route.php(205): Illuminate\\Routing\\Route->runController()
#6 E:\\xampp\\htdocs\\packult-web\\vendor\\laravel\\framework\\src\\Illuminate\\Routing\\Router.php(721): Illuminate\\Routing\\Route->run()
#7 E:\\xampp\\htdocs\\packult-web\\vendor\\laravel\\framework\\src\\Illuminate\\Pipeline\\Pipeline.php(128): Illuminate\\Routing\\Router->Illuminate\\Routing\\{closure}(Object(Illuminate\\Http\\Request))
#8 E:\\xampp\\htdocs\\packult-web\\app\\Http\\Middleware\\VendorTokenAuth.php(42): Illuminate\\Pipeline\\Pipeline->Illuminate\\Pipeline\\{closure}(Object(Illuminate\\Http\\Request))
#9 E:\\xampp\\htdocs\\packult-web\\vendor\\laravel\\framework\\src\\Illuminate\\Pipeline\\Pipeline.php(167): App\\Http\\Middleware\\VendorTokenAuth->handle(Object(Illuminate\\Http\\Request), Object(Closure))
#10 E:\\xampp\\htdocs\\packult-web\\app\\Http\\Middleware\\VendorBasicAuth.php(40): Illuminate\\Pipeline\\Pipeline->Illuminate\\Pipeline\\{closure}(Object(Illuminate\\Http\\Request))
#11 E:\\xampp\\htdocs\\packult-web\\vendor\\laravel\\framework\\src\\Illuminate\\Pipeline\\Pipeline.php(167): App\\Http\\Middleware\\VendorBasicAuth->handle(Object(Illuminate\\Http\\Request), Object(Closure))
#12 E:\\xampp\\htdocs\\packult-web\\vendor\\laravel\\framework\\src\\Illuminate\\Routing\\Middleware\\SubstituteBindings.php(50): Illuminate\\Pipeline\\Pipeline->Illuminate\\Pipeline\\{closure}(Object(Illuminate\\Http\\Request))
#13 E:\\xampp\\htdocs\\packult-web\\vendor\\laravel\\framework\\src\\Illuminate\\Pipeline\\Pipeline.php(167): Illuminate\\Routing\\Middleware\\SubstituteBindings->handle(Object(Illuminate\\Http\\Request), Object(Closure))
#14 E:\\xampp\\htdocs\\packult-web\\vendor\\laravel\\framework\\src\\Illuminate\\Routing\\Middleware\\ThrottleRequests.php(127): Illuminate\\Pipeline\\Pipeline->Illuminate\\Pipeline\\{closure}(Object(Illuminate\\Http\\Request))
#15 E:\\xampp\\htdocs\\packult-web\\vendor\\laravel\\framework\\src\\Illuminate\\Routing\\Middleware\\ThrottleRequests.php(103): Illuminate\\Routing\\Middleware\\ThrottleRequests->handleRequest(Object(Illuminate\\Http\\Request), Object(Closure), Array)
#16 E:\\xampp\\htdocs\\packult-web\\vendor\\laravel\\framework\\src\\Illuminate\\Routing\\Middleware\\ThrottleRequests.php(55): Illuminate\\Routing\\Middleware\\ThrottleRequests->handleRequestUsingNamedLimiter(Object(Illuminate\\Http\\Request), Object(Closure), 'api', Object(Closure))
#17 E:\\xampp\\htdocs\\packult-web\\vendor\\laravel\\framework\\src\\Illuminate\\Pipeline\\Pipeline.php(167): Illuminate\\Routing\\Middleware\\ThrottleRequests->handle(Object(Illuminate\\Http\\Request), Object(Closure), 'api')
#18 E:\\xampp\\htdocs\\packult-web\\vendor\\laravel\\framework\\src\\Illuminate\\Pipeline\\Pipeline.php(103): Illuminate\\Pipeline\\Pipeline->Illuminate\\Pipeline\\{closure}(Object(Illuminate\\Http\\Request))
#19 E:\\xampp\\htdocs\\packult-web\\vendor\\laravel\\framework\\src\\Illuminate\\Routing\\Router.php(723): Illuminate\\Pipeline\\Pipeline->then(Object(Closure))
#20 E:\\xampp\\htdocs\\packult-web\\vendor\\laravel\\framework\\src\\Illuminate\\Routing\\Router.php(698): Illuminate\\Routing\\Router->runRouteWithinStack(Object(Illuminate\\Routing\\Route), Object(Illuminate\\Http\\Request))
#21 E:\\xampp\\htdocs\\packult-web\\vendor\\laravel\\framework\\src\\Illuminate\\Routing\\Router.php(662): Illuminate\\Routing\\Router->runRoute(Object(Illuminate\\Http\\Request), Object(Illuminate\\Routing\\Route))
#22 E:\\xampp\\htdocs\\packult-web\\vendor\\laravel\\framework\\src\\Illuminate\\Routing\\Router.php(651): Illuminate\\Routing\\Router->dispatchToRoute(Object(Illuminate\\Http\\Request))
#23 E:\\xampp\\htdocs\\packult-web\\vendor\\laravel\\framework\\src\\Illuminate\\Foundation\\Http\\Kernel.php(167): Illuminate\\Routing\\Router->dispatch(Object(Illuminate\\Http\\Request))
#24 E:\\xampp\\htdocs\\packult-web\\vendor\\laravel\\framework\\src\\Illuminate\\Pipeline\\Pipeline.php(128): Illuminate\\Foundation\\Http\\Kernel->Illuminate\\Foundation\\Http\\{closure}(Object(Illuminate\\Http\\Request))
#25 E:\\xampp\\htdocs\\packult-web\\vendor\\laravel\\framework\\src\\Illuminate\\Foundation\\Http\\Middleware\\TransformsRequest.php(21): Illuminate\\Pipeline\\Pipeline->Illuminate\\Pipeline\\{closure}(Object(Illuminate\\Http\\Request))
#26 E:\\xampp\\htdocs\\packult-web\\vendor\\laravel\\framework\\src\\Illuminate\\Foundation\\Http\\Middleware\\ConvertEmptyStringsToNull.php(31): Illuminate\\Foundation\\Http\\Middleware\\TransformsRequest->handle(Object(Illuminate\\Http\\Request), Object(Closure))
#27 E:\\xampp\\htdocs\\packult-web\\vendor\\laravel\\framework\\src\\Illuminate\\Pipeline\\Pipeline.php(167): Illuminate\\Foundation\\Http\\Middleware\\ConvertEmptyStringsToNull->handle(Object(Illuminate\\Http\\Request), Object(Closure))
#28 E:\\xampp\\htdocs\\packult-web\\vendor\\laravel\\framework\\src\\Illuminate\\Foundation\\Http\\Middleware\\TransformsRequest.php(21): Illuminate\\Pipeline\\Pipeline->Illuminate\\Pipeline\\{closure}(Object(Illuminate\\Http\\Request))
#29 E:\\xampp\\htdocs\\packult-web\\vendor\\laravel\\framework\\src\\Illuminate\\Foundation\\Http\\Middleware\\TrimStrings.php(40): Illuminate\\Foundation\\Http\\Middleware\\TransformsRequest->handle(Object(Illuminate\\Http\\Request), Object(Closure))
#30 E:\\xampp\\htdocs\\packult-web\\vendor\\laravel\\framework\\src\\Illuminate\\Pipeline\\Pipeline.php(167): Illuminate\\Foundation\\Http\\Middleware\\TrimStrings->handle(Object(Illuminate\\Http\\Request), Object(Closure))
#31 E:\\xampp\\htdocs\\packult-web\\vendor\\laravel\\framework\\src\\Illuminate\\Foundation\\Http\\Middleware\\ValidatePostSize.php(27): Illuminate\\Pipeline\\Pipeline->Illuminate\\Pipeline\\{closure}(Object(Illuminate\\Http\\Request))
#32 E:\\xampp\\htdocs\\packult-web\\vendor\\laravel\\framework\\src\\Illuminate\\Pipeline\\Pipeline.php(167): Illuminate\\Foundation\\Http\\Middleware\\ValidatePostSize->handle(Object(Illuminate\\Http\\Request), Object(Closure))
#33 E:\\xampp\\htdocs\\packult-web\\vendor\\laravel\\framework\\src\\Illuminate\\Foundation\\Http\\Middleware\\PreventRequestsDuringMaintenance.php(86): Illuminate\\Pipeline\\Pipeline->Illuminate\\Pipeline\\{closure}(Object(Illuminate\\Http\\Request))
#34 E:\\xampp\\htdocs\\packult-web\\vendor\\laravel\\framework\\src\\Illuminate\\Pipeline\\Pipeline.php(167): Illuminate\\Foundation\\Http\\Middleware\\PreventRequestsDuringMaintenance->handle(Object(Illuminate\\Http\\Request), Object(Closure))
#35 E:\\xampp\\htdocs\\packult-web\\vendor\\fruitcake\\laravel-cors\\src\\HandleCors.php(38): Illuminate\\Pipeline\\Pipeline->Illuminate\\Pipeline\\{closure}(Object(Illuminate\\Http\\Request))
#36 E:\\xampp\\htdocs\\packult-web\\vendor\\laravel\\framework\\src\\Illuminate\\Pipeline\\Pipeline.php(167): Fruitcake\\Cors\\HandleCors->handle(Object(Illuminate\\Http\\Request), Object(Closure))
#37 E:\\xampp\\htdocs\\packult-web\\vendor\\fideloper\\proxy\\src\\TrustProxies.php(57): Illuminate\\Pipeline\\Pipeline->Illuminate\\Pipeline\\{closure}(Object(Illuminate\\Http\\Request))
#38 E:\\xampp\\htdocs\\packult-web\\vendor\\laravel\\framework\\src\\Illuminate\\Pipeline\\Pipeline.php(167): Fideloper\\Proxy\\TrustProxies->handle(Object(Illuminate\\Http\\Request), Object(Closure))
#39 E:\\xampp\\htdocs\\packult-web\\vendor\\laravel\\framework\\src\\Illuminate\\Pipeline\\Pipeline.php(103): Illuminate\\Pipeline\\Pipeline->Illuminate\\Pipeline\\{closure}(Object(Illuminate\\Http\\Request))
#40 E:\\xampp\\htdocs\\packult-web\\vendor\\laravel\\framework\\src\\Illuminate\\Foundation\\Http\\Kernel.php(142): Illuminate\\Pipeline\\Pipeline->then(Object(Closure))
#41 E:\\xampp\\htdocs\\packult-web\\vendor\\laravel\\framework\\src\\Illuminate\\Foundation\\Http\\Kernel.php(111): Illuminate\\Foundation\\Http\\Kernel->sendRequestThroughRouter(Object(Illuminate\\Http\\Request))
#42 E:\\xampp\\htdocs\\packult-web\\public\\index.php(52): Illuminate\\Foundation\\Http\\Kernel->handle(Object(Illuminate\\Http\\Request))
#43 E:\\xampp\\htdocs\\packult-web\\index.php(21): require_once('E:\\\\xampp\\\\htdocs...')
#44 {main}
"} 
[2022-05-16 12:40:56] local.ERROR: Payment fetching failed: SQLSTATE[42S22]: Column not found: 1054 Unknown column 'shipping_cost' in 'field list' (SQL: select SUM(grand_total - shipping_cost) as payments_received from `orders` where `vendor_id` = 1 and `orders`.`deleted_at` is null limit 1)  
[2022-05-16 13:55:28] local.INFO: OTP sending process starts, starting at: 13:55:28:820154  
[2022-05-16 13:55:28] local.ERROR: Auth Exception: phone does not exist.  
[2022-05-16 14:18:24] local.INFO: Initiating registeration process, starting at: 14:18:24:247500  
[2022-05-16 14:18:24] local.INFO: Vendor creation started!  
[2022-05-16 14:18:24] local.INFO: Vendor registered successfully with email id: ven7@mail.com and phone number: 9999999999  
[2022-05-16 14:22:01] local.INFO: Logging in vendor, starting at: 14:22:01:206405  
[2022-05-16 14:22:13] local.INFO: Logging in vendor, starting at: 14:22:13:699974  
[2022-05-16 14:29:23] local.INFO: Initiating registeration process, starting at: 14:29:23:649953  
[2022-05-16 14:29:23] local.INFO: Vendor creation started!  
[2022-05-16 14:29:23] local.INFO: Existing vendor updated with email id: ven7@mail.com and phone number: 9999999999  
[2022-05-16 14:30:33] local.INFO: Logging in user, starting at: 14:30:33:188768  
[2022-05-16 14:33:31] local.INFO: Logging in, starting at: 14:33:31:173892  
[2022-05-16 14:33:31] local.INFO: Login Successful!  
[2022-05-16 15:00:07] local.INFO: Initiating registeration process, starting at: 15:00:07:304902  
[2022-05-16 15:00:07] local.INFO: Vendor creation started!  
[2022-05-16 15:00:07] local.INFO: Existing vendor updated with email id: ven7@mail.com and phone number: 9999999999  
[2022-05-16 16:13:46] local.ERROR: ErrorException: Trying to get property 'phone_code' of non-object in E:\xampp\htdocs\packult-web\app\Http\Controllers\Backend\VendorController.php:306
Stack trace:
#0 E:\xampp\htdocs\packult-web\app\Http\Controllers\Backend\VendorController.php(306): Illuminate\Foundation\Bootstrap\HandleExceptions->handleError(8, 'Trying to get p...', 'E:\\xampp\\htdocs...', 306, Array)
#1 E:\xampp\htdocs\packult-web\vendor\yajra\laravel-datatables-oracle\src\Utilities\Helper.php(65): App\Http\Controllers\Backend\VendorController->App\Http\Controllers\Backend\{closure}(Object(App\Models\Vendor))
#2 E:\xampp\htdocs\packult-web\vendor\yajra\laravel-datatables-oracle\src\Processors\DataProcessor.php(156): Yajra\DataTables\Utilities\Helper::compileContent(Object(Closure), Array, Object(App\Models\Vendor))
#3 E:\xampp\htdocs\packult-web\vendor\yajra\laravel-datatables-oracle\src\Processors\DataProcessor.php(107): Yajra\DataTables\Processors\DataProcessor->editColumns(Array, Object(App\Models\Vendor))
#4 E:\xampp\htdocs\packult-web\vendor\yajra\laravel-datatables-oracle\src\DataTableAbstract.php(806): Yajra\DataTables\Processors\DataProcessor->process(true)
#5 E:\xampp\htdocs\packult-web\vendor\yajra\laravel-datatables-oracle\src\QueryDataTable.php(102): Yajra\DataTables\DataTableAbstract->processResults(Object(Illuminate\Database\Eloquent\Collection), true)
#6 E:\xampp\htdocs\packult-web\app\Http\Controllers\Backend\VendorController.php(341): Yajra\DataTables\QueryDataTable->make(true)
#7 E:\xampp\htdocs\packult-web\vendor\laravel\framework\src\Illuminate\Routing\Controller.php(54): App\Http\Controllers\Backend\VendorController->fetchVendorApprovalList(Object(Illuminate\Http\Request))
#8 E:\xampp\htdocs\packult-web\vendor\laravel\framework\src\Illuminate\Routing\ControllerDispatcher.php(45): Illuminate\Routing\Controller->callAction('fetchVendorAppr...', Array)
#9 E:\xampp\htdocs\packult-web\vendor\laravel\framework\src\Illuminate\Routing\Route.php(262): Illuminate\Routing\ControllerDispatcher->dispatch(Object(Illuminate\Routing\Route), Object(App\Http\Controllers\Backend\VendorController), 'fetchVendorAppr...')
#10 E:\xampp\htdocs\packult-web\vendor\laravel\framework\src\Illuminate\Routing\Route.php(205): Illuminate\Routing\Route->runController()
#11 E:\xampp\htdocs\packult-web\vendor\laravel\framework\src\Illuminate\Routing\Router.php(721): Illuminate\Routing\Route->run()
#12 E:\xampp\htdocs\packult-web\vendor\laravel\framework\src\Illuminate\Pipeline\Pipeline.php(128): Illuminate\Routing\Router->Illuminate\Routing\{closure}(Object(Illuminate\Http\Request))
#13 E:\xampp\htdocs\packult-web\app\Http\Middleware\CustomAuth.php(35): Illuminate\Pipeline\Pipeline->Illuminate\Pipeline\{closure}(Object(Illuminate\Http\Request))
#14 E:\xampp\htdocs\packult-web\vendor\laravel\framework\src\Illuminate\Pipeline\Pipeline.php(167): App\Http\Middleware\CustomAuth->handle(Object(Illuminate\Http\Request), Object(Closure))
#15 E:\xampp\htdocs\packult-web\vendor\laravel\framework\src\Illuminate\Routing\Middleware\SubstituteBindings.php(50): Illuminate\Pipeline\Pipeline->Illuminate\Pipeline\{closure}(Object(Illuminate\Http\Request))
#16 E:\xampp\htdocs\packult-web\vendor\laravel\framework\src\Illuminate\Pipeline\Pipeline.php(167): Illuminate\Routing\Middleware\SubstituteBindings->handle(Object(Illuminate\Http\Request), Object(Closure))
#17 E:\xampp\htdocs\packult-web\vendor\laravel\framework\src\Illuminate\Foundation\Http\Middleware\VerifyCsrfToken.php(78): Illuminate\Pipeline\Pipeline->Illuminate\Pipeline\{closure}(Object(Illuminate\Http\Request))
#18 E:\xampp\htdocs\packult-web\vendor\laravel\framework\src\Illuminate\Pipeline\Pipeline.php(167): Illuminate\Foundation\Http\Middleware\VerifyCsrfToken->handle(Object(Illuminate\Http\Request), Object(Closure))
#19 E:\xampp\htdocs\packult-web\vendor\laravel\framework\src\Illuminate\View\Middleware\ShareErrorsFromSession.php(49): Illuminate\Pipeline\Pipeline->Illuminate\Pipeline\{closure}(Object(Illuminate\Http\Request))
#20 E:\xampp\htdocs\packult-web\vendor\laravel\framework\src\Illuminate\Pipeline\Pipeline.php(167): Illuminate\View\Middleware\ShareErrorsFromSession->handle(Object(Illuminate\Http\Request), Object(Closure))
#21 E:\xampp\htdocs\packult-web\vendor\laravel\framework\src\Illuminate\Session\Middleware\StartSession.php(121): Illuminate\Pipeline\Pipeline->Illuminate\Pipeline\{closure}(Object(Illuminate\Http\Request))
#22 E:\xampp\htdocs\packult-web\vendor\laravel\framework\src\Illuminate\Session\Middleware\StartSession.php(64): Illuminate\Session\Middleware\StartSession->handleStatefulRequest(Object(Illuminate\Http\Request), Object(Illuminate\Session\Store), Object(Closure))
#23 E:\xampp\htdocs\packult-web\vendor\laravel\framework\src\Illuminate\Pipeline\Pipeline.php(167): Illuminate\Session\Middleware\StartSession->handle(Object(Illuminate\Http\Request), Object(Closure))
#24 E:\xampp\htdocs\packult-web\vendor\laravel\framework\src\Illuminate\Cookie\Middleware\AddQueuedCookiesToResponse.php(37): Illuminate\Pipeline\Pipeline->Illuminate\Pipeline\{closure}(Object(Illuminate\Http\Request))
#25 E:\xampp\htdocs\packult-web\vendor\laravel\framework\src\Illuminate\Pipeline\Pipeline.php(167): Illuminate\Cookie\Middleware\AddQueuedCookiesToResponse->handle(Object(Illuminate\Http\Request), Object(Closure))
#26 E:\xampp\htdocs\packult-web\vendor\laravel\framework\src\Illuminate\Cookie\Middleware\EncryptCookies.php(67): Illuminate\Pipeline\Pipeline->Illuminate\Pipeline\{closure}(Object(Illuminate\Http\Request))
#27 E:\xampp\htdocs\packult-web\vendor\laravel\framework\src\Illuminate\Pipeline\Pipeline.php(167): Illuminate\Cookie\Middleware\EncryptCookies->handle(Object(Illuminate\Http\Request), Object(Closure))
#28 E:\xampp\htdocs\packult-web\vendor\laravel\framework\src\Illuminate\Pipeline\Pipeline.php(103): Illuminate\Pipeline\Pipeline->Illuminate\Pipeline\{closure}(Object(Illuminate\Http\Request))
#29 E:\xampp\htdocs\packult-web\vendor\laravel\framework\src\Illuminate\Routing\Router.php(723): Illuminate\Pipeline\Pipeline->then(Object(Closure))
#30 E:\xampp\htdocs\packult-web\vendor\laravel\framework\src\Illuminate\Routing\Router.php(698): Illuminate\Routing\Router->runRouteWithinStack(Object(Illuminate\Routing\Route), Object(Illuminate\Http\Request))
#31 E:\xampp\htdocs\packult-web\vendor\laravel\framework\src\Illuminate\Routing\Router.php(662): Illuminate\Routing\Router->runRoute(Object(Illuminate\Http\Request), Object(Illuminate\Routing\Route))
#32 E:\xampp\htdocs\packult-web\vendor\laravel\framework\src\Illuminate\Routing\Router.php(651): Illuminate\Routing\Router->dispatchToRoute(Object(Illuminate\Http\Request))
#33 E:\xampp\htdocs\packult-web\vendor\laravel\framework\src\Illuminate\Foundation\Http\Kernel.php(167): Illuminate\Routing\Router->dispatch(Object(Illuminate\Http\Request))
#34 E:\xampp\htdocs\packult-web\vendor\laravel\framework\src\Illuminate\Pipeline\Pipeline.php(128): Illuminate\Foundation\Http\Kernel->Illuminate\Foundation\Http\{closure}(Object(Illuminate\Http\Request))
#35 E:\xampp\htdocs\packult-web\vendor\laravel\framework\src\Illuminate\Foundation\Http\Middleware\TransformsRequest.php(21): Illuminate\Pipeline\Pipeline->Illuminate\Pipeline\{closure}(Object(Illuminate\Http\Request))
#36 E:\xampp\htdocs\packult-web\vendor\laravel\framework\src\Illuminate\Foundation\Http\Middleware\ConvertEmptyStringsToNull.php(31): Illuminate\Foundation\Http\Middleware\TransformsRequest->handle(Object(Illuminate\Http\Request), Object(Closure))
#37 E:\xampp\htdocs\packult-web\vendor\laravel\framework\src\Illuminate\Pipeline\Pipeline.php(167): Illuminate\Foundation\Http\Middleware\ConvertEmptyStringsToNull->handle(Object(Illuminate\Http\Request), Object(Closure))
#38 E:\xampp\htdocs\packult-web\vendor\laravel\framework\src\Illuminate\Foundation\Http\Middleware\TransformsRequest.php(21): Illuminate\Pipeline\Pipeline->Illuminate\Pipeline\{closure}(Object(Illuminate\Http\Request))
#39 E:\xampp\htdocs\packult-web\vendor\laravel\framework\src\Illuminate\Foundation\Http\Middleware\TrimStrings.php(40): Illuminate\Foundation\Http\Middleware\TransformsRequest->handle(Object(Illuminate\Http\Request), Object(Closure))
#40 E:\xampp\htdocs\packult-web\vendor\laravel\framework\src\Illuminate\Pipeline\Pipeline.php(167): Illuminate\Foundation\Http\Middleware\TrimStrings->handle(Object(Illuminate\Http\Request), Object(Closure))
#41 E:\xampp\htdocs\packult-web\vendor\laravel\framework\src\Illuminate\Foundation\Http\Middleware\ValidatePostSize.php(27): Illuminate\Pipeline\Pipeline->Illuminate\Pipeline\{closure}(Object(Illuminate\Http\Request))
#42 E:\xampp\htdocs\packult-web\vendor\laravel\framework\src\Illuminate\Pipeline\Pipeline.php(167): Illuminate\Foundation\Http\Middleware\ValidatePostSize->handle(Object(Illuminate\Http\Request), Object(Closure))
#43 E:\xampp\htdocs\packult-web\vendor\laravel\framework\src\Illuminate\Foundation\Http\Middleware\PreventRequestsDuringMaintenance.php(86): Illuminate\Pipeline\Pipeline->Illuminate\Pipeline\{closure}(Object(Illuminate\Http\Request))
#44 E:\xampp\htdocs\packult-web\vendor\laravel\framework\src\Illuminate\Pipeline\Pipeline.php(167): Illuminate\Foundation\Http\Middleware\PreventRequestsDuringMaintenance->handle(Object(Illuminate\Http\Request), Object(Closure))
#45 E:\xampp\htdocs\packult-web\vendor\fruitcake\laravel-cors\src\HandleCors.php(38): Illuminate\Pipeline\Pipeline->Illuminate\Pipeline\{closure}(Object(Illuminate\Http\Request))
#46 E:\xampp\htdocs\packult-web\vendor\laravel\framework\src\Illuminate\Pipeline\Pipeline.php(167): Fruitcake\Cors\HandleCors->handle(Object(Illuminate\Http\Request), Object(Closure))
#47 E:\xampp\htdocs\packult-web\vendor\fideloper\proxy\src\TrustProxies.php(57): Illuminate\Pipeline\Pipeline->Illuminate\Pipeline\{closure}(Object(Illuminate\Http\Request))
#48 E:\xampp\htdocs\packult-web\vendor\laravel\framework\src\Illuminate\Pipeline\Pipeline.php(167): Fideloper\Proxy\TrustProxies->handle(Object(Illuminate\Http\Request), Object(Closure))
#49 E:\xampp\htdocs\packult-web\vendor\laravel\framework\src\Illuminate\Pipeline\Pipeline.php(103): Illuminate\Pipeline\Pipeline->Illuminate\Pipeline\{closure}(Object(Illuminate\Http\Request))
#50 E:\xampp\htdocs\packult-web\vendor\laravel\framework\src\Illuminate\Foundation\Http\Kernel.php(142): Illuminate\Pipeline\Pipeline->then(Object(Closure))
#51 E:\xampp\htdocs\packult-web\vendor\laravel\framework\src\Illuminate\Foundation\Http\Kernel.php(111): Illuminate\Foundation\Http\Kernel->sendRequestThroughRouter(Object(Illuminate\Http\Request))
#52 E:\xampp\htdocs\packult-web\public\index.php(52): Illuminate\Foundation\Http\Kernel->handle(Object(Illuminate\Http\Request))
#53 E:\xampp\htdocs\packult-web\index.php(21): require_once('E:\\xampp\\htdocs...')
#54 {main}  
[2022-05-16 16:14:56] local.ERROR: ErrorException: Trying to get property 'phone_code' of non-object in E:\xampp\htdocs\packult-web\app\Http\Controllers\Backend\VendorController.php:306
Stack trace:
#0 E:\xampp\htdocs\packult-web\app\Http\Controllers\Backend\VendorController.php(306): Illuminate\Foundation\Bootstrap\HandleExceptions->handleError(8, 'Trying to get p...', 'E:\\xampp\\htdocs...', 306, Array)
#1 E:\xampp\htdocs\packult-web\vendor\yajra\laravel-datatables-oracle\src\Utilities\Helper.php(65): App\Http\Controllers\Backend\VendorController->App\Http\Controllers\Backend\{closure}(Object(App\Models\Vendor))
#2 E:\xampp\htdocs\packult-web\vendor\yajra\laravel-datatables-oracle\src\Processors\DataProcessor.php(156): Yajra\DataTables\Utilities\Helper::compileContent(Object(Closure), Array, Object(App\Models\Vendor))
#3 E:\xampp\htdocs\packult-web\vendor\yajra\laravel-datatables-oracle\src\Processors\DataProcessor.php(107): Yajra\DataTables\Processors\DataProcessor->editColumns(Array, Object(App\Models\Vendor))
#4 E:\xampp\htdocs\packult-web\vendor\yajra\laravel-datatables-oracle\src\DataTableAbstract.php(806): Yajra\DataTables\Processors\DataProcessor->process(true)
#5 E:\xampp\htdocs\packult-web\vendor\yajra\laravel-datatables-oracle\src\QueryDataTable.php(102): Yajra\DataTables\DataTableAbstract->processResults(Object(Illuminate\Database\Eloquent\Collection), true)
#6 E:\xampp\htdocs\packult-web\app\Http\Controllers\Backend\VendorController.php(341): Yajra\DataTables\QueryDataTable->make(true)
#7 E:\xampp\htdocs\packult-web\vendor\laravel\framework\src\Illuminate\Routing\Controller.php(54): App\Http\Controllers\Backend\VendorController->fetchVendorApprovalList(Object(Illuminate\Http\Request))
#8 E:\xampp\htdocs\packult-web\vendor\laravel\framework\src\Illuminate\Routing\ControllerDispatcher.php(45): Illuminate\Routing\Controller->callAction('fetchVendorAppr...', Array)
#9 E:\xampp\htdocs\packult-web\vendor\laravel\framework\src\Illuminate\Routing\Route.php(262): Illuminate\Routing\ControllerDispatcher->dispatch(Object(Illuminate\Routing\Route), Object(App\Http\Controllers\Backend\VendorController), 'fetchVendorAppr...')
#10 E:\xampp\htdocs\packult-web\vendor\laravel\framework\src\Illuminate\Routing\Route.php(205): Illuminate\Routing\Route->runController()
#11 E:\xampp\htdocs\packult-web\vendor\laravel\framework\src\Illuminate\Routing\Router.php(721): Illuminate\Routing\Route->run()
#12 E:\xampp\htdocs\packult-web\vendor\laravel\framework\src\Illuminate\Pipeline\Pipeline.php(128): Illuminate\Routing\Router->Illuminate\Routing\{closure}(Object(Illuminate\Http\Request))
#13 E:\xampp\htdocs\packult-web\app\Http\Middleware\CustomAuth.php(35): Illuminate\Pipeline\Pipeline->Illuminate\Pipeline\{closure}(Object(Illuminate\Http\Request))
#14 E:\xampp\htdocs\packult-web\vendor\laravel\framework\src\Illuminate\Pipeline\Pipeline.php(167): App\Http\Middleware\CustomAuth->handle(Object(Illuminate\Http\Request), Object(Closure))
#15 E:\xampp\htdocs\packult-web\vendor\laravel\framework\src\Illuminate\Routing\Middleware\SubstituteBindings.php(50): Illuminate\Pipeline\Pipeline->Illuminate\Pipeline\{closure}(Object(Illuminate\Http\Request))
#16 E:\xampp\htdocs\packult-web\vendor\laravel\framework\src\Illuminate\Pipeline\Pipeline.php(167): Illuminate\Routing\Middleware\SubstituteBindings->handle(Object(Illuminate\Http\Request), Object(Closure))
#17 E:\xampp\htdocs\packult-web\vendor\laravel\framework\src\Illuminate\Foundation\Http\Middleware\VerifyCsrfToken.php(78): Illuminate\Pipeline\Pipeline->Illuminate\Pipeline\{closure}(Object(Illuminate\Http\Request))
#18 E:\xampp\htdocs\packult-web\vendor\laravel\framework\src\Illuminate\Pipeline\Pipeline.php(167): Illuminate\Foundation\Http\Middleware\VerifyCsrfToken->handle(Object(Illuminate\Http\Request), Object(Closure))
#19 E:\xampp\htdocs\packult-web\vendor\laravel\framework\src\Illuminate\View\Middleware\ShareErrorsFromSession.php(49): Illuminate\Pipeline\Pipeline->Illuminate\Pipeline\{closure}(Object(Illuminate\Http\Request))
#20 E:\xampp\htdocs\packult-web\vendor\laravel\framework\src\Illuminate\Pipeline\Pipeline.php(167): Illuminate\View\Middleware\ShareErrorsFromSession->handle(Object(Illuminate\Http\Request), Object(Closure))
#21 E:\xampp\htdocs\packult-web\vendor\laravel\framework\src\Illuminate\Session\Middleware\StartSession.php(121): Illuminate\Pipeline\Pipeline->Illuminate\Pipeline\{closure}(Object(Illuminate\Http\Request))
#22 E:\xampp\htdocs\packult-web\vendor\laravel\framework\src\Illuminate\Session\Middleware\StartSession.php(64): Illuminate\Session\Middleware\StartSession->handleStatefulRequest(Object(Illuminate\Http\Request), Object(Illuminate\Session\Store), Object(Closure))
#23 E:\xampp\htdocs\packult-web\vendor\laravel\framework\src\Illuminate\Pipeline\Pipeline.php(167): Illuminate\Session\Middleware\StartSession->handle(Object(Illuminate\Http\Request), Object(Closure))
#24 E:\xampp\htdocs\packult-web\vendor\laravel\framework\src\Illuminate\Cookie\Middleware\AddQueuedCookiesToResponse.php(37): Illuminate\Pipeline\Pipeline->Illuminate\Pipeline\{closure}(Object(Illuminate\Http\Request))
#25 E:\xampp\htdocs\packult-web\vendor\laravel\framework\src\Illuminate\Pipeline\Pipeline.php(167): Illuminate\Cookie\Middleware\AddQueuedCookiesToResponse->handle(Object(Illuminate\Http\Request), Object(Closure))
#26 E:\xampp\htdocs\packult-web\vendor\laravel\framework\src\Illuminate\Cookie\Middleware\EncryptCookies.php(67): Illuminate\Pipeline\Pipeline->Illuminate\Pipeline\{closure}(Object(Illuminate\Http\Request))
#27 E:\xampp\htdocs\packult-web\vendor\laravel\framework\src\Illuminate\Pipeline\Pipeline.php(167): Illuminate\Cookie\Middleware\EncryptCookies->handle(Object(Illuminate\Http\Request), Object(Closure))
#28 E:\xampp\htdocs\packult-web\vendor\laravel\framework\src\Illuminate\Pipeline\Pipeline.php(103): Illuminate\Pipeline\Pipeline->Illuminate\Pipeline\{closure}(Object(Illuminate\Http\Request))
#29 E:\xampp\htdocs\packult-web\vendor\laravel\framework\src\Illuminate\Routing\Router.php(723): Illuminate\Pipeline\Pipeline->then(Object(Closure))
#30 E:\xampp\htdocs\packult-web\vendor\laravel\framework\src\Illuminate\Routing\Router.php(698): Illuminate\Routing\Router->runRouteWithinStack(Object(Illuminate\Routing\Route), Object(Illuminate\Http\Request))
#31 E:\xampp\htdocs\packult-web\vendor\laravel\framework\src\Illuminate\Routing\Router.php(662): Illuminate\Routing\Router->runRoute(Object(Illuminate\Http\Request), Object(Illuminate\Routing\Route))
#32 E:\xampp\htdocs\packult-web\vendor\laravel\framework\src\Illuminate\Routing\Router.php(651): Illuminate\Routing\Router->dispatchToRoute(Object(Illuminate\Http\Request))
#33 E:\xampp\htdocs\packult-web\vendor\laravel\framework\src\Illuminate\Foundation\Http\Kernel.php(167): Illuminate\Routing\Router->dispatch(Object(Illuminate\Http\Request))
#34 E:\xampp\htdocs\packult-web\vendor\laravel\framework\src\Illuminate\Pipeline\Pipeline.php(128): Illuminate\Foundation\Http\Kernel->Illuminate\Foundation\Http\{closure}(Object(Illuminate\Http\Request))
#35 E:\xampp\htdocs\packult-web\vendor\laravel\framework\src\Illuminate\Foundation\Http\Middleware\TransformsRequest.php(21): Illuminate\Pipeline\Pipeline->Illuminate\Pipeline\{closure}(Object(Illuminate\Http\Request))
#36 E:\xampp\htdocs\packult-web\vendor\laravel\framework\src\Illuminate\Foundation\Http\Middleware\ConvertEmptyStringsToNull.php(31): Illuminate\Foundation\Http\Middleware\TransformsRequest->handle(Object(Illuminate\Http\Request), Object(Closure))
#37 E:\xampp\htdocs\packult-web\vendor\laravel\framework\src\Illuminate\Pipeline\Pipeline.php(167): Illuminate\Foundation\Http\Middleware\ConvertEmptyStringsToNull->handle(Object(Illuminate\Http\Request), Object(Closure))
#38 E:\xampp\htdocs\packult-web\vendor\laravel\framework\src\Illuminate\Foundation\Http\Middleware\TransformsRequest.php(21): Illuminate\Pipeline\Pipeline->Illuminate\Pipeline\{closure}(Object(Illuminate\Http\Request))
#39 E:\xampp\htdocs\packult-web\vendor\laravel\framework\src\Illuminate\Foundation\Http\Middleware\TrimStrings.php(40): Illuminate\Foundation\Http\Middleware\TransformsRequest->handle(Object(Illuminate\Http\Request), Object(Closure))
#40 E:\xampp\htdocs\packult-web\vendor\laravel\framework\src\Illuminate\Pipeline\Pipeline.php(167): Illuminate\Foundation\Http\Middleware\TrimStrings->handle(Object(Illuminate\Http\Request), Object(Closure))
#41 E:\xampp\htdocs\packult-web\vendor\laravel\framework\src\Illuminate\Foundation\Http\Middleware\ValidatePostSize.php(27): Illuminate\Pipeline\Pipeline->Illuminate\Pipeline\{closure}(Object(Illuminate\Http\Request))
#42 E:\xampp\htdocs\packult-web\vendor\laravel\framework\src\Illuminate\Pipeline\Pipeline.php(167): Illuminate\Foundation\Http\Middleware\ValidatePostSize->handle(Object(Illuminate\Http\Request), Object(Closure))
#43 E:\xampp\htdocs\packult-web\vendor\laravel\framework\src\Illuminate\Foundation\Http\Middleware\PreventRequestsDuringMaintenance.php(86): Illuminate\Pipeline\Pipeline->Illuminate\Pipeline\{closure}(Object(Illuminate\Http\Request))
#44 E:\xampp\htdocs\packult-web\vendor\laravel\framework\src\Illuminate\Pipeline\Pipeline.php(167): Illuminate\Foundation\Http\Middleware\PreventRequestsDuringMaintenance->handle(Object(Illuminate\Http\Request), Object(Closure))
#45 E:\xampp\htdocs\packult-web\vendor\fruitcake\laravel-cors\src\HandleCors.php(38): Illuminate\Pipeline\Pipeline->Illuminate\Pipeline\{closure}(Object(Illuminate\Http\Request))
#46 E:\xampp\htdocs\packult-web\vendor\laravel\framework\src\Illuminate\Pipeline\Pipeline.php(167): Fruitcake\Cors\HandleCors->handle(Object(Illuminate\Http\Request), Object(Closure))
#47 E:\xampp\htdocs\packult-web\vendor\fideloper\proxy\src\TrustProxies.php(57): Illuminate\Pipeline\Pipeline->Illuminate\Pipeline\{closure}(Object(Illuminate\Http\Request))
#48 E:\xampp\htdocs\packult-web\vendor\laravel\framework\src\Illuminate\Pipeline\Pipeline.php(167): Fideloper\Proxy\TrustProxies->handle(Object(Illuminate\Http\Request), Object(Closure))
#49 E:\xampp\htdocs\packult-web\vendor\laravel\framework\src\Illuminate\Pipeline\Pipeline.php(103): Illuminate\Pipeline\Pipeline->Illuminate\Pipeline\{closure}(Object(Illuminate\Http\Request))
#50 E:\xampp\htdocs\packult-web\vendor\laravel\framework\src\Illuminate\Foundation\Http\Kernel.php(142): Illuminate\Pipeline\Pipeline->then(Object(Closure))
#51 E:\xampp\htdocs\packult-web\vendor\laravel\framework\src\Illuminate\Foundation\Http\Kernel.php(111): Illuminate\Foundation\Http\Kernel->sendRequestThroughRouter(Object(Illuminate\Http\Request))
#52 E:\xampp\htdocs\packult-web\public\index.php(52): Illuminate\Foundation\Http\Kernel->handle(Object(Illuminate\Http\Request))
#53 E:\xampp\htdocs\packult-web\index.php(21): require_once('E:\\xampp\\htdocs...')
#54 {main}  
[2022-05-16 16:17:56] local.INFO: Initiating registeration process, starting at: 16:17:56:222004  
[2022-05-16 16:17:56] local.ERROR: Auth Exception: The phone country id field is required.  
[2022-05-16 16:18:13] local.INFO: Initiating registeration process, starting at: 16:18:13:990294  
[2022-05-16 16:18:14] local.ERROR: Auth Exception: The phone country id field is required.  
[2022-05-16 16:18:17] local.INFO: Initiating registeration process, starting at: 16:18:17:605374  
[2022-05-16 16:18:17] local.INFO: Vendor creation started!  
[2022-05-16 16:18:17] local.INFO: Existing vendor updated with email id: ven7@mail.com and phone number: 9999999999  
[2022-05-16 16:19:19] local.INFO: Initiating registeration process, starting at: 16:19:19:539611  
[2022-05-16 16:19:19] local.INFO: Vendor creation started!  
[2022-05-16 16:20:10] local.INFO: Initiating registeration process, starting at: 16:20:10:257230  
[2022-05-16 16:20:10] local.INFO: Vendor creation started!  
[2022-05-16 16:20:10] local.INFO: Vendor registered successfully with email id: ven8@mail.com and phone number: 1212121212  
[2022-05-16 16:20:51] local.INFO: Initiating registeration process, starting at: 16:20:51:702297  
[2022-05-16 16:20:51] local.INFO: Vendor creation started!  
[2022-05-16 16:20:51] local.INFO: Existing vendor updated with email id: ven8@mail.com and phone number: 1212121212  
[2022-05-16 18:06:35] local.ERROR: No arguments expected for "migrate" command, got "2022_05_16_121719_add_new_columns_to_order_table.php". {"exception":"[object] (Symfony\\Component\\Console\\Exception\\RuntimeException(code: 0): No arguments expected for \"migrate\" command, got \"2022_05_16_121719_add_new_columns_to_order_table.php\". at E:\\xampp\\htdocs\\packult-web\\vendor\\symfony\\console\\Input\\ArgvInput.php:193)
[stacktrace]
#0 E:\\xampp\\htdocs\\packult-web\\vendor\\symfony\\console\\Input\\ArgvInput.php(86): Symfony\\Component\\Console\\Input\\ArgvInput->parseArgument('2022_05_16_1217...')
#1 E:\\xampp\\htdocs\\packult-web\\vendor\\symfony\\console\\Input\\ArgvInput.php(71): Symfony\\Component\\Console\\Input\\ArgvInput->parseToken('2022_05_16_1217...', true)
#2 E:\\xampp\\htdocs\\packult-web\\vendor\\symfony\\console\\Input\\Input.php(55): Symfony\\Component\\Console\\Input\\ArgvInput->parse()
#3 E:\\xampp\\htdocs\\packult-web\\vendor\\symfony\\console\\Command\\Command.php(257): Symfony\\Component\\Console\\Input\\Input->bind(Object(Symfony\\Component\\Console\\Input\\InputDefinition))
#4 E:\\xampp\\htdocs\\packult-web\\vendor\\laravel\\framework\\src\\Illuminate\\Console\\Command.php(121): Symfony\\Component\\Console\\Command\\Command->run(Object(Symfony\\Component\\Console\\Input\\ArgvInput), Object(Illuminate\\Console\\OutputStyle))
#5 E:\\xampp\\htdocs\\packult-web\\vendor\\symfony\\console\\Application.php(1015): Illuminate\\Console\\Command->run(Object(Symfony\\Component\\Console\\Input\\ArgvInput), Object(Symfony\\Component\\Console\\Output\\ConsoleOutput))
#6 E:\\xampp\\htdocs\\packult-web\\vendor\\symfony\\console\\Application.php(299): Symfony\\Component\\Console\\Application->doRunCommand(Object(Illuminate\\Database\\Console\\Migrations\\MigrateCommand), Object(Symfony\\Component\\Console\\Input\\ArgvInput), Object(Symfony\\Component\\Console\\Output\\ConsoleOutput))
#7 E:\\xampp\\htdocs\\packult-web\\vendor\\symfony\\console\\Application.php(171): Symfony\\Component\\Console\\Application->doRun(Object(Symfony\\Component\\Console\\Input\\ArgvInput), Object(Symfony\\Component\\Console\\Output\\ConsoleOutput))
#8 E:\\xampp\\htdocs\\packult-web\\vendor\\laravel\\framework\\src\\Illuminate\\Console\\Application.php(94): Symfony\\Component\\Console\\Application->run(Object(Symfony\\Component\\Console\\Input\\ArgvInput), Object(Symfony\\Component\\Console\\Output\\ConsoleOutput))
#9 E:\\xampp\\htdocs\\packult-web\\vendor\\laravel\\framework\\src\\Illuminate\\Foundation\\Console\\Kernel.php(129): Illuminate\\Console\\Application->run(Object(Symfony\\Component\\Console\\Input\\ArgvInput), Object(Symfony\\Component\\Console\\Output\\ConsoleOutput))
#10 E:\\xampp\\htdocs\\packult-web\\artisan(37): Illuminate\\Foundation\\Console\\Kernel->handle(Object(Symfony\\Component\\Console\\Input\\ArgvInput), Object(Symfony\\Component\\Console\\Output\\ConsoleOutput))
#11 {main}
"} 
[2022-05-16 18:07:32] local.ERROR: File does not exist at path E:\xampp\htdocs\packult-web/database/migration/2022_05_16_121719_add_new_columns_to_order_table.php. {"exception":"[object] (Illuminate\\Contracts\\Filesystem\\FileNotFoundException(code: 0): File does not exist at path E:\\xampp\\htdocs\\packult-web/database/migration/2022_05_16_121719_add_new_columns_to_order_table.php. at E:\\xampp\\htdocs\\packult-web\\vendor\\laravel\\framework\\src\\Illuminate\\Filesystem\\Filesystem.php:136)
[stacktrace]
#0 E:\\xampp\\htdocs\\packult-web\\vendor\\laravel\\framework\\src\\Illuminate\\Database\\Migrations\\Migrator.php(547): Illuminate\\Filesystem\\Filesystem->requireOnce('E:\\\\xampp\\\\htdocs...')
#1 E:\\xampp\\htdocs\\packult-web\\vendor\\laravel\\framework\\src\\Illuminate\\Database\\Migrations\\Migrator.php(106): Illuminate\\Database\\Migrations\\Migrator->requireFiles(Array)
#2 E:\\xampp\\htdocs\\packult-web\\vendor\\laravel\\framework\\src\\Illuminate\\Database\\Console\\Migrations\\MigrateCommand.php(86): Illuminate\\Database\\Migrations\\Migrator->run(Array, Array)
#3 E:\\xampp\\htdocs\\packult-web\\vendor\\laravel\\framework\\src\\Illuminate\\Database\\Migrations\\Migrator.php(606): Illuminate\\Database\\Console\\Migrations\\MigrateCommand->Illuminate\\Database\\Console\\Migrations\\{closure}()
#4 E:\\xampp\\htdocs\\packult-web\\vendor\\laravel\\framework\\src\\Illuminate\\Database\\Console\\Migrations\\MigrateCommand.php(98): Illuminate\\Database\\Migrations\\Migrator->usingConnection(NULL, Object(Closure))
#5 E:\\xampp\\htdocs\\packult-web\\vendor\\laravel\\framework\\src\\Illuminate\\Container\\BoundMethod.php(36): Illuminate\\Database\\Console\\Migrations\\MigrateCommand->handle()
#6 E:\\xampp\\htdocs\\packult-web\\vendor\\laravel\\framework\\src\\Illuminate\\Container\\Util.php(40): Illuminate\\Container\\BoundMethod::Illuminate\\Container\\{closure}()
#7 E:\\xampp\\htdocs\\packult-web\\vendor\\laravel\\framework\\src\\Illuminate\\Container\\BoundMethod.php(93): Illuminate\\Container\\Util::unwrapIfClosure(Object(Closure))
#8 E:\\xampp\\htdocs\\packult-web\\vendor\\laravel\\framework\\src\\Illuminate\\Container\\BoundMethod.php(37): Illuminate\\Container\\BoundMethod::callBoundMethod(Object(Illuminate\\Foundation\\Application), Array, Object(Closure))
#9 E:\\xampp\\htdocs\\packult-web\\vendor\\laravel\\framework\\src\\Illuminate\\Container\\Container.php(653): Illuminate\\Container\\BoundMethod::call(Object(Illuminate\\Foundation\\Application), Array, Array, NULL)
#10 E:\\xampp\\htdocs\\packult-web\\vendor\\laravel\\framework\\src\\Illuminate\\Console\\Command.php(136): Illuminate\\Container\\Container->call(Array)
#11 E:\\xampp\\htdocs\\packult-web\\vendor\\symfony\\console\\Command\\Command.php(298): Illuminate\\Console\\Command->execute(Object(Symfony\\Component\\Console\\Input\\ArgvInput), Object(Illuminate\\Console\\OutputStyle))
#12 E:\\xampp\\htdocs\\packult-web\\vendor\\laravel\\framework\\src\\Illuminate\\Console\\Command.php(121): Symfony\\Component\\Console\\Command\\Command->run(Object(Symfony\\Component\\Console\\Input\\ArgvInput), Object(Illuminate\\Console\\OutputStyle))
#13 E:\\xampp\\htdocs\\packult-web\\vendor\\symfony\\console\\Application.php(1015): Illuminate\\Console\\Command->run(Object(Symfony\\Component\\Console\\Input\\ArgvInput), Object(Symfony\\Component\\Console\\Output\\ConsoleOutput))
#14 E:\\xampp\\htdocs\\packult-web\\vendor\\symfony\\console\\Application.php(299): Symfony\\Component\\Console\\Application->doRunCommand(Object(Illuminate\\Database\\Console\\Migrations\\MigrateCommand), Object(Symfony\\Component\\Console\\Input\\ArgvInput), Object(Symfony\\Component\\Console\\Output\\ConsoleOutput))
#15 E:\\xampp\\htdocs\\packult-web\\vendor\\symfony\\console\\Application.php(171): Symfony\\Component\\Console\\Application->doRun(Object(Symfony\\Component\\Console\\Input\\ArgvInput), Object(Symfony\\Component\\Console\\Output\\ConsoleOutput))
#16 E:\\xampp\\htdocs\\packult-web\\vendor\\laravel\\framework\\src\\Illuminate\\Console\\Application.php(94): Symfony\\Component\\Console\\Application->run(Object(Symfony\\Component\\Console\\Input\\ArgvInput), Object(Symfony\\Component\\Console\\Output\\ConsoleOutput))
#17 E:\\xampp\\htdocs\\packult-web\\vendor\\laravel\\framework\\src\\Illuminate\\Foundation\\Console\\Kernel.php(129): Illuminate\\Console\\Application->run(Object(Symfony\\Component\\Console\\Input\\ArgvInput), Object(Symfony\\Component\\Console\\Output\\ConsoleOutput))
#18 E:\\xampp\\htdocs\\packult-web\\artisan(37): Illuminate\\Foundation\\Console\\Kernel->handle(Object(Symfony\\Component\\Console\\Input\\ArgvInput), Object(Symfony\\Component\\Console\\Output\\ConsoleOutput))
#19 {main}
"} 
[2022-05-16 18:07:55] local.ERROR: File does not exist at path E:\xampp\htdocs\packult-web/database/migration/2022_05_16_121719_add_new_columns_to_order_table.php. {"exception":"[object] (Illuminate\\Contracts\\Filesystem\\FileNotFoundException(code: 0): File does not exist at path E:\\xampp\\htdocs\\packult-web/database/migration/2022_05_16_121719_add_new_columns_to_order_table.php. at E:\\xampp\\htdocs\\packult-web\\vendor\\laravel\\framework\\src\\Illuminate\\Filesystem\\Filesystem.php:136)
[stacktrace]
#0 E:\\xampp\\htdocs\\packult-web\\vendor\\laravel\\framework\\src\\Illuminate\\Database\\Migrations\\Migrator.php(547): Illuminate\\Filesystem\\Filesystem->requireOnce('E:\\\\xampp\\\\htdocs...')
#1 E:\\xampp\\htdocs\\packult-web\\vendor\\laravel\\framework\\src\\Illuminate\\Database\\Migrations\\Migrator.php(106): Illuminate\\Database\\Migrations\\Migrator->requireFiles(Array)
#2 E:\\xampp\\htdocs\\packult-web\\vendor\\laravel\\framework\\src\\Illuminate\\Database\\Console\\Migrations\\MigrateCommand.php(86): Illuminate\\Database\\Migrations\\Migrator->run(Array, Array)
#3 E:\\xampp\\htdocs\\packult-web\\vendor\\laravel\\framework\\src\\Illuminate\\Database\\Migrations\\Migrator.php(606): Illuminate\\Database\\Console\\Migrations\\MigrateCommand->Illuminate\\Database\\Console\\Migrations\\{closure}()
#4 E:\\xampp\\htdocs\\packult-web\\vendor\\laravel\\framework\\src\\Illuminate\\Database\\Console\\Migrations\\MigrateCommand.php(98): Illuminate\\Database\\Migrations\\Migrator->usingConnection(NULL, Object(Closure))
#5 E:\\xampp\\htdocs\\packult-web\\vendor\\laravel\\framework\\src\\Illuminate\\Container\\BoundMethod.php(36): Illuminate\\Database\\Console\\Migrations\\MigrateCommand->handle()
#6 E:\\xampp\\htdocs\\packult-web\\vendor\\laravel\\framework\\src\\Illuminate\\Container\\Util.php(40): Illuminate\\Container\\BoundMethod::Illuminate\\Container\\{closure}()
#7 E:\\xampp\\htdocs\\packult-web\\vendor\\laravel\\framework\\src\\Illuminate\\Container\\BoundMethod.php(93): Illuminate\\Container\\Util::unwrapIfClosure(Object(Closure))
#8 E:\\xampp\\htdocs\\packult-web\\vendor\\laravel\\framework\\src\\Illuminate\\Container\\BoundMethod.php(37): Illuminate\\Container\\BoundMethod::callBoundMethod(Object(Illuminate\\Foundation\\Application), Array, Object(Closure))
#9 E:\\xampp\\htdocs\\packult-web\\vendor\\laravel\\framework\\src\\Illuminate\\Container\\Container.php(653): Illuminate\\Container\\BoundMethod::call(Object(Illuminate\\Foundation\\Application), Array, Array, NULL)
#10 E:\\xampp\\htdocs\\packult-web\\vendor\\laravel\\framework\\src\\Illuminate\\Console\\Command.php(136): Illuminate\\Container\\Container->call(Array)
#11 E:\\xampp\\htdocs\\packult-web\\vendor\\symfony\\console\\Command\\Command.php(298): Illuminate\\Console\\Command->execute(Object(Symfony\\Component\\Console\\Input\\ArgvInput), Object(Illuminate\\Console\\OutputStyle))
#12 E:\\xampp\\htdocs\\packult-web\\vendor\\laravel\\framework\\src\\Illuminate\\Console\\Command.php(121): Symfony\\Component\\Console\\Command\\Command->run(Object(Symfony\\Component\\Console\\Input\\ArgvInput), Object(Illuminate\\Console\\OutputStyle))
#13 E:\\xampp\\htdocs\\packult-web\\vendor\\symfony\\console\\Application.php(1015): Illuminate\\Console\\Command->run(Object(Symfony\\Component\\Console\\Input\\ArgvInput), Object(Symfony\\Component\\Console\\Output\\ConsoleOutput))
#14 E:\\xampp\\htdocs\\packult-web\\vendor\\symfony\\console\\Application.php(299): Symfony\\Component\\Console\\Application->doRunCommand(Object(Illuminate\\Database\\Console\\Migrations\\MigrateCommand), Object(Symfony\\Component\\Console\\Input\\ArgvInput), Object(Symfony\\Component\\Console\\Output\\ConsoleOutput))
#15 E:\\xampp\\htdocs\\packult-web\\vendor\\symfony\\console\\Application.php(171): Symfony\\Component\\Console\\Application->doRun(Object(Symfony\\Component\\Console\\Input\\ArgvInput), Object(Symfony\\Component\\Console\\Output\\ConsoleOutput))
#16 E:\\xampp\\htdocs\\packult-web\\vendor\\laravel\\framework\\src\\Illuminate\\Console\\Application.php(94): Symfony\\Component\\Console\\Application->run(Object(Symfony\\Component\\Console\\Input\\ArgvInput), Object(Symfony\\Component\\Console\\Output\\ConsoleOutput))
#17 E:\\xampp\\htdocs\\packult-web\\vendor\\laravel\\framework\\src\\Illuminate\\Foundation\\Console\\Kernel.php(129): Illuminate\\Console\\Application->run(Object(Symfony\\Component\\Console\\Input\\ArgvInput), Object(Symfony\\Component\\Console\\Output\\ConsoleOutput))
#18 E:\\xampp\\htdocs\\packult-web\\artisan(37): Illuminate\\Foundation\\Console\\Kernel->handle(Object(Symfony\\Component\\Console\\Input\\ArgvInput), Object(Symfony\\Component\\Console\\Output\\ConsoleOutput))
#19 {main}
"} 
