[2022-05-21 10:30:39] local.INFO: Initiating Version check, starting at: 10:30:39:203727  
[2022-05-21 10:30:39] local.INFO: Version Check started!  
[2022-05-21 10:59:15] local.INFO: Logging in, starting at: 10:59:15:598508  
[2022-05-21 10:59:15] local.INFO: Login Successful!  
[2022-05-21 11:02:09] local.INFO: Initiating Version check, starting at: 11:02:09:692696  
[2022-05-21 11:02:09] local.INFO: Version Check started!  
[2022-05-21 11:02:45] local.INFO: Initiating Version check, starting at: 11:02:45:952163  
[2022-05-21 11:02:45] local.INFO: Version Check started!  
[2022-05-21 11:03:01] local.INFO: Initiating Version check, starting at: 11:03:01:228946  
[2022-05-21 11:03:01] local.INFO: Version Check started!  
[2022-05-21 11:03:28] local.INFO: Initiating Version check, starting at: 11:03:28:745796  
[2022-05-21 11:03:28] local.INFO: Version Check started!  
[2022-05-21 11:04:17] local.INFO: Initiating Version check, starting at: 11:04:17:231022  
[2022-05-21 11:04:17] local.INFO: Version Check started!  
[2022-05-21 11:05:17] local.INFO: Initiating Version check, starting at: 11:05:17:012035  
[2022-05-21 11:05:17] local.INFO: Version Check started!  
[2022-05-21 11:05:40] local.INFO: Initiating Version check, starting at: 11:05:40:561727  
[2022-05-21 11:05:40] local.INFO: Version Check started!  
[2022-05-21 11:05:51] local.INFO: Initiating Version check, starting at: 11:05:51:386730  
[2022-05-21 11:05:51] local.INFO: Version Check started!  
[2022-05-21 11:05:51] local.ERROR: Registeration failed: in_array() expects parameter 2 to be array, int given  
[2022-05-21 11:06:32] local.INFO: Initiating Version check, starting at: 11:06:32:390735  
[2022-05-21 11:06:32] local.INFO: Version Check started!  
[2022-05-21 11:06:32] local.ERROR: Registeration failed: in_array() expects parameter 2 to be array, int given  
[2022-05-21 11:08:09] local.INFO: Initiating Version check, starting at: 11:08:09:467441  
[2022-05-21 11:08:09] local.INFO: Version Check started!  
[2022-05-21 11:08:09] local.ERROR: Registeration failed: in_array() expects parameter 2 to be array, null given  
[2022-05-21 11:09:19] local.INFO: Initiating Version check, starting at: 11:09:19:842712  
[2022-05-21 11:09:19] local.INFO: Version Check started!  
[2022-05-21 11:09:19] local.ERROR: Registeration failed: in_array() expects parameter 2 to be array, null given  
[2022-05-21 11:09:27] local.INFO: Initiating Version check, starting at: 11:09:27:502633  
[2022-05-21 11:09:27] local.INFO: Version Check started!  
[2022-05-21 11:28:02] local.INFO: Initiating Version check, starting at: 11:28:02:127478  
[2022-05-21 11:28:02] local.INFO: Version Check started!  
[2022-05-21 11:28:30] local.INFO: Initiating Version check, starting at: 11:28:30:993325  
[2022-05-21 11:28:30] local.INFO: Version Check started!  
[2022-05-21 11:29:10] local.INFO: Initiating Version check, starting at: 11:29:10:232609  
[2022-05-21 11:29:10] local.INFO: Version Check started!  
[2022-05-21 11:29:39] local.INFO: Initiating Version check, starting at: 11:29:39:528188  
[2022-05-21 11:29:39] local.INFO: Version Check started!  
[2022-05-21 11:29:51] local.INFO: Initiating Version check, starting at: 11:29:51:147692  
[2022-05-21 11:29:51] local.INFO: Version Check started!  
[2022-05-21 11:30:04] local.INFO: Initiating Version check, starting at: 11:30:04:029556  
[2022-05-21 11:30:04] local.INFO: Version Check started!  
[2022-05-21 11:30:19] local.INFO: Initiating Version check, starting at: 11:30:19:455269  
[2022-05-21 11:30:19] local.INFO: Version Check started!  
[2022-05-21 11:30:31] local.INFO: Initiating Version check, starting at: 11:30:31:758510  
[2022-05-21 11:30:31] local.INFO: Version Check started!  
[2022-05-21 11:31:45] local.INFO: Initiating Version check, starting at: 11:31:45:780252  
[2022-05-21 11:31:45] local.INFO: Version Check started!  
[2022-05-21 11:31:45] local.ERROR: Registeration failed: in_array() expects parameter 2 to be array, string given  
[2022-05-21 11:34:53] local.INFO: Initiating Version check, starting at: 11:34:53:537004  
[2022-05-21 11:34:53] local.INFO: Version Check started!  
[2022-05-21 11:34:53] local.ERROR: Registeration failed: in_array() expects parameter 2 to be array, string given  
[2022-05-21 11:51:17] local.INFO: Logging in vendor, starting at: 11:51:17:260246  
[2022-05-21 11:51:44] local.INFO: Logging in vendor, starting at: 11:51:44:693135  
[2022-05-21 11:52:02] local.INFO: Logging in vendor, starting at: 11:52:02:465999  
[2022-05-21 11:52:49] local.INFO: Logging in vendor, starting at: 11:52:49:853922  
[2022-05-21 11:53:46] local.INFO: Logging in vendor, starting at: 11:53:46:987280  
[2022-05-21 11:54:06] local.INFO: Logging in vendor, starting at: 11:54:06:914017  
[2022-05-21 11:55:16] local.INFO: Logging in vendor, starting at: 11:55:16:543351  
[2022-05-21 11:55:16] local.ERROR: Login failed: SQLSTATE[HY000]: General error: 1364 Field 'vendor_id' doesn't have a default value (SQL: insert into `vendor_devices` (`updated_at`, `created_at`) values (2022-05-21 11:55:16, 2022-05-21 11:55:16))  
[2022-05-21 11:56:30] local.INFO: Logging in vendor, starting at: 11:56:30:335699  
[2022-05-21 11:57:03] local.INFO: Logging in vendor, starting at: 11:57:03:332531  
[2022-05-21 11:57:42] local.INFO: Logging in vendor, starting at: 11:57:42:733765  
[2022-05-21 11:58:05] local.INFO: Logging in vendor, starting at: 11:58:05:046848  
[2022-05-21 12:00:39] local.INFO: Logging in vendor, starting at: 12:00:39:052616  
[2022-05-21 12:05:37] local.ERROR: Material fetching failed: Undefined variable: request  
[2022-05-21 12:08:33] local.ERROR: Material fetching failed: Trying to get property 'remember_token' of non-object  
[2022-05-21 12:10:01] local.INFO: Change Password process, starting at: 12:10:01:937328  
[2022-05-21 12:16:43] local.INFO: Logging in vendor, starting at: 12:16:43:921697  
[2022-05-21 12:17:20] local.INFO: Logging in vendor, starting at: 12:17:20:565709  
[2022-05-21 12:21:56] local.INFO: Logging in vendor, starting at: 12:21:56:532055  
[2022-05-21 14:01:11] local.INFO: Initiating Version check, starting at: 14:01:11:177086  
[2022-05-21 14:01:11] local.INFO: Version Check started!  
[2022-05-21 14:01:37] local.INFO: Initiating Version check, starting at: 14:01:37:016759  
[2022-05-21 14:01:37] local.INFO: Version Check started!  
[2022-05-21 14:01:37] local.ERROR: Registeration failed: in_array() expects parameter 2 to be array, string given  
[2022-05-21 14:01:49] local.INFO: Initiating Version check, starting at: 14:01:49:632584  
[2022-05-21 14:01:49] local.INFO: Version Check started!  
[2022-05-21 14:02:20] local.INFO: Initiating Version check, starting at: 14:02:20:220534  
[2022-05-21 14:02:20] local.INFO: Version Check started!  
[2022-05-21 14:02:29] local.INFO: Initiating Version check, starting at: 14:02:29:096299  
[2022-05-21 14:02:29] local.INFO: Version Check started!  
[2022-05-21 14:02:35] local.INFO: Initiating Version check, starting at: 14:02:35:912369  
[2022-05-21 14:02:35] local.INFO: Version Check started!  
[2022-05-21 14:02:48] local.INFO: Initiating Version check, starting at: 14:02:48:180661  
[2022-05-21 14:02:48] local.INFO: Version Check started!  
[2022-05-21 14:03:31] local.INFO: Initiating Version check, starting at: 14:03:31:581499  
[2022-05-21 14:03:31] local.INFO: Version Check started!  
[2022-05-21 14:03:59] local.INFO: Initiating Version check, starting at: 14:03:59:184438  
[2022-05-21 14:03:59] local.INFO: Version Check started!  
[2022-05-21 14:04:39] local.INFO: Initiating Version check, starting at: 14:04:39:313873  
[2022-05-21 14:04:39] local.INFO: Version Check started!  
[2022-05-21 14:04:39] local.ERROR: Registeration failed: Undefined offset: 0  
[2022-05-21 14:08:55] local.INFO: Initiating Version check, starting at: 14:08:55:955033  
[2022-05-21 14:08:55] local.INFO: Version Check started!  
[2022-05-21 14:09:10] local.INFO: Initiating Version check, starting at: 14:09:10:461104  
[2022-05-21 14:09:10] local.INFO: Version Check started!  
[2022-05-21 14:09:25] local.INFO: Initiating Version check, starting at: 14:09:25:083031  
[2022-05-21 14:09:25] local.INFO: Version Check started!  
[2022-05-21 14:09:41] local.INFO: Initiating Version check, starting at: 14:09:41:651077  
[2022-05-21 14:09:41] local.INFO: Version Check started!  
[2022-05-21 14:10:08] local.INFO: Initiating Version check, starting at: 14:10:08:760614  
[2022-05-21 14:10:08] local.INFO: Version Check started!  
[2022-05-21 14:10:45] local.INFO: Initiating Version check, starting at: 14:10:45:661432  
[2022-05-21 14:10:45] local.INFO: Version Check started!  
[2022-05-21 14:10:50] local.INFO: Initiating Version check, starting at: 14:10:50:572670  
[2022-05-21 14:10:50] local.INFO: Version Check started!  
[2022-05-21 14:11:03] local.INFO: Initiating Version check, starting at: 14:11:03:161576  
[2022-05-21 14:11:03] local.INFO: Version Check started!  
[2022-05-21 14:11:07] local.INFO: Initiating Version check, starting at: 14:11:07:591120  
[2022-05-21 14:11:07] local.INFO: Version Check started!  
[2022-05-21 14:11:14] local.INFO: Initiating Version check, starting at: 14:11:14:781689  
[2022-05-21 14:11:14] local.INFO: Version Check started!  
[2022-05-21 14:11:22] local.INFO: Initiating Version check, starting at: 14:11:22:912769  
[2022-05-21 14:11:22] local.INFO: Version Check started!  
[2022-05-21 14:27:09] local.INFO: Initiating Version check, starting at: 14:27:09:723430  
[2022-05-21 14:27:09] local.INFO: Version Check started!  
[2022-05-21 14:28:14] local.INFO: Initiating Version check, starting at: 14:28:14:861854  
[2022-05-21 14:28:14] local.INFO: Version Check started!  
[2022-05-21 14:28:43] local.INFO: Initiating Version check, starting at: 14:28:43:562781  
[2022-05-21 14:28:43] local.INFO: Version Check started!  
[2022-05-21 14:28:43] local.ERROR: Registeration failed: json_decode() expects parameter 1 to be string, array given  
[2022-05-21 14:29:33] local.INFO: Initiating Version check, starting at: 14:29:33:855518  
[2022-05-21 14:29:33] local.INFO: Version Check started!  
[2022-05-21 14:30:47] local.INFO: Initiating Version check, starting at: 14:30:47:116677  
[2022-05-21 14:30:47] local.INFO: Version Check started!  
[2022-05-21 14:31:48] local.INFO: Initiating Version check, starting at: 14:31:48:827138  
[2022-05-21 14:31:48] local.INFO: Version Check started!  
[2022-05-21 14:33:30] local.INFO: Initiating Version check, starting at: 14:33:30:110924  
[2022-05-21 14:33:30] local.INFO: Version Check started!  
[2022-05-21 14:35:13] local.INFO: Initiating Version check, starting at: 14:35:13:885552  
[2022-05-21 14:35:13] local.INFO: Version Check started!  
[2022-05-21 14:35:21] local.INFO: Initiating Version check, starting at: 14:35:21:959583  
[2022-05-21 14:35:21] local.INFO: Version Check started!  
[2022-05-21 14:35:33] local.INFO: Initiating Version check, starting at: 14:35:33:016714  
[2022-05-21 14:35:33] local.INFO: Version Check started!  
[2022-05-21 14:36:04] local.INFO: Initiating Version check, starting at: 14:36:04:911771  
[2022-05-21 14:36:04] local.INFO: Version Check started!  
[2022-05-21 14:36:11] local.INFO: Initiating Version check, starting at: 14:36:11:741344  
[2022-05-21 14:36:11] local.INFO: Version Check started!  
[2022-05-21 15:06:29] local.INFO: Initiating registeration process, starting at: 15:06:29:396182  
[2022-05-21 15:06:29] local.INFO: Vendor creation started!  
[2022-05-21 15:06:29] local.INFO: Vendor registered successfully with email id: newv@mail.com and phone number: 9898989898  
[2022-05-21 15:09:25] local.INFO: OTP sending process starts, starting at: 15:09:25:853948  
[2022-05-21 15:09:25] local.INFO: OTP saved.  
[2022-05-21 15:09:25] local.INFO: OTP sent successfully to mobile number: 9898989898  
[2022-05-21 15:09:58] local.INFO: OTP verification process starts, starting at: 15:09:58:907422  
[2022-05-21 15:11:19] local.INFO: Logging in vendor, starting at: 15:11:19:847231  
[2022-05-21 15:43:33] local.INFO: Change Password process, starting at: 15:43:33:929846  
[2022-05-21 15:43:57] local.INFO: Change Password process, starting at: 15:43:57:995122  
[2022-05-21 15:44:16] local.INFO: Change Password process, starting at: 15:44:16:397318  
[2022-05-21 15:44:25] local.INFO: Change Password process, starting at: 15:44:25:469248  
[2022-05-21 15:44:25] local.ERROR: Auth Exception: The new password must be at least 8 characters.  
[2022-05-21 15:44:34] local.INFO: Change Password process, starting at: 15:44:34:897030  
[2022-05-21 15:44:48] local.INFO: Change Password process, starting at: 15:44:48:122493  
[2022-05-21 15:46:23] local.INFO: Logging in vendor, starting at: 15:46:23:194768  
[2022-05-21 15:48:29] local.INFO: Change Password process, starting at: 15:48:29:099077  
[2022-05-21 15:49:00] local.INFO: Change Password process, starting at: 15:49:00:595441  
[2022-05-21 15:51:27] local.INFO: Initiating Version check, starting at: 15:51:27:395386  
[2022-05-21 15:51:27] local.INFO: Version Check started!  
[2022-05-21 15:52:05] local.INFO: Initiating Version check, starting at: 15:52:05:046086  
[2022-05-21 15:52:05] local.INFO: Version Check started!  
[2022-05-21 15:59:27] local.INFO: Change Password process, starting at: 15:59:27:505383  
[2022-05-21 16:00:08] local.INFO: Change Password process, starting at: 16:00:08:844186  
[2022-05-21 16:00:17] local.INFO: Change Password process, starting at: 16:00:17:189940  
[2022-05-21 16:03:44] local.INFO: Change Password process, starting at: 16:03:44:790509  
[2022-05-21 16:03:44] local.ERROR: Argument 1 passed to Illuminate\Database\Eloquent\Builder::update() must be of the type array, string given, called in E:\xampp\htdocs\packult-web\app\Http\Controllers\vendorapi\ChangePasswordController.php on line 54 {"exception":"[object] (TypeError(code: 0): Argument 1 passed to Illuminate\\Database\\Eloquent\\Builder::update() must be of the type array, string given, called in E:\\xampp\\htdocs\\packult-web\\app\\Http\\Controllers\\vendorapi\\ChangePasswordController.php on line 54 at E:\\xampp\\htdocs\\packult-web\\vendor\\laravel\\framework\\src\\Illuminate\\Database\\Eloquent\\Builder.php:919)
[stacktrace]
#0 E:\\xampp\\htdocs\\packult-web\\app\\Http\\Controllers\\vendorapi\\ChangePasswordController.php(54): Illuminate\\Database\\Eloquent\\Builder->update('f1b47c85223ffe0...')
#1 E:\\xampp\\htdocs\\packult-web\\vendor\\laravel\\framework\\src\\Illuminate\\Routing\\Controller.php(54): App\\Http\\Controllers\\vendorapi\\ChangePasswordController->index(Object(Illuminate\\Http\\Request))
#2 E:\\xampp\\htdocs\\packult-web\\vendor\\laravel\\framework\\src\\Illuminate\\Routing\\ControllerDispatcher.php(45): Illuminate\\Routing\\Controller->callAction('index', Array)
#3 E:\\xampp\\htdocs\\packult-web\\vendor\\laravel\\framework\\src\\Illuminate\\Routing\\Route.php(262): Illuminate\\Routing\\ControllerDispatcher->dispatch(Object(Illuminate\\Routing\\Route), Object(App\\Http\\Controllers\\vendorapi\\ChangePasswordController), 'index')
#4 E:\\xampp\\htdocs\\packult-web\\vendor\\laravel\\framework\\src\\Illuminate\\Routing\\Route.php(205): Illuminate\\Routing\\Route->runController()
#5 E:\\xampp\\htdocs\\packult-web\\vendor\\laravel\\framework\\src\\Illuminate\\Routing\\Router.php(721): Illuminate\\Routing\\Route->run()
#6 E:\\xampp\\htdocs\\packult-web\\vendor\\laravel\\framework\\src\\Illuminate\\Pipeline\\Pipeline.php(128): Illuminate\\Routing\\Router->Illuminate\\Routing\\{closure}(Object(Illuminate\\Http\\Request))
#7 E:\\xampp\\htdocs\\packult-web\\app\\Http\\Middleware\\VendorTokenAuth.php(48): Illuminate\\Pipeline\\Pipeline->Illuminate\\Pipeline\\{closure}(Object(Illuminate\\Http\\Request))
#8 E:\\xampp\\htdocs\\packult-web\\vendor\\laravel\\framework\\src\\Illuminate\\Pipeline\\Pipeline.php(167): App\\Http\\Middleware\\VendorTokenAuth->handle(Object(Illuminate\\Http\\Request), Object(Closure))
#9 E:\\xampp\\htdocs\\packult-web\\app\\Http\\Middleware\\VendorBasicAuth.php(74): Illuminate\\Pipeline\\Pipeline->Illuminate\\Pipeline\\{closure}(Object(Illuminate\\Http\\Request))
#10 E:\\xampp\\htdocs\\packult-web\\vendor\\laravel\\framework\\src\\Illuminate\\Pipeline\\Pipeline.php(167): App\\Http\\Middleware\\VendorBasicAuth->handle(Object(Illuminate\\Http\\Request), Object(Closure))
#11 E:\\xampp\\htdocs\\packult-web\\vendor\\laravel\\framework\\src\\Illuminate\\Routing\\Middleware\\SubstituteBindings.php(50): Illuminate\\Pipeline\\Pipeline->Illuminate\\Pipeline\\{closure}(Object(Illuminate\\Http\\Request))
#12 E:\\xampp\\htdocs\\packult-web\\vendor\\laravel\\framework\\src\\Illuminate\\Pipeline\\Pipeline.php(167): Illuminate\\Routing\\Middleware\\SubstituteBindings->handle(Object(Illuminate\\Http\\Request), Object(Closure))
#13 E:\\xampp\\htdocs\\packult-web\\vendor\\laravel\\framework\\src\\Illuminate\\Routing\\Middleware\\ThrottleRequests.php(127): Illuminate\\Pipeline\\Pipeline->Illuminate\\Pipeline\\{closure}(Object(Illuminate\\Http\\Request))
#14 E:\\xampp\\htdocs\\packult-web\\vendor\\laravel\\framework\\src\\Illuminate\\Routing\\Middleware\\ThrottleRequests.php(103): Illuminate\\Routing\\Middleware\\ThrottleRequests->handleRequest(Object(Illuminate\\Http\\Request), Object(Closure), Array)
#15 E:\\xampp\\htdocs\\packult-web\\vendor\\laravel\\framework\\src\\Illuminate\\Routing\\Middleware\\ThrottleRequests.php(55): Illuminate\\Routing\\Middleware\\ThrottleRequests->handleRequestUsingNamedLimiter(Object(Illuminate\\Http\\Request), Object(Closure), 'api', Object(Closure))
#16 E:\\xampp\\htdocs\\packult-web\\vendor\\laravel\\framework\\src\\Illuminate\\Pipeline\\Pipeline.php(167): Illuminate\\Routing\\Middleware\\ThrottleRequests->handle(Object(Illuminate\\Http\\Request), Object(Closure), 'api')
#17 E:\\xampp\\htdocs\\packult-web\\vendor\\laravel\\framework\\src\\Illuminate\\Pipeline\\Pipeline.php(103): Illuminate\\Pipeline\\Pipeline->Illuminate\\Pipeline\\{closure}(Object(Illuminate\\Http\\Request))
#18 E:\\xampp\\htdocs\\packult-web\\vendor\\laravel\\framework\\src\\Illuminate\\Routing\\Router.php(723): Illuminate\\Pipeline\\Pipeline->then(Object(Closure))
#19 E:\\xampp\\htdocs\\packult-web\\vendor\\laravel\\framework\\src\\Illuminate\\Routing\\Router.php(698): Illuminate\\Routing\\Router->runRouteWithinStack(Object(Illuminate\\Routing\\Route), Object(Illuminate\\Http\\Request))
#20 E:\\xampp\\htdocs\\packult-web\\vendor\\laravel\\framework\\src\\Illuminate\\Routing\\Router.php(662): Illuminate\\Routing\\Router->runRoute(Object(Illuminate\\Http\\Request), Object(Illuminate\\Routing\\Route))
#21 E:\\xampp\\htdocs\\packult-web\\vendor\\laravel\\framework\\src\\Illuminate\\Routing\\Router.php(651): Illuminate\\Routing\\Router->dispatchToRoute(Object(Illuminate\\Http\\Request))
#22 E:\\xampp\\htdocs\\packult-web\\vendor\\laravel\\framework\\src\\Illuminate\\Foundation\\Http\\Kernel.php(167): Illuminate\\Routing\\Router->dispatch(Object(Illuminate\\Http\\Request))
#23 E:\\xampp\\htdocs\\packult-web\\vendor\\laravel\\framework\\src\\Illuminate\\Pipeline\\Pipeline.php(128): Illuminate\\Foundation\\Http\\Kernel->Illuminate\\Foundation\\Http\\{closure}(Object(Illuminate\\Http\\Request))
#24 E:\\xampp\\htdocs\\packult-web\\vendor\\laravel\\framework\\src\\Illuminate\\Foundation\\Http\\Middleware\\TransformsRequest.php(21): Illuminate\\Pipeline\\Pipeline->Illuminate\\Pipeline\\{closure}(Object(Illuminate\\Http\\Request))
#25 E:\\xampp\\htdocs\\packult-web\\vendor\\laravel\\framework\\src\\Illuminate\\Foundation\\Http\\Middleware\\ConvertEmptyStringsToNull.php(31): Illuminate\\Foundation\\Http\\Middleware\\TransformsRequest->handle(Object(Illuminate\\Http\\Request), Object(Closure))
#26 E:\\xampp\\htdocs\\packult-web\\vendor\\laravel\\framework\\src\\Illuminate\\Pipeline\\Pipeline.php(167): Illuminate\\Foundation\\Http\\Middleware\\ConvertEmptyStringsToNull->handle(Object(Illuminate\\Http\\Request), Object(Closure))
#27 E:\\xampp\\htdocs\\packult-web\\vendor\\laravel\\framework\\src\\Illuminate\\Foundation\\Http\\Middleware\\TransformsRequest.php(21): Illuminate\\Pipeline\\Pipeline->Illuminate\\Pipeline\\{closure}(Object(Illuminate\\Http\\Request))
#28 E:\\xampp\\htdocs\\packult-web\\vendor\\laravel\\framework\\src\\Illuminate\\Foundation\\Http\\Middleware\\TrimStrings.php(40): Illuminate\\Foundation\\Http\\Middleware\\TransformsRequest->handle(Object(Illuminate\\Http\\Request), Object(Closure))
#29 E:\\xampp\\htdocs\\packult-web\\vendor\\laravel\\framework\\src\\Illuminate\\Pipeline\\Pipeline.php(167): Illuminate\\Foundation\\Http\\Middleware\\TrimStrings->handle(Object(Illuminate\\Http\\Request), Object(Closure))
#30 E:\\xampp\\htdocs\\packult-web\\vendor\\laravel\\framework\\src\\Illuminate\\Foundation\\Http\\Middleware\\ValidatePostSize.php(27): Illuminate\\Pipeline\\Pipeline->Illuminate\\Pipeline\\{closure}(Object(Illuminate\\Http\\Request))
#31 E:\\xampp\\htdocs\\packult-web\\vendor\\laravel\\framework\\src\\Illuminate\\Pipeline\\Pipeline.php(167): Illuminate\\Foundation\\Http\\Middleware\\ValidatePostSize->handle(Object(Illuminate\\Http\\Request), Object(Closure))
#32 E:\\xampp\\htdocs\\packult-web\\vendor\\laravel\\framework\\src\\Illuminate\\Foundation\\Http\\Middleware\\PreventRequestsDuringMaintenance.php(86): Illuminate\\Pipeline\\Pipeline->Illuminate\\Pipeline\\{closure}(Object(Illuminate\\Http\\Request))
#33 E:\\xampp\\htdocs\\packult-web\\vendor\\laravel\\framework\\src\\Illuminate\\Pipeline\\Pipeline.php(167): Illuminate\\Foundation\\Http\\Middleware\\PreventRequestsDuringMaintenance->handle(Object(Illuminate\\Http\\Request), Object(Closure))
#34 E:\\xampp\\htdocs\\packult-web\\vendor\\fruitcake\\laravel-cors\\src\\HandleCors.php(38): Illuminate\\Pipeline\\Pipeline->Illuminate\\Pipeline\\{closure}(Object(Illuminate\\Http\\Request))
#35 E:\\xampp\\htdocs\\packult-web\\vendor\\laravel\\framework\\src\\Illuminate\\Pipeline\\Pipeline.php(167): Fruitcake\\Cors\\HandleCors->handle(Object(Illuminate\\Http\\Request), Object(Closure))
#36 E:\\xampp\\htdocs\\packult-web\\vendor\\fideloper\\proxy\\src\\TrustProxies.php(57): Illuminate\\Pipeline\\Pipeline->Illuminate\\Pipeline\\{closure}(Object(Illuminate\\Http\\Request))
#37 E:\\xampp\\htdocs\\packult-web\\vendor\\laravel\\framework\\src\\Illuminate\\Pipeline\\Pipeline.php(167): Fideloper\\Proxy\\TrustProxies->handle(Object(Illuminate\\Http\\Request), Object(Closure))
#38 E:\\xampp\\htdocs\\packult-web\\vendor\\laravel\\framework\\src\\Illuminate\\Pipeline\\Pipeline.php(103): Illuminate\\Pipeline\\Pipeline->Illuminate\\Pipeline\\{closure}(Object(Illuminate\\Http\\Request))
#39 E:\\xampp\\htdocs\\packult-web\\vendor\\laravel\\framework\\src\\Illuminate\\Foundation\\Http\\Kernel.php(142): Illuminate\\Pipeline\\Pipeline->then(Object(Closure))
#40 E:\\xampp\\htdocs\\packult-web\\vendor\\laravel\\framework\\src\\Illuminate\\Foundation\\Http\\Kernel.php(111): Illuminate\\Foundation\\Http\\Kernel->sendRequestThroughRouter(Object(Illuminate\\Http\\Request))
#41 E:\\xampp\\htdocs\\packult-web\\public\\index.php(52): Illuminate\\Foundation\\Http\\Kernel->handle(Object(Illuminate\\Http\\Request))
#42 E:\\xampp\\htdocs\\packult-web\\index.php(21): require_once('E:\\\\xampp\\\\htdocs...')
#43 {main}
"} 
[2022-05-21 16:04:54] local.INFO: Change Password process, starting at: 16:04:54:142263  
[2022-05-21 16:04:54] local.ERROR: Change Password failed: SQLSTATE[42S22]: Column not found: 1054 Unknown column '0' in 'field list' (SQL: update `vendors` set `0` = ["vendor_password","f1b47c85223ffe0200870798a1562ed6"], `vendors`.`updated_at` = 2022-05-21 16:04:54 where `id` = 15 and `vendors`.`deleted_at` is null)  
[2022-05-21 16:06:19] local.INFO: Change Password process, starting at: 16:06:19:498819  
[2022-05-21 16:06:19] local.ERROR: Change Password failed: SQLSTATE[42S22]: Column not found: 1054 Unknown column '0' in 'field list' (SQL: update `vendors` set `0` = vendor_password, `1` = f1b47c85223ffe0200870798a1562ed6, `vendors`.`updated_at` = 2022-05-21 16:06:19 where `id` = 15 and `vendors`.`deleted_at` is null)  
[2022-05-21 16:07:04] local.INFO: Change Password process, starting at: 16:07:04:346930  
[2022-05-21 16:07:07] local.INFO: Change Password process, starting at: 16:07:07:418310  
[2022-05-21 16:07:11] local.INFO: Change Password process, starting at: 16:07:11:994989  
[2022-05-21 16:07:17] local.INFO: Change Password process, starting at: 16:07:17:546368  
[2022-05-21 16:07:19] local.INFO: Change Password process, starting at: 16:07:19:714997  
[2022-05-21 17:13:52] local.INFO: Logging in, starting at: 17:13:52:765397  
[2022-05-21 17:13:52] local.INFO: Login Successful!  
[2022-05-21 17:14:00] local.ERROR: Call to undefined function App\Http\Controllers\Backend\addressType() {"exception":"[object] (Error(code: 0): Call to undefined function App\\Http\\Controllers\\Backend\\addressType() at E:\\xampp\\htdocs\\packult-web\\app\\Http\\Controllers\\Backend\\UserAddressController.php:131)
[stacktrace]
#0 E:\\xampp\\htdocs\\packult-web\\vendor\\laravel\\framework\\src\\Illuminate\\Routing\\Controller.php(54): App\\Http\\Controllers\\Backend\\UserAddressController->add()
#1 E:\\xampp\\htdocs\\packult-web\\vendor\\laravel\\framework\\src\\Illuminate\\Routing\\ControllerDispatcher.php(45): Illuminate\\Routing\\Controller->callAction('add', Array)
#2 E:\\xampp\\htdocs\\packult-web\\vendor\\laravel\\framework\\src\\Illuminate\\Routing\\Route.php(262): Illuminate\\Routing\\ControllerDispatcher->dispatch(Object(Illuminate\\Routing\\Route), Object(App\\Http\\Controllers\\Backend\\UserAddressController), 'add')
#3 E:\\xampp\\htdocs\\packult-web\\vendor\\laravel\\framework\\src\\Illuminate\\Routing\\Route.php(205): Illuminate\\Routing\\Route->runController()
#4 E:\\xampp\\htdocs\\packult-web\\vendor\\laravel\\framework\\src\\Illuminate\\Routing\\Router.php(721): Illuminate\\Routing\\Route->run()
#5 E:\\xampp\\htdocs\\packult-web\\vendor\\laravel\\framework\\src\\Illuminate\\Pipeline\\Pipeline.php(128): Illuminate\\Routing\\Router->Illuminate\\Routing\\{closure}(Object(Illuminate\\Http\\Request))
#6 E:\\xampp\\htdocs\\packult-web\\app\\Http\\Middleware\\CustomAuth.php(35): Illuminate\\Pipeline\\Pipeline->Illuminate\\Pipeline\\{closure}(Object(Illuminate\\Http\\Request))
#7 E:\\xampp\\htdocs\\packult-web\\vendor\\laravel\\framework\\src\\Illuminate\\Pipeline\\Pipeline.php(167): App\\Http\\Middleware\\CustomAuth->handle(Object(Illuminate\\Http\\Request), Object(Closure))
#8 E:\\xampp\\htdocs\\packult-web\\vendor\\laravel\\framework\\src\\Illuminate\\Routing\\Middleware\\SubstituteBindings.php(50): Illuminate\\Pipeline\\Pipeline->Illuminate\\Pipeline\\{closure}(Object(Illuminate\\Http\\Request))
#9 E:\\xampp\\htdocs\\packult-web\\vendor\\laravel\\framework\\src\\Illuminate\\Pipeline\\Pipeline.php(167): Illuminate\\Routing\\Middleware\\SubstituteBindings->handle(Object(Illuminate\\Http\\Request), Object(Closure))
#10 E:\\xampp\\htdocs\\packult-web\\vendor\\laravel\\framework\\src\\Illuminate\\Foundation\\Http\\Middleware\\VerifyCsrfToken.php(78): Illuminate\\Pipeline\\Pipeline->Illuminate\\Pipeline\\{closure}(Object(Illuminate\\Http\\Request))
#11 E:\\xampp\\htdocs\\packult-web\\vendor\\laravel\\framework\\src\\Illuminate\\Pipeline\\Pipeline.php(167): Illuminate\\Foundation\\Http\\Middleware\\VerifyCsrfToken->handle(Object(Illuminate\\Http\\Request), Object(Closure))
#12 E:\\xampp\\htdocs\\packult-web\\vendor\\laravel\\framework\\src\\Illuminate\\View\\Middleware\\ShareErrorsFromSession.php(49): Illuminate\\Pipeline\\Pipeline->Illuminate\\Pipeline\\{closure}(Object(Illuminate\\Http\\Request))
#13 E:\\xampp\\htdocs\\packult-web\\vendor\\laravel\\framework\\src\\Illuminate\\Pipeline\\Pipeline.php(167): Illuminate\\View\\Middleware\\ShareErrorsFromSession->handle(Object(Illuminate\\Http\\Request), Object(Closure))
#14 E:\\xampp\\htdocs\\packult-web\\vendor\\laravel\\framework\\src\\Illuminate\\Session\\Middleware\\StartSession.php(121): Illuminate\\Pipeline\\Pipeline->Illuminate\\Pipeline\\{closure}(Object(Illuminate\\Http\\Request))
#15 E:\\xampp\\htdocs\\packult-web\\vendor\\laravel\\framework\\src\\Illuminate\\Session\\Middleware\\StartSession.php(64): Illuminate\\Session\\Middleware\\StartSession->handleStatefulRequest(Object(Illuminate\\Http\\Request), Object(Illuminate\\Session\\Store), Object(Closure))
#16 E:\\xampp\\htdocs\\packult-web\\vendor\\laravel\\framework\\src\\Illuminate\\Pipeline\\Pipeline.php(167): Illuminate\\Session\\Middleware\\StartSession->handle(Object(Illuminate\\Http\\Request), Object(Closure))
#17 E:\\xampp\\htdocs\\packult-web\\vendor\\laravel\\framework\\src\\Illuminate\\Cookie\\Middleware\\AddQueuedCookiesToResponse.php(37): Illuminate\\Pipeline\\Pipeline->Illuminate\\Pipeline\\{closure}(Object(Illuminate\\Http\\Request))
#18 E:\\xampp\\htdocs\\packult-web\\vendor\\laravel\\framework\\src\\Illuminate\\Pipeline\\Pipeline.php(167): Illuminate\\Cookie\\Middleware\\AddQueuedCookiesToResponse->handle(Object(Illuminate\\Http\\Request), Object(Closure))
#19 E:\\xampp\\htdocs\\packult-web\\vendor\\laravel\\framework\\src\\Illuminate\\Cookie\\Middleware\\EncryptCookies.php(67): Illuminate\\Pipeline\\Pipeline->Illuminate\\Pipeline\\{closure}(Object(Illuminate\\Http\\Request))
#20 E:\\xampp\\htdocs\\packult-web\\vendor\\laravel\\framework\\src\\Illuminate\\Pipeline\\Pipeline.php(167): Illuminate\\Cookie\\Middleware\\EncryptCookies->handle(Object(Illuminate\\Http\\Request), Object(Closure))
#21 E:\\xampp\\htdocs\\packult-web\\vendor\\laravel\\framework\\src\\Illuminate\\Pipeline\\Pipeline.php(103): Illuminate\\Pipeline\\Pipeline->Illuminate\\Pipeline\\{closure}(Object(Illuminate\\Http\\Request))
#22 E:\\xampp\\htdocs\\packult-web\\vendor\\laravel\\framework\\src\\Illuminate\\Routing\\Router.php(723): Illuminate\\Pipeline\\Pipeline->then(Object(Closure))
#23 E:\\xampp\\htdocs\\packult-web\\vendor\\laravel\\framework\\src\\Illuminate\\Routing\\Router.php(698): Illuminate\\Routing\\Router->runRouteWithinStack(Object(Illuminate\\Routing\\Route), Object(Illuminate\\Http\\Request))
#24 E:\\xampp\\htdocs\\packult-web\\vendor\\laravel\\framework\\src\\Illuminate\\Routing\\Router.php(662): Illuminate\\Routing\\Router->runRoute(Object(Illuminate\\Http\\Request), Object(Illuminate\\Routing\\Route))
#25 E:\\xampp\\htdocs\\packult-web\\vendor\\laravel\\framework\\src\\Illuminate\\Routing\\Router.php(651): Illuminate\\Routing\\Router->dispatchToRoute(Object(Illuminate\\Http\\Request))
#26 E:\\xampp\\htdocs\\packult-web\\vendor\\laravel\\framework\\src\\Illuminate\\Foundation\\Http\\Kernel.php(167): Illuminate\\Routing\\Router->dispatch(Object(Illuminate\\Http\\Request))
#27 E:\\xampp\\htdocs\\packult-web\\vendor\\laravel\\framework\\src\\Illuminate\\Pipeline\\Pipeline.php(128): Illuminate\\Foundation\\Http\\Kernel->Illuminate\\Foundation\\Http\\{closure}(Object(Illuminate\\Http\\Request))
#28 E:\\xampp\\htdocs\\packult-web\\vendor\\laravel\\framework\\src\\Illuminate\\Foundation\\Http\\Middleware\\TransformsRequest.php(21): Illuminate\\Pipeline\\Pipeline->Illuminate\\Pipeline\\{closure}(Object(Illuminate\\Http\\Request))
#29 E:\\xampp\\htdocs\\packult-web\\vendor\\laravel\\framework\\src\\Illuminate\\Foundation\\Http\\Middleware\\ConvertEmptyStringsToNull.php(31): Illuminate\\Foundation\\Http\\Middleware\\TransformsRequest->handle(Object(Illuminate\\Http\\Request), Object(Closure))
#30 E:\\xampp\\htdocs\\packult-web\\vendor\\laravel\\framework\\src\\Illuminate\\Pipeline\\Pipeline.php(167): Illuminate\\Foundation\\Http\\Middleware\\ConvertEmptyStringsToNull->handle(Object(Illuminate\\Http\\Request), Object(Closure))
#31 E:\\xampp\\htdocs\\packult-web\\vendor\\laravel\\framework\\src\\Illuminate\\Foundation\\Http\\Middleware\\TransformsRequest.php(21): Illuminate\\Pipeline\\Pipeline->Illuminate\\Pipeline\\{closure}(Object(Illuminate\\Http\\Request))
#32 E:\\xampp\\htdocs\\packult-web\\vendor\\laravel\\framework\\src\\Illuminate\\Foundation\\Http\\Middleware\\TrimStrings.php(40): Illuminate\\Foundation\\Http\\Middleware\\TransformsRequest->handle(Object(Illuminate\\Http\\Request), Object(Closure))
#33 E:\\xampp\\htdocs\\packult-web\\vendor\\laravel\\framework\\src\\Illuminate\\Pipeline\\Pipeline.php(167): Illuminate\\Foundation\\Http\\Middleware\\TrimStrings->handle(Object(Illuminate\\Http\\Request), Object(Closure))
#34 E:\\xampp\\htdocs\\packult-web\\vendor\\laravel\\framework\\src\\Illuminate\\Foundation\\Http\\Middleware\\ValidatePostSize.php(27): Illuminate\\Pipeline\\Pipeline->Illuminate\\Pipeline\\{closure}(Object(Illuminate\\Http\\Request))
#35 E:\\xampp\\htdocs\\packult-web\\vendor\\laravel\\framework\\src\\Illuminate\\Pipeline\\Pipeline.php(167): Illuminate\\Foundation\\Http\\Middleware\\ValidatePostSize->handle(Object(Illuminate\\Http\\Request), Object(Closure))
#36 E:\\xampp\\htdocs\\packult-web\\vendor\\laravel\\framework\\src\\Illuminate\\Foundation\\Http\\Middleware\\PreventRequestsDuringMaintenance.php(86): Illuminate\\Pipeline\\Pipeline->Illuminate\\Pipeline\\{closure}(Object(Illuminate\\Http\\Request))
#37 E:\\xampp\\htdocs\\packult-web\\vendor\\laravel\\framework\\src\\Illuminate\\Pipeline\\Pipeline.php(167): Illuminate\\Foundation\\Http\\Middleware\\PreventRequestsDuringMaintenance->handle(Object(Illuminate\\Http\\Request), Object(Closure))
#38 E:\\xampp\\htdocs\\packult-web\\vendor\\fruitcake\\laravel-cors\\src\\HandleCors.php(38): Illuminate\\Pipeline\\Pipeline->Illuminate\\Pipeline\\{closure}(Object(Illuminate\\Http\\Request))
#39 E:\\xampp\\htdocs\\packult-web\\vendor\\laravel\\framework\\src\\Illuminate\\Pipeline\\Pipeline.php(167): Fruitcake\\Cors\\HandleCors->handle(Object(Illuminate\\Http\\Request), Object(Closure))
#40 E:\\xampp\\htdocs\\packult-web\\vendor\\fideloper\\proxy\\src\\TrustProxies.php(57): Illuminate\\Pipeline\\Pipeline->Illuminate\\Pipeline\\{closure}(Object(Illuminate\\Http\\Request))
#41 E:\\xampp\\htdocs\\packult-web\\vendor\\laravel\\framework\\src\\Illuminate\\Pipeline\\Pipeline.php(167): Fideloper\\Proxy\\TrustProxies->handle(Object(Illuminate\\Http\\Request), Object(Closure))
#42 E:\\xampp\\htdocs\\packult-web\\vendor\\laravel\\framework\\src\\Illuminate\\Pipeline\\Pipeline.php(103): Illuminate\\Pipeline\\Pipeline->Illuminate\\Pipeline\\{closure}(Object(Illuminate\\Http\\Request))
#43 E:\\xampp\\htdocs\\packult-web\\vendor\\laravel\\framework\\src\\Illuminate\\Foundation\\Http\\Kernel.php(142): Illuminate\\Pipeline\\Pipeline->then(Object(Closure))
#44 E:\\xampp\\htdocs\\packult-web\\vendor\\laravel\\framework\\src\\Illuminate\\Foundation\\Http\\Kernel.php(111): Illuminate\\Foundation\\Http\\Kernel->sendRequestThroughRouter(Object(Illuminate\\Http\\Request))
#45 E:\\xampp\\htdocs\\packult-web\\public\\index.php(52): Illuminate\\Foundation\\Http\\Kernel->handle(Object(Illuminate\\Http\\Request))
#46 E:\\xampp\\htdocs\\packult-web\\index.php(21): require_once('E:\\\\xampp\\\\htdocs...')
#47 {main}
"} 
