[2022-05-20 10:56:13] local.INFO: Change Password process, starting at: 10:56:13:676925  
[2022-05-20 10:56:23] local.INFO: Change Password process, starting at: 10:56:23:310295  
[2022-05-20 10:56:32] local.INFO: Change Password process, starting at: 10:56:32:167198  
[2022-05-20 10:56:38] local.INFO: Change Password process, starting at: 10:56:38:243430  
[2022-05-20 10:56:38] local.ERROR: Change Password failed: count(): Parameter must be an array or an object that implements Countable  
[2022-05-20 10:57:37] local.INFO: Change Password process, starting at: 10:57:37:370012  
[2022-05-20 10:57:54] local.INFO: Change Password process, starting at: 10:57:54:371503  
[2022-05-20 10:59:40] local.INFO: Change Password process, starting at: 10:59:40:532781  
[2022-05-20 10:59:48] local.INFO: Change Password process, starting at: 10:59:48:133027  
[2022-05-20 11:01:13] local.INFO: Change Password process, starting at: 11:01:13:791429  
[2022-05-20 11:05:01] local.INFO: Change Password process, starting at: 11:05:01:119281  
[2022-05-20 11:05:56] local.INFO: Logging in vendor, starting at: 11:05:56:932262  
[2022-05-20 11:06:37] local.INFO: Change Password process, starting at: 11:06:37:555528  
[2022-05-20 11:06:51] local.INFO: Change Password process, starting at: 11:06:51:861611  
[2022-05-20 11:07:02] local.INFO: Change Password process, starting at: 11:07:02:654148  
[2022-05-20 11:07:28] local.INFO: Change Password process, starting at: 11:07:28:805220  
[2022-05-20 11:08:11] local.INFO: Logging in vendor, starting at: 11:08:11:030482  
[2022-05-20 11:08:24] local.INFO: Logging in vendor, starting at: 11:08:24:453821  
[2022-05-20 11:08:50] local.INFO: Change Password process, starting at: 11:08:50:183601  
[2022-05-20 11:09:13] local.INFO: Change Password process, starting at: 11:09:13:784362  
[2022-05-20 11:09:23] local.INFO: Change Password process, starting at: 11:09:23:589179  
[2022-05-20 11:10:01] local.INFO: Change Password process, starting at: 11:10:01:034694  
[2022-05-20 11:11:18] local.INFO: Change Password process, starting at: 11:11:18:696703  
[2022-05-20 11:11:26] local.INFO: Change Password process, starting at: 11:11:26:184212  
[2022-05-20 11:25:32] local.INFO: Change Password process, starting at: 11:25:32:021820  
[2022-05-20 11:27:54] local.INFO: OTP sending process starts, starting at: 11:27:54:912449  
[2022-05-20 11:27:55] local.INFO: OTP updated.  
[2022-05-20 11:27:55] local.INFO: OTP sent successfully to mobile number: 1212121212  
[2022-05-20 11:43:11] local.INFO: Initiating registeration process, starting at: 11:43:11:677118  
[2022-05-20 11:43:11] local.INFO: Vendor creation started!  
[2022-05-20 11:43:28] local.INFO: Forgot Password process, starting at: 11:43:28:930543  
[2022-05-20 11:43:51] local.INFO: Change Password process, starting at: 11:43:51:826018  
[2022-05-20 11:44:03] local.INFO: Logging in vendor, starting at: 11:44:03:702439  
[2022-05-20 11:47:04] local.INFO: OTP sending process starts, starting at: 11:47:04:865921  
[2022-05-20 11:47:04] local.INFO: OTP updated.  
[2022-05-20 11:47:05] local.INFO: OTP sent successfully to mobile number: 1212121212  
[2022-05-20 11:47:15] local.INFO: OTP verification process starts, starting at: 11:47:15:626426  
[2022-05-20 12:26:24] local.INFO: Initiating Version check, starting at: 12:26:24:899781  
[2022-05-20 12:26:24] local.INFO: Version Check started!  
[2022-05-20 12:27:59] local.INFO: Initiating Version check, starting at: 12:27:59:702213  
[2022-05-20 12:27:59] local.INFO: Version Check started!  
[2022-05-20 12:28:13] local.INFO: Initiating Version check, starting at: 12:28:13:609760  
[2022-05-20 12:28:13] local.INFO: Version Check started!  
[2022-05-20 12:28:22] local.INFO: Initiating Version check, starting at: 12:28:22:502863  
[2022-05-20 12:28:22] local.INFO: Version Check started!  
[2022-05-20 12:43:42] local.INFO: Initiating Version check, starting at: 12:43:42:668864  
[2022-05-20 12:43:42] local.INFO: Version Check started!  
[2022-05-20 12:48:53] local.INFO: Logging in vendor, starting at: 12:48:53:793930  
[2022-05-20 12:49:33] local.INFO: Change Password process, starting at: 12:49:33:787474  
[2022-05-20 12:49:51] local.INFO: Change Password process, starting at: 12:49:51:774841  
[2022-05-20 12:49:55] local.INFO: Change Password process, starting at: 12:49:55:554525  
[2022-05-20 13:51:10] local.ERROR: Material fetching failed: SQLSTATE[42S22]: Column not found: 1054 Unknown column 'vendor_token' in 'where clause' (SQL: select * from `vendors` where (`id` = 14 and `vendor_token` = {"iss":"http://localhost/packult-web/vendorapi/login_api","iat":1653031133,"exp":1668755933,"nbf":1653031133,"jti":"oSjV3IRhxTvLJULD","sub":14,"prv":"923a7375b656ca5bb9a721623fe59eb5f451f3e9"}) and `vendors`.`deleted_at` is null)  
[2022-05-20 13:51:43] local.ERROR: Material fetching failed: SQLSTATE[42S22]: Column not found: 1054 Unknown column 'vendor_token' in 'where clause' (SQL: select * from `vendors` where (`id` = 14 and `vendor_token` = {"iss":"http://localhost/packult-web/vendorapi/login_api","iat":1653031133,"exp":1668755933,"nbf":1653031133,"jti":"oSjV3IRhxTvLJULD","sub":14,"prv":"923a7375b656ca5bb9a721623fe59eb5f451f3e9"}) and `vendors`.`deleted_at` is null)  
[2022-05-20 14:17:04] local.INFO: Logging in vendor, starting at: 14:17:04:013483  
[2022-05-20 14:17:17] local.INFO: Logging in vendor, starting at: 14:17:17:176279  
[2022-05-20 14:55:19] local.INFO: Logging in vendor, starting at: 14:55:19:167325  
[2022-05-20 14:55:39] local.INFO: Change Password process, starting at: 14:55:39:068828  
[2022-05-20 14:58:36] local.INFO: Change Password process, starting at: 14:58:36:752052  
[2022-05-20 14:59:19] local.INFO: Change Password process, starting at: 14:59:19:761723  
[2022-05-20 15:01:18] local.INFO: Change Password process, starting at: 15:01:18:791328  
[2022-05-20 15:02:25] local.INFO: Logging in vendor, starting at: 15:02:25:451113  
[2022-05-20 15:07:30] local.INFO: Logging in vendor, starting at: 15:07:30:818281  
[2022-05-20 15:07:49] local.INFO: Change Password process, starting at: 15:07:49:171956  
[2022-05-20 15:08:01] local.INFO: Change Password process, starting at: 15:08:01:112279  
[2022-05-20 15:08:01] local.ERROR: Class 'App\Http\Controllers\vendorapi\Session' not found {"exception":"[object] (Error(code: 0): Class 'App\\Http\\Controllers\\vendorapi\\Session' not found at E:\\xampp\\htdocs\\packult-web\\app\\Http\\Controllers\\vendorapi\\ChangePasswordController.php:52)
[stacktrace]
#0 E:\\xampp\\htdocs\\packult-web\\vendor\\laravel\\framework\\src\\Illuminate\\Routing\\Controller.php(54): App\\Http\\Controllers\\vendorapi\\ChangePasswordController->index(Object(Illuminate\\Http\\Request))
#1 E:\\xampp\\htdocs\\packult-web\\vendor\\laravel\\framework\\src\\Illuminate\\Routing\\ControllerDispatcher.php(45): Illuminate\\Routing\\Controller->callAction('index', Array)
#2 E:\\xampp\\htdocs\\packult-web\\vendor\\laravel\\framework\\src\\Illuminate\\Routing\\Route.php(262): Illuminate\\Routing\\ControllerDispatcher->dispatch(Object(Illuminate\\Routing\\Route), Object(App\\Http\\Controllers\\vendorapi\\ChangePasswordController), 'index')
#3 E:\\xampp\\htdocs\\packult-web\\vendor\\laravel\\framework\\src\\Illuminate\\Routing\\Route.php(205): Illuminate\\Routing\\Route->runController()
#4 E:\\xampp\\htdocs\\packult-web\\vendor\\laravel\\framework\\src\\Illuminate\\Routing\\Router.php(721): Illuminate\\Routing\\Route->run()
#5 E:\\xampp\\htdocs\\packult-web\\vendor\\laravel\\framework\\src\\Illuminate\\Pipeline\\Pipeline.php(128): Illuminate\\Routing\\Router->Illuminate\\Routing\\{closure}(Object(Illuminate\\Http\\Request))
#6 E:\\xampp\\htdocs\\packult-web\\app\\Http\\Middleware\\VendorTokenAuth.php(46): Illuminate\\Pipeline\\Pipeline->Illuminate\\Pipeline\\{closure}(Object(Illuminate\\Http\\Request))
#7 E:\\xampp\\htdocs\\packult-web\\vendor\\laravel\\framework\\src\\Illuminate\\Pipeline\\Pipeline.php(167): App\\Http\\Middleware\\VendorTokenAuth->handle(Object(Illuminate\\Http\\Request), Object(Closure))
#8 E:\\xampp\\htdocs\\packult-web\\app\\Http\\Middleware\\VendorBasicAuth.php(64): Illuminate\\Pipeline\\Pipeline->Illuminate\\Pipeline\\{closure}(Object(Illuminate\\Http\\Request))
#9 E:\\xampp\\htdocs\\packult-web\\vendor\\laravel\\framework\\src\\Illuminate\\Pipeline\\Pipeline.php(167): App\\Http\\Middleware\\VendorBasicAuth->handle(Object(Illuminate\\Http\\Request), Object(Closure))
#10 E:\\xampp\\htdocs\\packult-web\\vendor\\laravel\\framework\\src\\Illuminate\\Routing\\Middleware\\SubstituteBindings.php(50): Illuminate\\Pipeline\\Pipeline->Illuminate\\Pipeline\\{closure}(Object(Illuminate\\Http\\Request))
#11 E:\\xampp\\htdocs\\packult-web\\vendor\\laravel\\framework\\src\\Illuminate\\Pipeline\\Pipeline.php(167): Illuminate\\Routing\\Middleware\\SubstituteBindings->handle(Object(Illuminate\\Http\\Request), Object(Closure))
#12 E:\\xampp\\htdocs\\packult-web\\vendor\\laravel\\framework\\src\\Illuminate\\Routing\\Middleware\\ThrottleRequests.php(127): Illuminate\\Pipeline\\Pipeline->Illuminate\\Pipeline\\{closure}(Object(Illuminate\\Http\\Request))
#13 E:\\xampp\\htdocs\\packult-web\\vendor\\laravel\\framework\\src\\Illuminate\\Routing\\Middleware\\ThrottleRequests.php(103): Illuminate\\Routing\\Middleware\\ThrottleRequests->handleRequest(Object(Illuminate\\Http\\Request), Object(Closure), Array)
#14 E:\\xampp\\htdocs\\packult-web\\vendor\\laravel\\framework\\src\\Illuminate\\Routing\\Middleware\\ThrottleRequests.php(55): Illuminate\\Routing\\Middleware\\ThrottleRequests->handleRequestUsingNamedLimiter(Object(Illuminate\\Http\\Request), Object(Closure), 'api', Object(Closure))
#15 E:\\xampp\\htdocs\\packult-web\\vendor\\laravel\\framework\\src\\Illuminate\\Pipeline\\Pipeline.php(167): Illuminate\\Routing\\Middleware\\ThrottleRequests->handle(Object(Illuminate\\Http\\Request), Object(Closure), 'api')
#16 E:\\xampp\\htdocs\\packult-web\\vendor\\laravel\\framework\\src\\Illuminate\\Pipeline\\Pipeline.php(103): Illuminate\\Pipeline\\Pipeline->Illuminate\\Pipeline\\{closure}(Object(Illuminate\\Http\\Request))
#17 E:\\xampp\\htdocs\\packult-web\\vendor\\laravel\\framework\\src\\Illuminate\\Routing\\Router.php(723): Illuminate\\Pipeline\\Pipeline->then(Object(Closure))
#18 E:\\xampp\\htdocs\\packult-web\\vendor\\laravel\\framework\\src\\Illuminate\\Routing\\Router.php(698): Illuminate\\Routing\\Router->runRouteWithinStack(Object(Illuminate\\Routing\\Route), Object(Illuminate\\Http\\Request))
#19 E:\\xampp\\htdocs\\packult-web\\vendor\\laravel\\framework\\src\\Illuminate\\Routing\\Router.php(662): Illuminate\\Routing\\Router->runRoute(Object(Illuminate\\Http\\Request), Object(Illuminate\\Routing\\Route))
#20 E:\\xampp\\htdocs\\packult-web\\vendor\\laravel\\framework\\src\\Illuminate\\Routing\\Router.php(651): Illuminate\\Routing\\Router->dispatchToRoute(Object(Illuminate\\Http\\Request))
#21 E:\\xampp\\htdocs\\packult-web\\vendor\\laravel\\framework\\src\\Illuminate\\Foundation\\Http\\Kernel.php(167): Illuminate\\Routing\\Router->dispatch(Object(Illuminate\\Http\\Request))
#22 E:\\xampp\\htdocs\\packult-web\\vendor\\laravel\\framework\\src\\Illuminate\\Pipeline\\Pipeline.php(128): Illuminate\\Foundation\\Http\\Kernel->Illuminate\\Foundation\\Http\\{closure}(Object(Illuminate\\Http\\Request))
#23 E:\\xampp\\htdocs\\packult-web\\vendor\\laravel\\framework\\src\\Illuminate\\Foundation\\Http\\Middleware\\TransformsRequest.php(21): Illuminate\\Pipeline\\Pipeline->Illuminate\\Pipeline\\{closure}(Object(Illuminate\\Http\\Request))
#24 E:\\xampp\\htdocs\\packult-web\\vendor\\laravel\\framework\\src\\Illuminate\\Foundation\\Http\\Middleware\\ConvertEmptyStringsToNull.php(31): Illuminate\\Foundation\\Http\\Middleware\\TransformsRequest->handle(Object(Illuminate\\Http\\Request), Object(Closure))
#25 E:\\xampp\\htdocs\\packult-web\\vendor\\laravel\\framework\\src\\Illuminate\\Pipeline\\Pipeline.php(167): Illuminate\\Foundation\\Http\\Middleware\\ConvertEmptyStringsToNull->handle(Object(Illuminate\\Http\\Request), Object(Closure))
#26 E:\\xampp\\htdocs\\packult-web\\vendor\\laravel\\framework\\src\\Illuminate\\Foundation\\Http\\Middleware\\TransformsRequest.php(21): Illuminate\\Pipeline\\Pipeline->Illuminate\\Pipeline\\{closure}(Object(Illuminate\\Http\\Request))
#27 E:\\xampp\\htdocs\\packult-web\\vendor\\laravel\\framework\\src\\Illuminate\\Foundation\\Http\\Middleware\\TrimStrings.php(40): Illuminate\\Foundation\\Http\\Middleware\\TransformsRequest->handle(Object(Illuminate\\Http\\Request), Object(Closure))
#28 E:\\xampp\\htdocs\\packult-web\\vendor\\laravel\\framework\\src\\Illuminate\\Pipeline\\Pipeline.php(167): Illuminate\\Foundation\\Http\\Middleware\\TrimStrings->handle(Object(Illuminate\\Http\\Request), Object(Closure))
#29 E:\\xampp\\htdocs\\packult-web\\vendor\\laravel\\framework\\src\\Illuminate\\Foundation\\Http\\Middleware\\ValidatePostSize.php(27): Illuminate\\Pipeline\\Pipeline->Illuminate\\Pipeline\\{closure}(Object(Illuminate\\Http\\Request))
#30 E:\\xampp\\htdocs\\packult-web\\vendor\\laravel\\framework\\src\\Illuminate\\Pipeline\\Pipeline.php(167): Illuminate\\Foundation\\Http\\Middleware\\ValidatePostSize->handle(Object(Illuminate\\Http\\Request), Object(Closure))
#31 E:\\xampp\\htdocs\\packult-web\\vendor\\laravel\\framework\\src\\Illuminate\\Foundation\\Http\\Middleware\\PreventRequestsDuringMaintenance.php(86): Illuminate\\Pipeline\\Pipeline->Illuminate\\Pipeline\\{closure}(Object(Illuminate\\Http\\Request))
#32 E:\\xampp\\htdocs\\packult-web\\vendor\\laravel\\framework\\src\\Illuminate\\Pipeline\\Pipeline.php(167): Illuminate\\Foundation\\Http\\Middleware\\PreventRequestsDuringMaintenance->handle(Object(Illuminate\\Http\\Request), Object(Closure))
#33 E:\\xampp\\htdocs\\packult-web\\vendor\\fruitcake\\laravel-cors\\src\\HandleCors.php(38): Illuminate\\Pipeline\\Pipeline->Illuminate\\Pipeline\\{closure}(Object(Illuminate\\Http\\Request))
#34 E:\\xampp\\htdocs\\packult-web\\vendor\\laravel\\framework\\src\\Illuminate\\Pipeline\\Pipeline.php(167): Fruitcake\\Cors\\HandleCors->handle(Object(Illuminate\\Http\\Request), Object(Closure))
#35 E:\\xampp\\htdocs\\packult-web\\vendor\\fideloper\\proxy\\src\\TrustProxies.php(57): Illuminate\\Pipeline\\Pipeline->Illuminate\\Pipeline\\{closure}(Object(Illuminate\\Http\\Request))
#36 E:\\xampp\\htdocs\\packult-web\\vendor\\laravel\\framework\\src\\Illuminate\\Pipeline\\Pipeline.php(167): Fideloper\\Proxy\\TrustProxies->handle(Object(Illuminate\\Http\\Request), Object(Closure))
#37 E:\\xampp\\htdocs\\packult-web\\vendor\\laravel\\framework\\src\\Illuminate\\Pipeline\\Pipeline.php(103): Illuminate\\Pipeline\\Pipeline->Illuminate\\Pipeline\\{closure}(Object(Illuminate\\Http\\Request))
#38 E:\\xampp\\htdocs\\packult-web\\vendor\\laravel\\framework\\src\\Illuminate\\Foundation\\Http\\Kernel.php(142): Illuminate\\Pipeline\\Pipeline->then(Object(Closure))
#39 E:\\xampp\\htdocs\\packult-web\\vendor\\laravel\\framework\\src\\Illuminate\\Foundation\\Http\\Kernel.php(111): Illuminate\\Foundation\\Http\\Kernel->sendRequestThroughRouter(Object(Illuminate\\Http\\Request))
#40 E:\\xampp\\htdocs\\packult-web\\public\\index.php(52): Illuminate\\Foundation\\Http\\Kernel->handle(Object(Illuminate\\Http\\Request))
#41 E:\\xampp\\htdocs\\packult-web\\index.php(21): require_once('E:\\\\xampp\\\\htdocs...')
#42 {main}
"} 
[2022-05-20 15:08:31] local.INFO: Change Password process, starting at: 15:08:31:575598  
[2022-05-20 15:15:18] local.ERROR: syntax error, unexpected '<<' (T_SL) {"exception":"[object] (ParseError(code: 0): syntax error, unexpected '<<' (T_SL) at E:\\xampp\\htdocs\\packult-web\\database\\migrations\\2022_05_10_120253_add_columns_to_vendors_table.php:35)
[stacktrace]
#0 E:\\xampp\\htdocs\\packult-web\\vendor\\laravel\\framework\\src\\Illuminate\\Filesystem\\Filesystem.php(133): Illuminate\\Filesystem\\Filesystem::Illuminate\\Filesystem\\{closure}()
#1 E:\\xampp\\htdocs\\packult-web\\vendor\\laravel\\framework\\src\\Illuminate\\Database\\Migrations\\MigrationCreator.php(97): Illuminate\\Filesystem\\Filesystem->requireOnce('E:\\\\xampp\\\\htdocs...')
#2 E:\\xampp\\htdocs\\packult-web\\vendor\\laravel\\framework\\src\\Illuminate\\Database\\Migrations\\MigrationCreator.php(59): Illuminate\\Database\\Migrations\\MigrationCreator->ensureMigrationDoesntAlreadyExist('create_vendor_d...', 'E:\\\\xampp\\\\htdocs...')
#3 E:\\xampp\\htdocs\\packult-web\\vendor\\laravel\\framework\\src\\Illuminate\\Database\\Console\\Migrations\\MigrateMakeCommand.php(110): Illuminate\\Database\\Migrations\\MigrationCreator->create('create_vendor_d...', 'E:\\\\xampp\\\\htdocs...', 'vendor_devices', true)
#4 E:\\xampp\\htdocs\\packult-web\\vendor\\laravel\\framework\\src\\Illuminate\\Database\\Console\\Migrations\\MigrateMakeCommand.php(94): Illuminate\\Database\\Console\\Migrations\\MigrateMakeCommand->writeMigration('create_vendor_d...', 'vendor_devices', true)
#5 E:\\xampp\\htdocs\\packult-web\\vendor\\laravel\\framework\\src\\Illuminate\\Container\\BoundMethod.php(36): Illuminate\\Database\\Console\\Migrations\\MigrateMakeCommand->handle()
#6 E:\\xampp\\htdocs\\packult-web\\vendor\\laravel\\framework\\src\\Illuminate\\Container\\Util.php(40): Illuminate\\Container\\BoundMethod::Illuminate\\Container\\{closure}()
#7 E:\\xampp\\htdocs\\packult-web\\vendor\\laravel\\framework\\src\\Illuminate\\Container\\BoundMethod.php(93): Illuminate\\Container\\Util::unwrapIfClosure(Object(Closure))
#8 E:\\xampp\\htdocs\\packult-web\\vendor\\laravel\\framework\\src\\Illuminate\\Container\\BoundMethod.php(37): Illuminate\\Container\\BoundMethod::callBoundMethod(Object(Illuminate\\Foundation\\Application), Array, Object(Closure))
#9 E:\\xampp\\htdocs\\packult-web\\vendor\\laravel\\framework\\src\\Illuminate\\Container\\Container.php(653): Illuminate\\Container\\BoundMethod::call(Object(Illuminate\\Foundation\\Application), Array, Array, NULL)
#10 E:\\xampp\\htdocs\\packult-web\\vendor\\laravel\\framework\\src\\Illuminate\\Console\\Command.php(136): Illuminate\\Container\\Container->call(Array)
#11 E:\\xampp\\htdocs\\packult-web\\vendor\\symfony\\console\\Command\\Command.php(298): Illuminate\\Console\\Command->execute(Object(Symfony\\Component\\Console\\Input\\ArrayInput), Object(Illuminate\\Console\\OutputStyle))
#12 E:\\xampp\\htdocs\\packult-web\\vendor\\laravel\\framework\\src\\Illuminate\\Console\\Command.php(121): Symfony\\Component\\Console\\Command\\Command->run(Object(Symfony\\Component\\Console\\Input\\ArrayInput), Object(Illuminate\\Console\\OutputStyle))
#13 E:\\xampp\\htdocs\\packult-web\\vendor\\laravel\\framework\\src\\Illuminate\\Console\\Concerns\\CallsCommands.php(68): Illuminate\\Console\\Command->run(Object(Symfony\\Component\\Console\\Input\\ArrayInput), Object(Illuminate\\Console\\OutputStyle))
#14 E:\\xampp\\htdocs\\packult-web\\vendor\\laravel\\framework\\src\\Illuminate\\Console\\Concerns\\CallsCommands.php(28): Illuminate\\Console\\Command->runCommand('make:migration', Array, Object(Illuminate\\Console\\OutputStyle))
#15 E:\\xampp\\htdocs\\packult-web\\vendor\\laravel\\framework\\src\\Illuminate\\Foundation\\Console\\ModelMakeCommand.php(106): Illuminate\\Console\\Command->call('make:migration', Array)
#16 E:\\xampp\\htdocs\\packult-web\\vendor\\laravel\\framework\\src\\Illuminate\\Foundation\\Console\\ModelMakeCommand.php(60): Illuminate\\Foundation\\Console\\ModelMakeCommand->createMigration()
#17 E:\\xampp\\htdocs\\packult-web\\vendor\\laravel\\framework\\src\\Illuminate\\Container\\BoundMethod.php(36): Illuminate\\Foundation\\Console\\ModelMakeCommand->handle()
#18 E:\\xampp\\htdocs\\packult-web\\vendor\\laravel\\framework\\src\\Illuminate\\Container\\Util.php(40): Illuminate\\Container\\BoundMethod::Illuminate\\Container\\{closure}()
#19 E:\\xampp\\htdocs\\packult-web\\vendor\\laravel\\framework\\src\\Illuminate\\Container\\BoundMethod.php(93): Illuminate\\Container\\Util::unwrapIfClosure(Object(Closure))
#20 E:\\xampp\\htdocs\\packult-web\\vendor\\laravel\\framework\\src\\Illuminate\\Container\\BoundMethod.php(37): Illuminate\\Container\\BoundMethod::callBoundMethod(Object(Illuminate\\Foundation\\Application), Array, Object(Closure))
#21 E:\\xampp\\htdocs\\packult-web\\vendor\\laravel\\framework\\src\\Illuminate\\Container\\Container.php(653): Illuminate\\Container\\BoundMethod::call(Object(Illuminate\\Foundation\\Application), Array, Array, NULL)
#22 E:\\xampp\\htdocs\\packult-web\\vendor\\laravel\\framework\\src\\Illuminate\\Console\\Command.php(136): Illuminate\\Container\\Container->call(Array)
#23 E:\\xampp\\htdocs\\packult-web\\vendor\\symfony\\console\\Command\\Command.php(298): Illuminate\\Console\\Command->execute(Object(Symfony\\Component\\Console\\Input\\ArgvInput), Object(Illuminate\\Console\\OutputStyle))
#24 E:\\xampp\\htdocs\\packult-web\\vendor\\laravel\\framework\\src\\Illuminate\\Console\\Command.php(121): Symfony\\Component\\Console\\Command\\Command->run(Object(Symfony\\Component\\Console\\Input\\ArgvInput), Object(Illuminate\\Console\\OutputStyle))
#25 E:\\xampp\\htdocs\\packult-web\\vendor\\symfony\\console\\Application.php(1015): Illuminate\\Console\\Command->run(Object(Symfony\\Component\\Console\\Input\\ArgvInput), Object(Symfony\\Component\\Console\\Output\\ConsoleOutput))
#26 E:\\xampp\\htdocs\\packult-web\\vendor\\symfony\\console\\Application.php(299): Symfony\\Component\\Console\\Application->doRunCommand(Object(Illuminate\\Foundation\\Console\\ModelMakeCommand), Object(Symfony\\Component\\Console\\Input\\ArgvInput), Object(Symfony\\Component\\Console\\Output\\ConsoleOutput))
#27 E:\\xampp\\htdocs\\packult-web\\vendor\\symfony\\console\\Application.php(171): Symfony\\Component\\Console\\Application->doRun(Object(Symfony\\Component\\Console\\Input\\ArgvInput), Object(Symfony\\Component\\Console\\Output\\ConsoleOutput))
#28 E:\\xampp\\htdocs\\packult-web\\vendor\\laravel\\framework\\src\\Illuminate\\Console\\Application.php(94): Symfony\\Component\\Console\\Application->run(Object(Symfony\\Component\\Console\\Input\\ArgvInput), Object(Symfony\\Component\\Console\\Output\\ConsoleOutput))
#29 E:\\xampp\\htdocs\\packult-web\\vendor\\laravel\\framework\\src\\Illuminate\\Foundation\\Console\\Kernel.php(129): Illuminate\\Console\\Application->run(Object(Symfony\\Component\\Console\\Input\\ArgvInput), Object(Symfony\\Component\\Console\\Output\\ConsoleOutput))
#30 E:\\xampp\\htdocs\\packult-web\\artisan(37): Illuminate\\Foundation\\Console\\Kernel->handle(Object(Symfony\\Component\\Console\\Input\\ArgvInput), Object(Symfony\\Component\\Console\\Output\\ConsoleOutput))
#31 {main}
"} 
[2022-05-20 15:17:03] local.ERROR: The "--m" option does not exist. {"exception":"[object] (Symfony\\Component\\Console\\Exception\\RuntimeException(code: 0): The \"--m\" option does not exist. at E:\\xampp\\htdocs\\packult-web\\vendor\\symfony\\console\\Input\\ArgvInput.php:220)
[stacktrace]
#0 E:\\xampp\\htdocs\\packult-web\\vendor\\symfony\\console\\Input\\ArgvInput.php(149): Symfony\\Component\\Console\\Input\\ArgvInput->addLongOption('m', NULL)
#1 E:\\xampp\\htdocs\\packult-web\\vendor\\symfony\\console\\Input\\ArgvInput.php(82): Symfony\\Component\\Console\\Input\\ArgvInput->parseLongOption('--m')
#2 E:\\xampp\\htdocs\\packult-web\\vendor\\symfony\\console\\Input\\ArgvInput.php(71): Symfony\\Component\\Console\\Input\\ArgvInput->parseToken('--m', true)
#3 E:\\xampp\\htdocs\\packult-web\\vendor\\symfony\\console\\Input\\Input.php(55): Symfony\\Component\\Console\\Input\\ArgvInput->parse()
#4 E:\\xampp\\htdocs\\packult-web\\vendor\\symfony\\console\\Command\\Command.php(257): Symfony\\Component\\Console\\Input\\Input->bind(Object(Symfony\\Component\\Console\\Input\\InputDefinition))
#5 E:\\xampp\\htdocs\\packult-web\\vendor\\laravel\\framework\\src\\Illuminate\\Console\\Command.php(121): Symfony\\Component\\Console\\Command\\Command->run(Object(Symfony\\Component\\Console\\Input\\ArgvInput), Object(Illuminate\\Console\\OutputStyle))
#6 E:\\xampp\\htdocs\\packult-web\\vendor\\symfony\\console\\Application.php(1015): Illuminate\\Console\\Command->run(Object(Symfony\\Component\\Console\\Input\\ArgvInput), Object(Symfony\\Component\\Console\\Output\\ConsoleOutput))
#7 E:\\xampp\\htdocs\\packult-web\\vendor\\symfony\\console\\Application.php(299): Symfony\\Component\\Console\\Application->doRunCommand(Object(Illuminate\\Foundation\\Console\\ModelMakeCommand), Object(Symfony\\Component\\Console\\Input\\ArgvInput), Object(Symfony\\Component\\Console\\Output\\ConsoleOutput))
#8 E:\\xampp\\htdocs\\packult-web\\vendor\\symfony\\console\\Application.php(171): Symfony\\Component\\Console\\Application->doRun(Object(Symfony\\Component\\Console\\Input\\ArgvInput), Object(Symfony\\Component\\Console\\Output\\ConsoleOutput))
#9 E:\\xampp\\htdocs\\packult-web\\vendor\\laravel\\framework\\src\\Illuminate\\Console\\Application.php(94): Symfony\\Component\\Console\\Application->run(Object(Symfony\\Component\\Console\\Input\\ArgvInput), Object(Symfony\\Component\\Console\\Output\\ConsoleOutput))
#10 E:\\xampp\\htdocs\\packult-web\\vendor\\laravel\\framework\\src\\Illuminate\\Foundation\\Console\\Kernel.php(129): Illuminate\\Console\\Application->run(Object(Symfony\\Component\\Console\\Input\\ArgvInput), Object(Symfony\\Component\\Console\\Output\\ConsoleOutput))
#11 E:\\xampp\\htdocs\\packult-web\\artisan(37): Illuminate\\Foundation\\Console\\Kernel->handle(Object(Symfony\\Component\\Console\\Input\\ArgvInput), Object(Symfony\\Component\\Console\\Output\\ConsoleOutput))
#12 {main}
"} 
[2022-05-20 15:17:35] local.ERROR: syntax error, unexpected '<<' (T_SL) {"exception":"[object] (ParseError(code: 0): syntax error, unexpected '<<' (T_SL) at E:\\xampp\\htdocs\\packult-web\\database\\migrations\\2022_05_10_120253_add_columns_to_vendors_table.php:35)
[stacktrace]
#0 E:\\xampp\\htdocs\\packult-web\\vendor\\laravel\\framework\\src\\Illuminate\\Filesystem\\Filesystem.php(133): Illuminate\\Filesystem\\Filesystem::Illuminate\\Filesystem\\{closure}()
#1 E:\\xampp\\htdocs\\packult-web\\vendor\\laravel\\framework\\src\\Illuminate\\Database\\Migrations\\MigrationCreator.php(97): Illuminate\\Filesystem\\Filesystem->requireOnce('E:\\\\xampp\\\\htdocs...')
#2 E:\\xampp\\htdocs\\packult-web\\vendor\\laravel\\framework\\src\\Illuminate\\Database\\Migrations\\MigrationCreator.php(59): Illuminate\\Database\\Migrations\\MigrationCreator->ensureMigrationDoesntAlreadyExist('create_vendor_d...', 'E:\\\\xampp\\\\htdocs...')
#3 E:\\xampp\\htdocs\\packult-web\\vendor\\laravel\\framework\\src\\Illuminate\\Database\\Console\\Migrations\\MigrateMakeCommand.php(110): Illuminate\\Database\\Migrations\\MigrationCreator->create('create_vendor_d...', 'E:\\\\xampp\\\\htdocs...', 'vendor_devices', true)
#4 E:\\xampp\\htdocs\\packult-web\\vendor\\laravel\\framework\\src\\Illuminate\\Database\\Console\\Migrations\\MigrateMakeCommand.php(94): Illuminate\\Database\\Console\\Migrations\\MigrateMakeCommand->writeMigration('create_vendor_d...', 'vendor_devices', true)
#5 E:\\xampp\\htdocs\\packult-web\\vendor\\laravel\\framework\\src\\Illuminate\\Container\\BoundMethod.php(36): Illuminate\\Database\\Console\\Migrations\\MigrateMakeCommand->handle()
#6 E:\\xampp\\htdocs\\packult-web\\vendor\\laravel\\framework\\src\\Illuminate\\Container\\Util.php(40): Illuminate\\Container\\BoundMethod::Illuminate\\Container\\{closure}()
#7 E:\\xampp\\htdocs\\packult-web\\vendor\\laravel\\framework\\src\\Illuminate\\Container\\BoundMethod.php(93): Illuminate\\Container\\Util::unwrapIfClosure(Object(Closure))
#8 E:\\xampp\\htdocs\\packult-web\\vendor\\laravel\\framework\\src\\Illuminate\\Container\\BoundMethod.php(37): Illuminate\\Container\\BoundMethod::callBoundMethod(Object(Illuminate\\Foundation\\Application), Array, Object(Closure))
#9 E:\\xampp\\htdocs\\packult-web\\vendor\\laravel\\framework\\src\\Illuminate\\Container\\Container.php(653): Illuminate\\Container\\BoundMethod::call(Object(Illuminate\\Foundation\\Application), Array, Array, NULL)
#10 E:\\xampp\\htdocs\\packult-web\\vendor\\laravel\\framework\\src\\Illuminate\\Console\\Command.php(136): Illuminate\\Container\\Container->call(Array)
#11 E:\\xampp\\htdocs\\packult-web\\vendor\\symfony\\console\\Command\\Command.php(298): Illuminate\\Console\\Command->execute(Object(Symfony\\Component\\Console\\Input\\ArrayInput), Object(Illuminate\\Console\\OutputStyle))
#12 E:\\xampp\\htdocs\\packult-web\\vendor\\laravel\\framework\\src\\Illuminate\\Console\\Command.php(121): Symfony\\Component\\Console\\Command\\Command->run(Object(Symfony\\Component\\Console\\Input\\ArrayInput), Object(Illuminate\\Console\\OutputStyle))
#13 E:\\xampp\\htdocs\\packult-web\\vendor\\laravel\\framework\\src\\Illuminate\\Console\\Concerns\\CallsCommands.php(68): Illuminate\\Console\\Command->run(Object(Symfony\\Component\\Console\\Input\\ArrayInput), Object(Illuminate\\Console\\OutputStyle))
#14 E:\\xampp\\htdocs\\packult-web\\vendor\\laravel\\framework\\src\\Illuminate\\Console\\Concerns\\CallsCommands.php(28): Illuminate\\Console\\Command->runCommand('make:migration', Array, Object(Illuminate\\Console\\OutputStyle))
#15 E:\\xampp\\htdocs\\packult-web\\vendor\\laravel\\framework\\src\\Illuminate\\Foundation\\Console\\ModelMakeCommand.php(106): Illuminate\\Console\\Command->call('make:migration', Array)
#16 E:\\xampp\\htdocs\\packult-web\\vendor\\laravel\\framework\\src\\Illuminate\\Foundation\\Console\\ModelMakeCommand.php(60): Illuminate\\Foundation\\Console\\ModelMakeCommand->createMigration()
#17 E:\\xampp\\htdocs\\packult-web\\vendor\\laravel\\framework\\src\\Illuminate\\Container\\BoundMethod.php(36): Illuminate\\Foundation\\Console\\ModelMakeCommand->handle()
#18 E:\\xampp\\htdocs\\packult-web\\vendor\\laravel\\framework\\src\\Illuminate\\Container\\Util.php(40): Illuminate\\Container\\BoundMethod::Illuminate\\Container\\{closure}()
#19 E:\\xampp\\htdocs\\packult-web\\vendor\\laravel\\framework\\src\\Illuminate\\Container\\BoundMethod.php(93): Illuminate\\Container\\Util::unwrapIfClosure(Object(Closure))
#20 E:\\xampp\\htdocs\\packult-web\\vendor\\laravel\\framework\\src\\Illuminate\\Container\\BoundMethod.php(37): Illuminate\\Container\\BoundMethod::callBoundMethod(Object(Illuminate\\Foundation\\Application), Array, Object(Closure))
#21 E:\\xampp\\htdocs\\packult-web\\vendor\\laravel\\framework\\src\\Illuminate\\Container\\Container.php(653): Illuminate\\Container\\BoundMethod::call(Object(Illuminate\\Foundation\\Application), Array, Array, NULL)
#22 E:\\xampp\\htdocs\\packult-web\\vendor\\laravel\\framework\\src\\Illuminate\\Console\\Command.php(136): Illuminate\\Container\\Container->call(Array)
#23 E:\\xampp\\htdocs\\packult-web\\vendor\\symfony\\console\\Command\\Command.php(298): Illuminate\\Console\\Command->execute(Object(Symfony\\Component\\Console\\Input\\ArgvInput), Object(Illuminate\\Console\\OutputStyle))
#24 E:\\xampp\\htdocs\\packult-web\\vendor\\laravel\\framework\\src\\Illuminate\\Console\\Command.php(121): Symfony\\Component\\Console\\Command\\Command->run(Object(Symfony\\Component\\Console\\Input\\ArgvInput), Object(Illuminate\\Console\\OutputStyle))
#25 E:\\xampp\\htdocs\\packult-web\\vendor\\symfony\\console\\Application.php(1015): Illuminate\\Console\\Command->run(Object(Symfony\\Component\\Console\\Input\\ArgvInput), Object(Symfony\\Component\\Console\\Output\\ConsoleOutput))
#26 E:\\xampp\\htdocs\\packult-web\\vendor\\symfony\\console\\Application.php(299): Symfony\\Component\\Console\\Application->doRunCommand(Object(Illuminate\\Foundation\\Console\\ModelMakeCommand), Object(Symfony\\Component\\Console\\Input\\ArgvInput), Object(Symfony\\Component\\Console\\Output\\ConsoleOutput))
#27 E:\\xampp\\htdocs\\packult-web\\vendor\\symfony\\console\\Application.php(171): Symfony\\Component\\Console\\Application->doRun(Object(Symfony\\Component\\Console\\Input\\ArgvInput), Object(Symfony\\Component\\Console\\Output\\ConsoleOutput))
#28 E:\\xampp\\htdocs\\packult-web\\vendor\\laravel\\framework\\src\\Illuminate\\Console\\Application.php(94): Symfony\\Component\\Console\\Application->run(Object(Symfony\\Component\\Console\\Input\\ArgvInput), Object(Symfony\\Component\\Console\\Output\\ConsoleOutput))
#29 E:\\xampp\\htdocs\\packult-web\\vendor\\laravel\\framework\\src\\Illuminate\\Foundation\\Console\\Kernel.php(129): Illuminate\\Console\\Application->run(Object(Symfony\\Component\\Console\\Input\\ArgvInput), Object(Symfony\\Component\\Console\\Output\\ConsoleOutput))
#30 E:\\xampp\\htdocs\\packult-web\\artisan(37): Illuminate\\Foundation\\Console\\Kernel->handle(Object(Symfony\\Component\\Console\\Input\\ArgvInput), Object(Symfony\\Component\\Console\\Output\\ConsoleOutput))
#31 {main}
"} 
[2022-05-20 15:20:30] local.ERROR: syntax error, unexpected '<<' (T_SL) {"exception":"[object] (ParseError(code: 0): syntax error, unexpected '<<' (T_SL) at E:\\xampp\\htdocs\\packult-web\\database\\migrations\\2022_05_10_120253_add_columns_to_vendors_table.php:35)
[stacktrace]
#0 E:\\xampp\\htdocs\\packult-web\\vendor\\laravel\\framework\\src\\Illuminate\\Filesystem\\Filesystem.php(133): Illuminate\\Filesystem\\Filesystem::Illuminate\\Filesystem\\{closure}()
#1 E:\\xampp\\htdocs\\packult-web\\vendor\\laravel\\framework\\src\\Illuminate\\Database\\Migrations\\MigrationCreator.php(97): Illuminate\\Filesystem\\Filesystem->requireOnce('E:\\\\xampp\\\\htdocs...')
#2 E:\\xampp\\htdocs\\packult-web\\vendor\\laravel\\framework\\src\\Illuminate\\Database\\Migrations\\MigrationCreator.php(59): Illuminate\\Database\\Migrations\\MigrationCreator->ensureMigrationDoesntAlreadyExist('create_vendor_d...', 'E:\\\\xampp\\\\htdocs...')
#3 E:\\xampp\\htdocs\\packult-web\\vendor\\laravel\\framework\\src\\Illuminate\\Database\\Console\\Migrations\\MigrateMakeCommand.php(110): Illuminate\\Database\\Migrations\\MigrationCreator->create('create_vendor_d...', 'E:\\\\xampp\\\\htdocs...', 'vendor_device', true)
#4 E:\\xampp\\htdocs\\packult-web\\vendor\\laravel\\framework\\src\\Illuminate\\Database\\Console\\Migrations\\MigrateMakeCommand.php(94): Illuminate\\Database\\Console\\Migrations\\MigrateMakeCommand->writeMigration('create_vendor_d...', 'vendor_device', true)
#5 E:\\xampp\\htdocs\\packult-web\\vendor\\laravel\\framework\\src\\Illuminate\\Container\\BoundMethod.php(36): Illuminate\\Database\\Console\\Migrations\\MigrateMakeCommand->handle()
#6 E:\\xampp\\htdocs\\packult-web\\vendor\\laravel\\framework\\src\\Illuminate\\Container\\Util.php(40): Illuminate\\Container\\BoundMethod::Illuminate\\Container\\{closure}()
#7 E:\\xampp\\htdocs\\packult-web\\vendor\\laravel\\framework\\src\\Illuminate\\Container\\BoundMethod.php(93): Illuminate\\Container\\Util::unwrapIfClosure(Object(Closure))
#8 E:\\xampp\\htdocs\\packult-web\\vendor\\laravel\\framework\\src\\Illuminate\\Container\\BoundMethod.php(37): Illuminate\\Container\\BoundMethod::callBoundMethod(Object(Illuminate\\Foundation\\Application), Array, Object(Closure))
#9 E:\\xampp\\htdocs\\packult-web\\vendor\\laravel\\framework\\src\\Illuminate\\Container\\Container.php(653): Illuminate\\Container\\BoundMethod::call(Object(Illuminate\\Foundation\\Application), Array, Array, NULL)
#10 E:\\xampp\\htdocs\\packult-web\\vendor\\laravel\\framework\\src\\Illuminate\\Console\\Command.php(136): Illuminate\\Container\\Container->call(Array)
#11 E:\\xampp\\htdocs\\packult-web\\vendor\\symfony\\console\\Command\\Command.php(298): Illuminate\\Console\\Command->execute(Object(Symfony\\Component\\Console\\Input\\ArgvInput), Object(Illuminate\\Console\\OutputStyle))
#12 E:\\xampp\\htdocs\\packult-web\\vendor\\laravel\\framework\\src\\Illuminate\\Console\\Command.php(121): Symfony\\Component\\Console\\Command\\Command->run(Object(Symfony\\Component\\Console\\Input\\ArgvInput), Object(Illuminate\\Console\\OutputStyle))
#13 E:\\xampp\\htdocs\\packult-web\\vendor\\symfony\\console\\Application.php(1015): Illuminate\\Console\\Command->run(Object(Symfony\\Component\\Console\\Input\\ArgvInput), Object(Symfony\\Component\\Console\\Output\\ConsoleOutput))
#14 E:\\xampp\\htdocs\\packult-web\\vendor\\symfony\\console\\Application.php(299): Symfony\\Component\\Console\\Application->doRunCommand(Object(Illuminate\\Database\\Console\\Migrations\\MigrateMakeCommand), Object(Symfony\\Component\\Console\\Input\\ArgvInput), Object(Symfony\\Component\\Console\\Output\\ConsoleOutput))
#15 E:\\xampp\\htdocs\\packult-web\\vendor\\symfony\\console\\Application.php(171): Symfony\\Component\\Console\\Application->doRun(Object(Symfony\\Component\\Console\\Input\\ArgvInput), Object(Symfony\\Component\\Console\\Output\\ConsoleOutput))
#16 E:\\xampp\\htdocs\\packult-web\\vendor\\laravel\\framework\\src\\Illuminate\\Console\\Application.php(94): Symfony\\Component\\Console\\Application->run(Object(Symfony\\Component\\Console\\Input\\ArgvInput), Object(Symfony\\Component\\Console\\Output\\ConsoleOutput))
#17 E:\\xampp\\htdocs\\packult-web\\vendor\\laravel\\framework\\src\\Illuminate\\Foundation\\Console\\Kernel.php(129): Illuminate\\Console\\Application->run(Object(Symfony\\Component\\Console\\Input\\ArgvInput), Object(Symfony\\Component\\Console\\Output\\ConsoleOutput))
#18 E:\\xampp\\htdocs\\packult-web\\artisan(37): Illuminate\\Foundation\\Console\\Kernel->handle(Object(Symfony\\Component\\Console\\Input\\ArgvInput), Object(Symfony\\Component\\Console\\Output\\ConsoleOutput))
#19 {main}
"} 
[2022-05-20 15:23:27] local.ERROR: rename(E:\xampp\htdocs\packult-web\bootstrap\cache\pac704D.tmp,E:\xampp\htdocs\packult-web\bootstrap\cache/packages.php): Access is denied. (code: 5) {"exception":"[object] (ErrorException(code: 0): rename(E:\\xampp\\htdocs\\packult-web\\bootstrap\\cache\\pac704D.tmp,E:\\xampp\\htdocs\\packult-web\\bootstrap\\cache/packages.php): Access is denied. (code: 5) at E:\\xampp\\htdocs\\packult-web\\vendor\\laravel\\framework\\src\\Illuminate\\Filesystem\\Filesystem.php:211)
[stacktrace]
#0 [internal function]: Illuminate\\Foundation\\Bootstrap\\HandleExceptions->handleError(2, 'rename(E:\\\\xampp...', 'E:\\\\xampp\\\\htdocs...', 211, Array)
#1 E:\\xampp\\htdocs\\packult-web\\vendor\\laravel\\framework\\src\\Illuminate\\Filesystem\\Filesystem.php(211): rename('E:\\\\xampp\\\\htdocs...', 'E:\\\\xampp\\\\htdocs...')
#2 E:\\xampp\\htdocs\\packult-web\\vendor\\laravel\\framework\\src\\Illuminate\\Foundation\\PackageManifest.php(181): Illuminate\\Filesystem\\Filesystem->replace('E:\\\\xampp\\\\htdocs...', '<?php return ar...')
#3 E:\\xampp\\htdocs\\packult-web\\vendor\\laravel\\framework\\src\\Illuminate\\Foundation\\PackageManifest.php(136): Illuminate\\Foundation\\PackageManifest->write(Array)
#4 E:\\xampp\\htdocs\\packult-web\\vendor\\laravel\\framework\\src\\Illuminate\\Foundation\\PackageManifest.php(106): Illuminate\\Foundation\\PackageManifest->build()
#5 E:\\xampp\\htdocs\\packult-web\\vendor\\laravel\\framework\\src\\Illuminate\\Foundation\\PackageManifest.php(89): Illuminate\\Foundation\\PackageManifest->getManifest()
#6 E:\\xampp\\htdocs\\packult-web\\vendor\\laravel\\framework\\src\\Illuminate\\Foundation\\PackageManifest.php(78): Illuminate\\Foundation\\PackageManifest->config('aliases')
#7 E:\\xampp\\htdocs\\packult-web\\vendor\\laravel\\framework\\src\\Illuminate\\Foundation\\Bootstrap\\RegisterFacades.php(26): Illuminate\\Foundation\\PackageManifest->aliases()
#8 E:\\xampp\\htdocs\\packult-web\\vendor\\laravel\\framework\\src\\Illuminate\\Foundation\\Application.php(237): Illuminate\\Foundation\\Bootstrap\\RegisterFacades->bootstrap(Object(Illuminate\\Foundation\\Application))
#9 E:\\xampp\\htdocs\\packult-web\\vendor\\laravel\\framework\\src\\Illuminate\\Foundation\\Console\\Kernel.php(310): Illuminate\\Foundation\\Application->bootstrapWith(Array)
#10 E:\\xampp\\htdocs\\packult-web\\vendor\\laravel\\framework\\src\\Illuminate\\Foundation\\Console\\Kernel.php(127): Illuminate\\Foundation\\Console\\Kernel->bootstrap()
#11 E:\\xampp\\htdocs\\packult-web\\artisan(37): Illuminate\\Foundation\\Console\\Kernel->handle(Object(Symfony\\Component\\Console\\Input\\ArgvInput), Object(Symfony\\Component\\Console\\Output\\ConsoleOutput))
#12 {main}
"} 
[2022-05-20 16:24:37] local.INFO: Initiating registeration process, starting at: 16:24:37:962518  
[2022-05-20 16:24:37] local.INFO: Vendor creation started!  
[2022-05-20 16:26:02] local.INFO: Initiating registeration process, starting at: 16:26:02:838022  
[2022-05-20 16:26:02] local.INFO: Vendor creation started!  
[2022-05-20 16:26:28] local.INFO: Initiating registeration process, starting at: 16:26:28:002844  
[2022-05-20 16:26:28] local.INFO: Vendor creation started!  
[2022-05-20 16:31:02] local.INFO: Initiating registeration process, starting at: 16:31:02:197665  
[2022-05-20 16:31:02] local.INFO: Vendor creation started!  
[2022-05-20 16:31:14] local.INFO: Initiating registeration process, starting at: 16:31:14:129370  
[2022-05-20 16:31:14] local.INFO: Vendor creation started!  
[2022-05-20 16:32:33] local.INFO: Initiating registeration process, starting at: 16:32:33:852938  
[2022-05-20 16:32:33] local.INFO: Vendor creation started!  
[2022-05-20 16:34:17] local.INFO: Initiating registeration process, starting at: 16:34:17:946385  
[2022-05-20 16:34:17] local.INFO: Vendor creation started!  
[2022-05-20 16:34:32] local.INFO: Initiating registeration process, starting at: 16:34:32:437940  
[2022-05-20 16:34:32] local.INFO: Vendor creation started!  
[2022-05-20 16:34:49] local.INFO: Initiating registeration process, starting at: 16:34:49:953955  
[2022-05-20 16:34:49] local.INFO: Vendor creation started!  
[2022-05-20 16:35:31] local.INFO: Initiating registeration process, starting at: 16:35:31:536579  
[2022-05-20 16:35:31] local.INFO: Vendor creation started!  
[2022-05-20 16:35:47] local.INFO: Forgot Password process, starting at: 16:35:47:378926  
[2022-05-20 16:36:02] local.INFO: Change Password process, starting at: 16:36:02:900913  
[2022-05-20 16:37:28] local.INFO: Logging in vendor, starting at: 16:37:28:747840  
[2022-05-20 16:37:36] local.INFO: OTP sending process starts, starting at: 16:37:36:873659  
[2022-05-20 16:37:36] local.INFO: OTP updated.  
[2022-05-20 16:37:37] local.INFO: OTP sent successfully to mobile number: 1212121212  
[2022-05-20 16:38:15] local.INFO: OTP verification process starts, starting at: 16:38:15:859803  
[2022-05-20 16:40:36] local.INFO: Initiating Version check, starting at: 16:40:36:386291  
[2022-05-20 16:40:36] local.INFO: Version Check started!  
[2022-05-20 16:52:39] local.INFO: Initiating registeration process, starting at: 16:52:39:005298  
[2022-05-20 16:52:39] local.INFO: Vendor creation started!  
[2022-05-20 16:52:52] local.INFO: Forgot Password process, starting at: 16:52:52:824804  
[2022-05-20 16:53:13] local.INFO: Change Password process, starting at: 16:53:13:344897  
[2022-05-20 16:53:28] local.INFO: Logging in vendor, starting at: 16:53:28:816586  
[2022-05-20 16:54:16] local.INFO: OTP sending process starts, starting at: 16:54:16:583899  
[2022-05-20 16:54:16] local.INFO: OTP updated.  
[2022-05-20 16:54:16] local.INFO: OTP sent successfully to mobile number: 1212121212  
[2022-05-20 16:54:44] local.INFO: OTP verification process starts, starting at: 16:54:44:469306  
[2022-05-20 17:08:27] local.INFO: Initiating registeration process, starting at: 17:08:27:760404  
[2022-05-20 17:08:27] local.INFO: Vendor creation started!  
[2022-05-20 17:08:36] local.INFO: Forgot Password process, starting at: 17:08:36:397306  
[2022-05-20 17:08:43] local.INFO: Change Password process, starting at: 17:08:43:342322  
[2022-05-20 17:08:53] local.INFO: Logging in vendor, starting at: 17:08:53:991248  
[2022-05-20 17:09:02] local.INFO: OTP sending process starts, starting at: 17:09:02:278563  
[2022-05-20 17:09:02] local.INFO: OTP updated.  
[2022-05-20 17:09:02] local.INFO: OTP sent successfully to mobile number: 1212121212  
[2022-05-20 17:09:08] local.INFO: OTP verification process starts, starting at: 17:09:08:400337  
[2022-05-20 17:10:25] local.INFO: Initiating Version check, starting at: 17:10:25:965716  
[2022-05-20 17:10:25] local.INFO: Version Check started!  
[2022-05-20 18:19:36] local.INFO: Logging in vendor, starting at: 18:19:36:481607  
[2022-05-20 18:19:47] local.INFO: Logging in vendor, starting at: 18:19:47:041846  
[2022-05-20 18:20:31] local.INFO: Logging in vendor, starting at: 18:20:31:191221  
[2022-05-20 18:20:48] local.INFO: Logging in vendor, starting at: 18:20:48:701969  
[2022-05-20 18:27:20] local.INFO: Change Password process, starting at: 18:27:20:810446  
[2022-05-20 18:27:26] local.INFO: Change Password process, starting at: 18:27:26:341403  
[2022-05-20 18:27:31] local.INFO: Change Password process, starting at: 18:27:31:724108  
[2022-05-20 18:27:37] local.INFO: Change Password process, starting at: 18:27:37:894699  
[2022-05-20 18:27:37] local.ERROR: Call to a member function where() on int {"exception":"[object] (Error(code: 0): Call to a member function where() on int at E:\\xampp\\htdocs\\packult-web\\app\\Http\\Controllers\\vendorapi\\ChangePasswordController.php:59)
[stacktrace]
#0 E:\\xampp\\htdocs\\packult-web\\vendor\\laravel\\framework\\src\\Illuminate\\Routing\\Controller.php(54): App\\Http\\Controllers\\vendorapi\\ChangePasswordController->index(Object(Illuminate\\Http\\Request))
#1 E:\\xampp\\htdocs\\packult-web\\vendor\\laravel\\framework\\src\\Illuminate\\Routing\\ControllerDispatcher.php(45): Illuminate\\Routing\\Controller->callAction('index', Array)
#2 E:\\xampp\\htdocs\\packult-web\\vendor\\laravel\\framework\\src\\Illuminate\\Routing\\Route.php(262): Illuminate\\Routing\\ControllerDispatcher->dispatch(Object(Illuminate\\Routing\\Route), Object(App\\Http\\Controllers\\vendorapi\\ChangePasswordController), 'index')
#3 E:\\xampp\\htdocs\\packult-web\\vendor\\laravel\\framework\\src\\Illuminate\\Routing\\Route.php(205): Illuminate\\Routing\\Route->runController()
#4 E:\\xampp\\htdocs\\packult-web\\vendor\\laravel\\framework\\src\\Illuminate\\Routing\\Router.php(721): Illuminate\\Routing\\Route->run()
#5 E:\\xampp\\htdocs\\packult-web\\vendor\\laravel\\framework\\src\\Illuminate\\Pipeline\\Pipeline.php(128): Illuminate\\Routing\\Router->Illuminate\\Routing\\{closure}(Object(Illuminate\\Http\\Request))
#6 E:\\xampp\\htdocs\\packult-web\\app\\Http\\Middleware\\VendorTokenAuth.php(46): Illuminate\\Pipeline\\Pipeline->Illuminate\\Pipeline\\{closure}(Object(Illuminate\\Http\\Request))
#7 E:\\xampp\\htdocs\\packult-web\\vendor\\laravel\\framework\\src\\Illuminate\\Pipeline\\Pipeline.php(167): App\\Http\\Middleware\\VendorTokenAuth->handle(Object(Illuminate\\Http\\Request), Object(Closure))
#8 E:\\xampp\\htdocs\\packult-web\\app\\Http\\Middleware\\VendorBasicAuth.php(74): Illuminate\\Pipeline\\Pipeline->Illuminate\\Pipeline\\{closure}(Object(Illuminate\\Http\\Request))
#9 E:\\xampp\\htdocs\\packult-web\\vendor\\laravel\\framework\\src\\Illuminate\\Pipeline\\Pipeline.php(167): App\\Http\\Middleware\\VendorBasicAuth->handle(Object(Illuminate\\Http\\Request), Object(Closure))
#10 E:\\xampp\\htdocs\\packult-web\\vendor\\laravel\\framework\\src\\Illuminate\\Routing\\Middleware\\SubstituteBindings.php(50): Illuminate\\Pipeline\\Pipeline->Illuminate\\Pipeline\\{closure}(Object(Illuminate\\Http\\Request))
#11 E:\\xampp\\htdocs\\packult-web\\vendor\\laravel\\framework\\src\\Illuminate\\Pipeline\\Pipeline.php(167): Illuminate\\Routing\\Middleware\\SubstituteBindings->handle(Object(Illuminate\\Http\\Request), Object(Closure))
#12 E:\\xampp\\htdocs\\packult-web\\vendor\\laravel\\framework\\src\\Illuminate\\Routing\\Middleware\\ThrottleRequests.php(127): Illuminate\\Pipeline\\Pipeline->Illuminate\\Pipeline\\{closure}(Object(Illuminate\\Http\\Request))
#13 E:\\xampp\\htdocs\\packult-web\\vendor\\laravel\\framework\\src\\Illuminate\\Routing\\Middleware\\ThrottleRequests.php(103): Illuminate\\Routing\\Middleware\\ThrottleRequests->handleRequest(Object(Illuminate\\Http\\Request), Object(Closure), Array)
#14 E:\\xampp\\htdocs\\packult-web\\vendor\\laravel\\framework\\src\\Illuminate\\Routing\\Middleware\\ThrottleRequests.php(55): Illuminate\\Routing\\Middleware\\ThrottleRequests->handleRequestUsingNamedLimiter(Object(Illuminate\\Http\\Request), Object(Closure), 'api', Object(Closure))
#15 E:\\xampp\\htdocs\\packult-web\\vendor\\laravel\\framework\\src\\Illuminate\\Pipeline\\Pipeline.php(167): Illuminate\\Routing\\Middleware\\ThrottleRequests->handle(Object(Illuminate\\Http\\Request), Object(Closure), 'api')
#16 E:\\xampp\\htdocs\\packult-web\\vendor\\laravel\\framework\\src\\Illuminate\\Pipeline\\Pipeline.php(103): Illuminate\\Pipeline\\Pipeline->Illuminate\\Pipeline\\{closure}(Object(Illuminate\\Http\\Request))
#17 E:\\xampp\\htdocs\\packult-web\\vendor\\laravel\\framework\\src\\Illuminate\\Routing\\Router.php(723): Illuminate\\Pipeline\\Pipeline->then(Object(Closure))
#18 E:\\xampp\\htdocs\\packult-web\\vendor\\laravel\\framework\\src\\Illuminate\\Routing\\Router.php(698): Illuminate\\Routing\\Router->runRouteWithinStack(Object(Illuminate\\Routing\\Route), Object(Illuminate\\Http\\Request))
#19 E:\\xampp\\htdocs\\packult-web\\vendor\\laravel\\framework\\src\\Illuminate\\Routing\\Router.php(662): Illuminate\\Routing\\Router->runRoute(Object(Illuminate\\Http\\Request), Object(Illuminate\\Routing\\Route))
#20 E:\\xampp\\htdocs\\packult-web\\vendor\\laravel\\framework\\src\\Illuminate\\Routing\\Router.php(651): Illuminate\\Routing\\Router->dispatchToRoute(Object(Illuminate\\Http\\Request))
#21 E:\\xampp\\htdocs\\packult-web\\vendor\\laravel\\framework\\src\\Illuminate\\Foundation\\Http\\Kernel.php(167): Illuminate\\Routing\\Router->dispatch(Object(Illuminate\\Http\\Request))
#22 E:\\xampp\\htdocs\\packult-web\\vendor\\laravel\\framework\\src\\Illuminate\\Pipeline\\Pipeline.php(128): Illuminate\\Foundation\\Http\\Kernel->Illuminate\\Foundation\\Http\\{closure}(Object(Illuminate\\Http\\Request))
#23 E:\\xampp\\htdocs\\packult-web\\vendor\\laravel\\framework\\src\\Illuminate\\Foundation\\Http\\Middleware\\TransformsRequest.php(21): Illuminate\\Pipeline\\Pipeline->Illuminate\\Pipeline\\{closure}(Object(Illuminate\\Http\\Request))
#24 E:\\xampp\\htdocs\\packult-web\\vendor\\laravel\\framework\\src\\Illuminate\\Foundation\\Http\\Middleware\\ConvertEmptyStringsToNull.php(31): Illuminate\\Foundation\\Http\\Middleware\\TransformsRequest->handle(Object(Illuminate\\Http\\Request), Object(Closure))
#25 E:\\xampp\\htdocs\\packult-web\\vendor\\laravel\\framework\\src\\Illuminate\\Pipeline\\Pipeline.php(167): Illuminate\\Foundation\\Http\\Middleware\\ConvertEmptyStringsToNull->handle(Object(Illuminate\\Http\\Request), Object(Closure))
#26 E:\\xampp\\htdocs\\packult-web\\vendor\\laravel\\framework\\src\\Illuminate\\Foundation\\Http\\Middleware\\TransformsRequest.php(21): Illuminate\\Pipeline\\Pipeline->Illuminate\\Pipeline\\{closure}(Object(Illuminate\\Http\\Request))
#27 E:\\xampp\\htdocs\\packult-web\\vendor\\laravel\\framework\\src\\Illuminate\\Foundation\\Http\\Middleware\\TrimStrings.php(40): Illuminate\\Foundation\\Http\\Middleware\\TransformsRequest->handle(Object(Illuminate\\Http\\Request), Object(Closure))
#28 E:\\xampp\\htdocs\\packult-web\\vendor\\laravel\\framework\\src\\Illuminate\\Pipeline\\Pipeline.php(167): Illuminate\\Foundation\\Http\\Middleware\\TrimStrings->handle(Object(Illuminate\\Http\\Request), Object(Closure))
#29 E:\\xampp\\htdocs\\packult-web\\vendor\\laravel\\framework\\src\\Illuminate\\Foundation\\Http\\Middleware\\ValidatePostSize.php(27): Illuminate\\Pipeline\\Pipeline->Illuminate\\Pipeline\\{closure}(Object(Illuminate\\Http\\Request))
#30 E:\\xampp\\htdocs\\packult-web\\vendor\\laravel\\framework\\src\\Illuminate\\Pipeline\\Pipeline.php(167): Illuminate\\Foundation\\Http\\Middleware\\ValidatePostSize->handle(Object(Illuminate\\Http\\Request), Object(Closure))
#31 E:\\xampp\\htdocs\\packult-web\\vendor\\laravel\\framework\\src\\Illuminate\\Foundation\\Http\\Middleware\\PreventRequestsDuringMaintenance.php(86): Illuminate\\Pipeline\\Pipeline->Illuminate\\Pipeline\\{closure}(Object(Illuminate\\Http\\Request))
#32 E:\\xampp\\htdocs\\packult-web\\vendor\\laravel\\framework\\src\\Illuminate\\Pipeline\\Pipeline.php(167): Illuminate\\Foundation\\Http\\Middleware\\PreventRequestsDuringMaintenance->handle(Object(Illuminate\\Http\\Request), Object(Closure))
#33 E:\\xampp\\htdocs\\packult-web\\vendor\\fruitcake\\laravel-cors\\src\\HandleCors.php(38): Illuminate\\Pipeline\\Pipeline->Illuminate\\Pipeline\\{closure}(Object(Illuminate\\Http\\Request))
#34 E:\\xampp\\htdocs\\packult-web\\vendor\\laravel\\framework\\src\\Illuminate\\Pipeline\\Pipeline.php(167): Fruitcake\\Cors\\HandleCors->handle(Object(Illuminate\\Http\\Request), Object(Closure))
#35 E:\\xampp\\htdocs\\packult-web\\vendor\\fideloper\\proxy\\src\\TrustProxies.php(57): Illuminate\\Pipeline\\Pipeline->Illuminate\\Pipeline\\{closure}(Object(Illuminate\\Http\\Request))
#36 E:\\xampp\\htdocs\\packult-web\\vendor\\laravel\\framework\\src\\Illuminate\\Pipeline\\Pipeline.php(167): Fideloper\\Proxy\\TrustProxies->handle(Object(Illuminate\\Http\\Request), Object(Closure))
#37 E:\\xampp\\htdocs\\packult-web\\vendor\\laravel\\framework\\src\\Illuminate\\Pipeline\\Pipeline.php(103): Illuminate\\Pipeline\\Pipeline->Illuminate\\Pipeline\\{closure}(Object(Illuminate\\Http\\Request))
#38 E:\\xampp\\htdocs\\packult-web\\vendor\\laravel\\framework\\src\\Illuminate\\Foundation\\Http\\Kernel.php(142): Illuminate\\Pipeline\\Pipeline->then(Object(Closure))
#39 E:\\xampp\\htdocs\\packult-web\\vendor\\laravel\\framework\\src\\Illuminate\\Foundation\\Http\\Kernel.php(111): Illuminate\\Foundation\\Http\\Kernel->sendRequestThroughRouter(Object(Illuminate\\Http\\Request))
#40 E:\\xampp\\htdocs\\packult-web\\public\\index.php(52): Illuminate\\Foundation\\Http\\Kernel->handle(Object(Illuminate\\Http\\Request))
#41 E:\\xampp\\htdocs\\packult-web\\index.php(21): require_once('E:\\\\xampp\\\\htdocs...')
#42 {main}
"} 
[2022-05-20 18:28:55] local.INFO: Change Password process, starting at: 18:28:55:415171  
[2022-05-20 18:29:10] local.INFO: Change Password process, starting at: 18:29:10:646755  
[2022-05-20 18:29:10] local.ERROR: Call to a member function where() on int {"exception":"[object] (Error(code: 0): Call to a member function where() on int at E:\\xampp\\htdocs\\packult-web\\app\\Http\\Controllers\\vendorapi\\ChangePasswordController.php:58)
[stacktrace]
#0 E:\\xampp\\htdocs\\packult-web\\vendor\\laravel\\framework\\src\\Illuminate\\Routing\\Controller.php(54): App\\Http\\Controllers\\vendorapi\\ChangePasswordController->index(Object(Illuminate\\Http\\Request))
#1 E:\\xampp\\htdocs\\packult-web\\vendor\\laravel\\framework\\src\\Illuminate\\Routing\\ControllerDispatcher.php(45): Illuminate\\Routing\\Controller->callAction('index', Array)
#2 E:\\xampp\\htdocs\\packult-web\\vendor\\laravel\\framework\\src\\Illuminate\\Routing\\Route.php(262): Illuminate\\Routing\\ControllerDispatcher->dispatch(Object(Illuminate\\Routing\\Route), Object(App\\Http\\Controllers\\vendorapi\\ChangePasswordController), 'index')
#3 E:\\xampp\\htdocs\\packult-web\\vendor\\laravel\\framework\\src\\Illuminate\\Routing\\Route.php(205): Illuminate\\Routing\\Route->runController()
#4 E:\\xampp\\htdocs\\packult-web\\vendor\\laravel\\framework\\src\\Illuminate\\Routing\\Router.php(721): Illuminate\\Routing\\Route->run()
#5 E:\\xampp\\htdocs\\packult-web\\vendor\\laravel\\framework\\src\\Illuminate\\Pipeline\\Pipeline.php(128): Illuminate\\Routing\\Router->Illuminate\\Routing\\{closure}(Object(Illuminate\\Http\\Request))
#6 E:\\xampp\\htdocs\\packult-web\\app\\Http\\Middleware\\VendorTokenAuth.php(46): Illuminate\\Pipeline\\Pipeline->Illuminate\\Pipeline\\{closure}(Object(Illuminate\\Http\\Request))
#7 E:\\xampp\\htdocs\\packult-web\\vendor\\laravel\\framework\\src\\Illuminate\\Pipeline\\Pipeline.php(167): App\\Http\\Middleware\\VendorTokenAuth->handle(Object(Illuminate\\Http\\Request), Object(Closure))
#8 E:\\xampp\\htdocs\\packult-web\\app\\Http\\Middleware\\VendorBasicAuth.php(74): Illuminate\\Pipeline\\Pipeline->Illuminate\\Pipeline\\{closure}(Object(Illuminate\\Http\\Request))
#9 E:\\xampp\\htdocs\\packult-web\\vendor\\laravel\\framework\\src\\Illuminate\\Pipeline\\Pipeline.php(167): App\\Http\\Middleware\\VendorBasicAuth->handle(Object(Illuminate\\Http\\Request), Object(Closure))
#10 E:\\xampp\\htdocs\\packult-web\\vendor\\laravel\\framework\\src\\Illuminate\\Routing\\Middleware\\SubstituteBindings.php(50): Illuminate\\Pipeline\\Pipeline->Illuminate\\Pipeline\\{closure}(Object(Illuminate\\Http\\Request))
#11 E:\\xampp\\htdocs\\packult-web\\vendor\\laravel\\framework\\src\\Illuminate\\Pipeline\\Pipeline.php(167): Illuminate\\Routing\\Middleware\\SubstituteBindings->handle(Object(Illuminate\\Http\\Request), Object(Closure))
#12 E:\\xampp\\htdocs\\packult-web\\vendor\\laravel\\framework\\src\\Illuminate\\Routing\\Middleware\\ThrottleRequests.php(127): Illuminate\\Pipeline\\Pipeline->Illuminate\\Pipeline\\{closure}(Object(Illuminate\\Http\\Request))
#13 E:\\xampp\\htdocs\\packult-web\\vendor\\laravel\\framework\\src\\Illuminate\\Routing\\Middleware\\ThrottleRequests.php(103): Illuminate\\Routing\\Middleware\\ThrottleRequests->handleRequest(Object(Illuminate\\Http\\Request), Object(Closure), Array)
#14 E:\\xampp\\htdocs\\packult-web\\vendor\\laravel\\framework\\src\\Illuminate\\Routing\\Middleware\\ThrottleRequests.php(55): Illuminate\\Routing\\Middleware\\ThrottleRequests->handleRequestUsingNamedLimiter(Object(Illuminate\\Http\\Request), Object(Closure), 'api', Object(Closure))
#15 E:\\xampp\\htdocs\\packult-web\\vendor\\laravel\\framework\\src\\Illuminate\\Pipeline\\Pipeline.php(167): Illuminate\\Routing\\Middleware\\ThrottleRequests->handle(Object(Illuminate\\Http\\Request), Object(Closure), 'api')
#16 E:\\xampp\\htdocs\\packult-web\\vendor\\laravel\\framework\\src\\Illuminate\\Pipeline\\Pipeline.php(103): Illuminate\\Pipeline\\Pipeline->Illuminate\\Pipeline\\{closure}(Object(Illuminate\\Http\\Request))
#17 E:\\xampp\\htdocs\\packult-web\\vendor\\laravel\\framework\\src\\Illuminate\\Routing\\Router.php(723): Illuminate\\Pipeline\\Pipeline->then(Object(Closure))
#18 E:\\xampp\\htdocs\\packult-web\\vendor\\laravel\\framework\\src\\Illuminate\\Routing\\Router.php(698): Illuminate\\Routing\\Router->runRouteWithinStack(Object(Illuminate\\Routing\\Route), Object(Illuminate\\Http\\Request))
#19 E:\\xampp\\htdocs\\packult-web\\vendor\\laravel\\framework\\src\\Illuminate\\Routing\\Router.php(662): Illuminate\\Routing\\Router->runRoute(Object(Illuminate\\Http\\Request), Object(Illuminate\\Routing\\Route))
#20 E:\\xampp\\htdocs\\packult-web\\vendor\\laravel\\framework\\src\\Illuminate\\Routing\\Router.php(651): Illuminate\\Routing\\Router->dispatchToRoute(Object(Illuminate\\Http\\Request))
#21 E:\\xampp\\htdocs\\packult-web\\vendor\\laravel\\framework\\src\\Illuminate\\Foundation\\Http\\Kernel.php(167): Illuminate\\Routing\\Router->dispatch(Object(Illuminate\\Http\\Request))
#22 E:\\xampp\\htdocs\\packult-web\\vendor\\laravel\\framework\\src\\Illuminate\\Pipeline\\Pipeline.php(128): Illuminate\\Foundation\\Http\\Kernel->Illuminate\\Foundation\\Http\\{closure}(Object(Illuminate\\Http\\Request))
#23 E:\\xampp\\htdocs\\packult-web\\vendor\\laravel\\framework\\src\\Illuminate\\Foundation\\Http\\Middleware\\TransformsRequest.php(21): Illuminate\\Pipeline\\Pipeline->Illuminate\\Pipeline\\{closure}(Object(Illuminate\\Http\\Request))
#24 E:\\xampp\\htdocs\\packult-web\\vendor\\laravel\\framework\\src\\Illuminate\\Foundation\\Http\\Middleware\\ConvertEmptyStringsToNull.php(31): Illuminate\\Foundation\\Http\\Middleware\\TransformsRequest->handle(Object(Illuminate\\Http\\Request), Object(Closure))
#25 E:\\xampp\\htdocs\\packult-web\\vendor\\laravel\\framework\\src\\Illuminate\\Pipeline\\Pipeline.php(167): Illuminate\\Foundation\\Http\\Middleware\\ConvertEmptyStringsToNull->handle(Object(Illuminate\\Http\\Request), Object(Closure))
#26 E:\\xampp\\htdocs\\packult-web\\vendor\\laravel\\framework\\src\\Illuminate\\Foundation\\Http\\Middleware\\TransformsRequest.php(21): Illuminate\\Pipeline\\Pipeline->Illuminate\\Pipeline\\{closure}(Object(Illuminate\\Http\\Request))
#27 E:\\xampp\\htdocs\\packult-web\\vendor\\laravel\\framework\\src\\Illuminate\\Foundation\\Http\\Middleware\\TrimStrings.php(40): Illuminate\\Foundation\\Http\\Middleware\\TransformsRequest->handle(Object(Illuminate\\Http\\Request), Object(Closure))
#28 E:\\xampp\\htdocs\\packult-web\\vendor\\laravel\\framework\\src\\Illuminate\\Pipeline\\Pipeline.php(167): Illuminate\\Foundation\\Http\\Middleware\\TrimStrings->handle(Object(Illuminate\\Http\\Request), Object(Closure))
#29 E:\\xampp\\htdocs\\packult-web\\vendor\\laravel\\framework\\src\\Illuminate\\Foundation\\Http\\Middleware\\ValidatePostSize.php(27): Illuminate\\Pipeline\\Pipeline->Illuminate\\Pipeline\\{closure}(Object(Illuminate\\Http\\Request))
#30 E:\\xampp\\htdocs\\packult-web\\vendor\\laravel\\framework\\src\\Illuminate\\Pipeline\\Pipeline.php(167): Illuminate\\Foundation\\Http\\Middleware\\ValidatePostSize->handle(Object(Illuminate\\Http\\Request), Object(Closure))
#31 E:\\xampp\\htdocs\\packult-web\\vendor\\laravel\\framework\\src\\Illuminate\\Foundation\\Http\\Middleware\\PreventRequestsDuringMaintenance.php(86): Illuminate\\Pipeline\\Pipeline->Illuminate\\Pipeline\\{closure}(Object(Illuminate\\Http\\Request))
#32 E:\\xampp\\htdocs\\packult-web\\vendor\\laravel\\framework\\src\\Illuminate\\Pipeline\\Pipeline.php(167): Illuminate\\Foundation\\Http\\Middleware\\PreventRequestsDuringMaintenance->handle(Object(Illuminate\\Http\\Request), Object(Closure))
#33 E:\\xampp\\htdocs\\packult-web\\vendor\\fruitcake\\laravel-cors\\src\\HandleCors.php(38): Illuminate\\Pipeline\\Pipeline->Illuminate\\Pipeline\\{closure}(Object(Illuminate\\Http\\Request))
#34 E:\\xampp\\htdocs\\packult-web\\vendor\\laravel\\framework\\src\\Illuminate\\Pipeline\\Pipeline.php(167): Fruitcake\\Cors\\HandleCors->handle(Object(Illuminate\\Http\\Request), Object(Closure))
#35 E:\\xampp\\htdocs\\packult-web\\vendor\\fideloper\\proxy\\src\\TrustProxies.php(57): Illuminate\\Pipeline\\Pipeline->Illuminate\\Pipeline\\{closure}(Object(Illuminate\\Http\\Request))
#36 E:\\xampp\\htdocs\\packult-web\\vendor\\laravel\\framework\\src\\Illuminate\\Pipeline\\Pipeline.php(167): Fideloper\\Proxy\\TrustProxies->handle(Object(Illuminate\\Http\\Request), Object(Closure))
#37 E:\\xampp\\htdocs\\packult-web\\vendor\\laravel\\framework\\src\\Illuminate\\Pipeline\\Pipeline.php(103): Illuminate\\Pipeline\\Pipeline->Illuminate\\Pipeline\\{closure}(Object(Illuminate\\Http\\Request))
#38 E:\\xampp\\htdocs\\packult-web\\vendor\\laravel\\framework\\src\\Illuminate\\Foundation\\Http\\Kernel.php(142): Illuminate\\Pipeline\\Pipeline->then(Object(Closure))
#39 E:\\xampp\\htdocs\\packult-web\\vendor\\laravel\\framework\\src\\Illuminate\\Foundation\\Http\\Kernel.php(111): Illuminate\\Foundation\\Http\\Kernel->sendRequestThroughRouter(Object(Illuminate\\Http\\Request))
#40 E:\\xampp\\htdocs\\packult-web\\public\\index.php(52): Illuminate\\Foundation\\Http\\Kernel->handle(Object(Illuminate\\Http\\Request))
#41 E:\\xampp\\htdocs\\packult-web\\index.php(21): require_once('E:\\\\xampp\\\\htdocs...')
#42 {main}
"} 
[2022-05-20 18:30:22] local.INFO: Change Password process, starting at: 18:30:22:679305  
[2022-05-20 18:30:31] local.INFO: Change Password process, starting at: 18:30:31:722326  
[2022-05-20 18:31:08] local.INFO: Change Password process, starting at: 18:31:08:349806  
[2022-05-20 18:31:15] local.INFO: Change Password process, starting at: 18:31:15:078522  
[2022-05-20 18:31:58] local.INFO: Change Password process, starting at: 18:31:58:618548  
[2022-05-20 18:34:09] local.INFO: Change Password process, starting at: 18:34:09:533293  
[2022-05-20 18:34:15] local.INFO: Change Password process, starting at: 18:34:15:755189  
[2022-05-20 18:41:40] local.INFO: Change Password process, starting at: 18:41:40:348702  
[2022-05-20 18:42:57] local.INFO: Logging in vendor, starting at: 18:42:57:930898  
[2022-05-20 18:43:08] local.INFO: Logging in vendor, starting at: 18:43:08:217219  
